t		E		Ek		V		T		P
0		-74.313874		29.450720		-103.764594		100.000000		0.000000
0.010000		-74.313875		29.376203		-103.690078		87.284999		0.000000
0.020000		-74.313877		29.150837		-103.464714		86.615373		0.000000
0.030000		-74.313880		28.773044		-103.086924		85.492843		0.000000
0.040000		-74.313883		28.240955		-102.554838		83.911856		0.000000
0.050000		-74.313885		27.553777		-101.867662		81.870058		0.000000
0.060000		-74.313884		26.713650		-101.027534		79.373802		0.000000
0.070000		-74.313878		25.727890		-100.041768		76.444829		0.000000
0.080000		-74.313866		24.611393		-98.925259		73.127404		0.000000
0.090000		-74.313847		23.388764		-97.702611		69.494627		0.000000
0.100000		-74.313820		22.095534		-96.409354		65.652074		0.000000
0.110000		-74.313788		20.777759		-95.091547		61.736594		0.000000
0.120000		-74.313753		19.489391		-93.803144		57.908487		0.000000
0.130000		-74.313720		18.287269		-92.600989		54.336644		0.000000
0.140000		-74.313694		17.224339		-91.538033		51.178378		0.000000
0.150000		-74.313679		16.342441		-90.656120		48.558010		0.000000
0.160000		-74.313676		15.666450		-89.980126		46.549450		0.000000
0.170000		-74.313685		15.201295		-89.514980		45.167342		0.000000
0.180000		-74.313705		14.932521		-89.246226		44.368740		0.000000
0.190000		-74.313730		14.829987		-89.143717		44.064082		0.000000
0.200000		-74.313758		14.853485		-89.167243		44.133901		0.000000
0.210000		-74.313784		14.958895		-89.272679		44.447104		0.000000
0.220000		-74.313805		15.103760		-89.417565		44.877538		0.000000
0.230000		-74.313821		15.251692		-89.565514		45.317088		0.000000
0.240000		-74.313830		15.375422		-89.689252		45.684722		0.000000
0.250000		-74.313831		15.458485		-89.772316		45.931527		0.000000
0.260000		-74.313826		15.495578		-89.809404		46.041741		0.000000
0.270000		-74.313816		15.491521		-89.805337		46.029687		0.000000
0.280000		-74.313803		15.458842		-89.772645		45.932588		0.000000
0.290000		-74.313790		15.414208		-89.727998		45.799968		0.000000
0.300000		-74.313780		15.374292		-89.688072		45.681366		0.000000
0.310000		-74.313774		15.352000		-89.665774		45.615130		0.000000
0.320000		-74.313772		15.354000		-89.667773		45.621073		0.000000
0.330000		-74.313774		15.380133		-89.693908		45.698721		0.000000
0.340000		-74.313779		15.424613		-89.738392		45.830884		0.000000
0.350000		-74.313783		15.478347		-89.792130		45.990542		0.000000
0.360000		-74.313787		15.531453		-89.845240		46.148334		0.000000
0.370000		-74.313789		15.575239		-89.889028		46.278435		0.000000
0.380000		-74.313790		15.603293		-89.917083		46.361792		0.000000
0.390000		-74.313789		15.611723		-89.925512		46.386841		0.000000
0.400000		-74.313787		15.598821		-89.912608		46.348504		0.000000
0.410000		-74.313785		15.564457		-89.878242		46.246399		0.000000
0.420000		-74.313782		15.509463		-89.823245		46.082996		0.000000
0.430000		-74.313780		15.435139		-89.748919		45.862159		0.000000
0.440000		-74.313778		15.342942		-89.656720		45.588217		0.000000
0.450000		-74.313776		15.234335		-89.548111		45.265513		0.000000
0.460000		-74.313774		15.110747		-89.424521		44.898298		0.000000
0.470000		-74.313773		14.973608		-89.287381		44.490821		0.000000
0.480000		-74.313771		14.824394		-89.138165		44.047463		0.000000
0.490000		-74.313769		14.664653		-88.978423		43.572829		0.000000
0.500000		-74.313768		14.496013		-88.809781		43.071751		0.000000
0.510000		-74.313766		14.320140		-88.633906		42.549183		0.000000
0.520000		-74.313765		14.138682		-88.452447		42.010019		0.000000
0.530000		-74.313764		13.953193		-88.266957		41.458879		0.000000
0.540000		-74.313763		13.765066		-88.078829		40.899901		0.000000
0.550000		-74.313762		13.575483		-87.889245		40.336597		0.000000
0.560000		-74.313761		13.385396		-87.699157		39.771795		0.000000
0.570000		-74.313761		13.195541		-87.509302		39.207682		0.000000
0.580000		-74.313760		13.006485		-87.320245		38.645943		0.000000
0.590000		-74.313760		12.818698		-87.132457		38.087973		0.000000
0.600000		-74.313759		12.632636		-86.946395		37.535130		0.000000
0.610000		-74.313759		12.448831		-86.762590		36.988996		0.000000
0.620000		-74.313758		12.267965		-86.581723		36.451589		0.000000
0.630000		-74.313757		12.090913		-86.404671		35.925520		0.000000
0.640000		-74.313757		11.918769		-86.232525		35.414030		0.000000
0.650000		-74.313756		11.752811		-86.066567		34.920923		0.000000
0.660000		-74.313755		11.594445		-85.908200		34.450373		0.000000
0.670000		-74.313754		11.445108		-85.758862		34.006651		0.000000
0.680000		-74.313753		11.306159		-85.619912		33.593794		0.000000
0.690000		-74.313752		11.178775		-85.492527		33.215299		0.000000
0.700000		-74.313752		11.063870		-85.377622		32.873884		0.000000
0.710000		-74.313751		10.962057		-85.275809		32.571369		0.000000
0.720000		-74.313751		10.873653		-85.187405		32.308697		0.000000
0.730000		-74.313751		10.798724		-85.112475		32.086060		0.000000
0.740000		-74.313751		10.737151		-85.050903		31.903110		0.000000
0.750000		-74.313752		10.688708		-85.002459		31.759171		0.000000
0.760000		-74.313752		10.653111		-84.966863		31.653404		0.000000
0.770000		-74.313752		10.630052		-84.943804		31.584889		0.000000
0.780000		-74.313752		10.619186		-84.932938		31.552603		0.000000
0.790000		-74.313752		10.620099		-84.933852		31.555316		0.000000
0.800000		-74.313753		10.632251		-84.946004		31.591423		0.000000
0.810000		-74.313753		10.654917		-84.968671		31.658770		0.000000
0.820000		-74.313754		10.687131		-85.000884		31.754484		0.000000
0.830000		-74.313755		10.727640		-85.041395		31.874849		0.000000
0.840000		-74.313756		10.774885		-85.088641		32.015229		0.000000
0.850000		-74.313757		10.826987		-85.140745		32.170038		0.000000
0.860000		-74.313759		10.881751		-85.195510		32.332756		0.000000
0.870000		-74.313761		10.936684		-85.250445		32.495977		0.000000
0.880000		-74.313763		10.989023		-85.302786		32.651493		0.000000
0.890000		-74.313765		11.035779		-85.349544		32.790418		0.000000
0.900000		-74.313768		11.073793		-85.387560		32.903367		0.000000
0.910000		-74.313770		11.099826		-85.413595		32.980718		0.000000
0.920000		-74.313772		11.110674		-85.424446		33.012952		0.000000
0.930000		-74.313774		11.103327		-85.417101		32.991122		0.000000
0.940000		-74.313776		11.075156		-85.388932		32.907417		0.000000
0.950000		-74.313777		11.024142		-85.337920		32.755841		0.000000
0.960000		-74.313778		10.949127		-85.262905		32.532951		0.000000
0.970000		-74.313778		10.850066		-85.163844		32.238612		0.000000
0.980000		-74.313777		10.728261		-85.042038		31.876695		0.000000
0.990000		-74.313775		10.586546		-84.900321		31.455620		0.000000
1.000000		-74.313771		10.429380		-84.743151		30.988634		0.000000
1.010000		-74.313767		10.262815		-84.576582		30.493724		0.000000
1.020000		-74.313762		10.094317		-84.408079		29.993068		0.000000
1.030000		-74.313757		9.932394		-84.246151		29.511949		0.000000
1.040000		-74.313752		9.786055		-84.099807		29.077135		0.000000
1.050000		-74.313747		9.664106		-83.977853		28.714789		0.000000
1.060000		-74.313743		9.574344		-83.888087		28.448081		0.000000
1.070000		-74.313741		9.522750		-83.836492		28.294782		0.000000
1.080000		-74.313741		9.512797		-83.826539		28.265209		0.000000
1.090000		-74.313743		9.544998		-83.858741		28.360886		0.000000
1.100000		-74.313746		9.616797		-83.930544		28.574222		0.000000
1.110000		-74.313751		9.722844		-84.036595		28.889316		0.000000
1.120000		-74.313757		9.855601		-84.169358		29.283776		0.000000
1.130000		-74.313763		10.006181		-84.319943		29.731190		0.000000
1.140000		-74.313768		10.165250		-84.479018		30.203831		0.000000
1.150000		-74.313773		10.323867		-84.637640		30.675126		0.000000
1.160000		-74.313777		10.474134		-84.787911		31.121613		0.000000
1.170000		-74.313780		10.609626		-84.923406		31.524197		0.000000
1.180000		-74.313781		10.725588		-85.039369		31.868752		0.000000
1.190000		-74.313782		10.818948		-85.132730		32.146151		0.000000
1.200000		-74.313782		10.888191		-85.201972		32.351891		0.000000
1.210000		-74.313781		10.933143		-85.246923		32.485456		0.000000
1.220000		-74.313779		10.954716		-85.268496		32.549558		0.000000
1.230000		-74.313778		10.954648		-85.268426		32.549356		0.000000
1.240000		-74.313776		10.935255		-85.249031		32.491731		0.000000
1.250000		-74.313774		10.899226		-85.213000		32.384681		0.000000
1.260000		-74.313772		10.849477		-85.163250		32.236863		0.000000
1.270000		-74.313770		10.789044		-85.102815		32.057299		0.000000
1.280000		-74.313768		10.721037		-85.034805		31.855229		0.000000
1.290000		-74.313766		10.648617		-84.962383		31.640050		0.000000
1.300000		-74.313764		10.574993		-84.888758		31.421293		0.000000
1.310000		-74.313762		10.503392		-84.817154		31.208544		0.000000
1.320000		-74.313760		10.436992		-84.750752		31.011252		0.000000
1.330000		-74.313759		10.378813		-84.692572		30.838387		0.000000
1.340000		-74.313757		10.331547		-84.645304		30.697945		0.000000
1.350000		-74.313756		10.297357		-84.611114		30.596358		0.000000
1.360000		-74.313756		10.277676		-84.591432		30.537880		0.000000
1.370000		-74.313756		10.273031		-84.586787		30.524078		0.000000
1.380000		-74.313757		10.282939		-84.596696		30.553517		0.000000
1.390000		-74.313759		10.305897		-84.619656		30.621732		0.000000
1.400000		-74.313761		10.339478		-84.653239		30.721511		0.000000
1.410000		-74.313763		10.380522		-84.694285		30.843464		0.000000
1.420000		-74.313765		10.425397		-84.739162		30.976800		0.000000
1.430000		-74.313768		10.470287		-84.784055		31.110183		0.000000
1.440000		-74.313770		10.511473		-84.825243		31.232558		0.000000
1.450000		-74.313772		10.545558		-84.859329		31.333832		0.000000
1.460000		-74.313773		10.569628		-84.883401		31.405351		0.000000
1.470000		-74.313774		10.581341		-84.895116		31.440155		0.000000
1.480000		-74.313775		10.578948		-84.892723		31.433045		0.000000
1.490000		-74.313776		10.561270		-84.875046		31.380518		0.000000
1.500000		-74.313776		10.527663		-84.841439		31.280662		0.000000
1.510000		-74.313776		10.477999		-84.791775		31.133095		0.000000
1.520000		-74.313776		10.412675		-84.726451		30.939001		0.000000
1.530000		-74.313775		10.332687		-84.646462		30.701333		0.000000
1.540000		-74.313774		10.239732		-84.553506		30.425138		0.000000
1.550000		-74.313772		10.136348		-84.450120		30.117953		0.000000
1.560000		-74.313770		10.026018		-84.339788		29.790134		0.000000
1.570000		-74.313767		9.913204		-84.226971		29.454931		0.000000
1.580000		-74.313763		9.803218		-84.116981		29.128131		0.000000
1.590000		-74.313760		9.701914		-84.015673		28.827127		0.000000
1.600000		-74.313757		9.615180		-83.928937		28.569416		0.000000
1.610000		-74.313754		9.548314		-83.862068		28.370738		0.000000
1.620000		-74.313753		9.505394		-83.819146		28.243211		0.000000
1.630000		-74.313752		9.488822		-83.802574		28.193971		0.000000
1.640000		-74.313753		9.499164		-83.812918		28.224702		0.000000
1.650000		-74.313755		9.535352		-83.849107		28.332226		0.000000
1.660000		-74.313756		9.595181		-83.908938		28.509995		0.000000
1.670000		-74.313758		9.675958		-83.989716		28.750005		0.000000
1.680000		-74.313759		9.775094		-84.088853		29.044567		0.000000
1.690000		-74.313760		9.890486		-84.204245		29.387428		0.000000
1.700000		-74.313760		10.020587		-84.334347		29.773995		0.000000
1.710000		-74.313760		10.164202		-84.477962		30.200716		0.000000
1.720000		-74.313761		10.320106		-84.633867		30.663950		0.000000
1.730000		-74.313762		10.486623		-84.800385		31.158719		0.000000
1.740000		-74.313764		10.661309		-84.975073		31.677761		0.000000
1.750000		-74.313766		10.840814		-85.154581		32.211122		0.000000
1.760000		-74.313769		11.020944		-85.334713		32.746338		0.000000
1.770000		-74.313772		11.196888		-85.510661		33.269119		0.000000
1.780000		-74.313776		11.363565		-85.677341		33.764363		0.000000
1.790000		-74.313778		11.516011		-85.829789		34.217322		0.000000
1.800000		-74.313781		11.649784		-85.963565		34.614800		0.000000
1.810000		-74.313782		11.761363		-86.075145		34.946332		0.000000
1.820000		-74.313783		11.848524		-86.162307		35.205314		0.000000
1.830000		-74.313782		11.910694		-86.224476		35.390038		0.000000
1.840000		-74.313780		11.949233		-86.263013		35.504547		0.000000
1.850000		-74.313777		11.967596		-86.281373		35.559110		0.000000
1.860000		-74.313773		11.971287		-86.285059		35.570075		0.000000
1.870000		-74.313767		11.967501		-86.281268		35.558826		0.000000
1.880000		-74.313762		11.964432		-86.278194		35.549707		0.000000
1.890000		-74.313758		11.970247		-86.284005		35.566985		0.000000
1.900000		-74.313755		11.991887		-86.305642		35.631285		0.000000
1.910000		-74.313755		12.033928		-86.347683		35.756201		0.000000
1.920000		-74.313756		12.097786		-86.411542		35.945939		0.000000
1.930000		-74.313760		12.181489		-86.495249		36.194646		0.000000
1.940000		-74.313764		12.280107		-86.593872		36.487669		0.000000
1.950000		-74.313770		12.386718		-86.700488		36.804439		0.000000
1.960000		-74.313774		12.493691		-86.807466		37.122287		0.000000
1.970000		-74.313778		12.593992		-86.907770		37.420308		0.000000
1.980000		-74.313780		12.682248		-86.996028		37.682542		0.000000
1.990000		-74.313781		12.755433		-87.069213		37.899994		0.000000
2.000000		-74.313780		12.813094		-87.126874		38.071323		0.000000
2.010000		-74.313777		12.857158		-87.170935		38.202248		0.000000
2.020000		-74.313774		12.891367		-87.205141		38.303892		0.000000
2.030000		-74.313771		12.920459		-87.234231		38.390336		0.000000
2.040000		-74.313769		12.949206		-87.262975		38.475750		0.000000
2.050000		-74.313768		12.981430		-87.295198		38.571497		0.000000
2.060000		-74.313768		13.019171		-87.332939		38.683636		0.000000
2.070000		-74.313771		13.062106		-87.375877		38.811208		0.000000
2.080000		-74.313774		13.107354		-87.421128		38.945651		0.000000
2.090000		-74.313780		13.149699		-87.463478		39.071471		0.000000
2.100000		-74.313785		13.182240		-87.496025		39.168159		0.000000
2.110000		-74.313791		13.197380		-87.511171		39.213146		0.000000
2.120000		-74.313795		13.188051		-87.501846		39.185426		0.000000
2.130000		-74.313797		13.149012		-87.462809		39.069429		0.000000
2.140000		-74.313797		13.078070		-87.391867		38.858642		0.000000
2.150000		-74.313794		12.977041		-87.290835		38.558456		0.000000
2.160000		-74.313788		12.852263		-87.166051		38.187706		0.000000
2.170000		-74.313780		12.714483		-87.028263		37.778321		0.000000
2.180000		-74.313770		12.577963		-86.891733		37.372681		0.000000
2.190000		-74.313761		12.458783		-86.772544		37.018566		0.000000
2.200000		-74.313753		12.372505		-86.686258		36.762207		0.000000
2.210000		-74.313749		12.331590		-86.645339		36.640637		0.000000
2.220000		-74.313750		12.343184		-86.656934		36.675088		0.000000
2.230000		-74.313754		12.407839		-86.721593		36.867195		0.000000
2.240000		-74.313762		12.519554		-86.833316		37.199132		0.000000
2.250000		-74.313771		12.667136		-86.980907		37.637641		0.000000
2.260000		-74.313781		12.836460		-87.150241		38.140750		0.000000
2.270000		-74.313789		13.012998		-87.326786		38.665293		0.000000
2.280000		-74.313794		13.183984		-87.497779		39.173343		0.000000
2.290000		-74.313797		13.339797		-87.653594		39.636306		0.000000
2.300000		-74.313798		13.474410		-87.788209		40.036280		0.000000
2.310000		-74.313798		13.585070		-87.898868		40.365083		0.000000
2.320000		-74.313796		13.671471		-87.985268		40.621804		0.000000
2.330000		-74.313795		13.734778		-88.048572		40.809905		0.000000
2.340000		-74.313793		13.776774		-88.090567		40.934690		0.000000
2.350000		-74.313791		13.799311		-88.113103		41.001653		0.000000
2.360000		-74.313790		13.804081		-88.117870		41.015824		0.000000
2.370000		-74.313788		13.792662		-88.106450		40.981896		0.000000
2.380000		-74.313787		13.766713		-88.080500		40.904795		0.000000
2.390000		-74.313785		13.728177		-88.041962		40.790294		0.000000
2.400000		-74.313783		13.679410		-87.993192		40.645391		0.000000
2.410000		-74.313780		13.623187		-87.936968		40.478339		0.000000
2.420000		-74.313778		13.562609		-87.876386		40.298342		0.000000
2.430000		-74.313775		13.500915		-87.814691		40.115034		0.000000
2.440000		-74.313773		13.441301		-87.755074		39.937903		0.000000
2.450000		-74.313771		13.386738		-87.700509		39.775782		0.000000
2.460000		-74.313769		13.339859		-87.653628		39.636490		0.000000
2.470000		-74.313768		13.302881		-87.616649		39.526619		0.000000
2.480000		-74.313767		13.277584		-87.591351		39.451455		0.000000
2.490000		-74.313766		13.265298		-87.579063		39.414947		0.000000
2.500000		-74.313765		13.266899		-87.580664		39.419705		0.000000
2.510000		-74.313765		13.282816		-87.596581		39.466999		0.000000
2.520000		-74.313765		13.313036		-87.626801		39.556792		0.000000
2.530000		-74.313765		13.357143		-87.670908		39.687845		0.000000
2.540000		-74.313765		13.414385		-87.728151		39.857929		0.000000
2.550000		-74.313766		13.483789		-87.797554		40.064146		0.000000
2.560000		-74.313766		13.564280		-87.878046		40.303308		0.000000
2.570000		-74.313766		13.654799		-87.968566		40.572266		0.000000
2.580000		-74.313767		13.754355		-88.068121		40.868074		0.000000
2.590000		-74.313767		13.861989		-88.175756		41.187886		0.000000
2.600000		-74.313767		13.976649		-88.290416		41.528573		0.000000
2.610000		-74.313768		14.096983		-88.410752		41.886121		0.000000
2.620000		-74.313769		14.221121		-88.534891		42.254969		0.000000
2.630000		-74.313771		14.346496		-88.660267		42.627494		0.000000
2.640000		-74.313773		14.469784		-88.783557		42.993816		0.000000
2.650000		-74.313776		14.586979		-88.900755		43.342037		0.000000
2.660000		-74.313778		14.693621		-89.007399		43.658898		0.000000
2.670000		-74.313781		14.785114		-89.098894		43.930750		0.000000
2.680000		-74.313783		14.857101		-89.170884		44.144646		0.000000
2.690000		-74.313785		14.905812		-89.219597		44.289380		0.000000
2.700000		-74.313786		14.928337		-89.242123		44.356308		0.000000
2.710000		-74.313786		14.922806		-89.236592		44.339873		0.000000
2.720000		-74.313785		14.888461		-89.202247		44.237825		0.000000
2.730000		-74.313784		14.825643		-89.139428		44.051175		0.000000
2.740000		-74.313783		14.735712		-89.049495		43.783964		0.000000
2.750000		-74.313781		14.620937		-88.934717		43.442934		0.000000
2.760000		-74.313779		14.484373		-88.798152		43.037165		0.000000
2.770000		-74.313776		14.329750		-88.643526		42.577737		0.000000
2.780000		-74.313773		14.161368		-88.475141		42.077425		0.000000
2.790000		-74.313770		13.984002		-88.297771		41.550420		0.000000
2.800000		-74.313766		13.802805		-88.116571		41.012033		0.000000
2.810000		-74.313763		13.623186		-87.936950		40.478336		0.000000
2.820000		-74.313760		13.450651		-87.764411		39.965685		0.000000
2.830000		-74.313757		13.290588		-87.604345		39.490092		0.000000
2.840000		-74.313754		13.148009		-87.461763		39.066450		0.000000
2.850000		-74.313752		13.027255		-87.341007		38.707655		0.000000
2.860000		-74.313751		12.931695		-87.245446		38.423719		0.000000
2.870000		-74.313751		12.863465		-87.177216		38.220990		0.000000
2.880000		-74.313751		12.823292		-87.137043		38.101624		0.000000
2.890000		-74.313753		12.810429		-87.124182		38.063405		0.000000
2.900000		-74.313755		12.822738		-87.136493		38.099977		0.000000
2.910000		-74.313758		12.856893		-87.170651		38.201463		0.000000
2.920000		-74.313761		12.908696		-87.222457		38.355383		0.000000
2.930000		-74.313764		12.973432		-87.287196		38.547734		0.000000
2.940000		-74.313767		13.046242		-87.360009		38.764071		0.000000
2.950000		-74.313770		13.122431		-87.436200		38.990449		0.000000
2.960000		-74.313772		13.197705		-87.511477		39.214110		0.000000
2.970000		-74.313774		13.268311		-87.582085		39.423902		0.000000
2.980000		-74.313775		13.331084		-87.644859		39.610416		0.000000
2.990000		-74.313777		13.383421		-87.697197		39.765924		0.000000
3.000000		-74.313778		13.423225		-87.737003		39.884194		0.000000
3.010000		-74.313778		13.448834		-87.762612		39.960285		0.000000
3.020000		-74.313779		13.458966		-87.772745		39.990392		0.000000
3.030000		-74.313779		13.452710		-87.766489		39.971804		0.000000
3.040000		-74.313779		13.429545		-87.743324		39.902973		0.000000
3.050000		-74.313779		13.389402		-87.703180		39.783695		0.000000
3.060000		-74.313778		13.332742		-87.646520		39.615344		0.000000
3.070000		-74.313777		13.260641		-87.574418		39.401111		0.000000
3.080000		-74.313775		13.174847		-87.488622		39.146193		0.000000
3.090000		-74.313773		13.077817		-87.391590		38.857888		0.000000
3.100000		-74.313771		12.972703		-87.286474		38.545566		0.000000
3.110000		-74.313768		12.863298		-87.177066		38.220494		0.000000
3.120000		-74.313765		12.753926		-87.067691		37.895519		0.000000
3.130000		-74.313762		12.649288		-86.963050		37.584608		0.000000
3.140000		-74.313759		12.554259		-86.868018		37.302251		0.000000
3.150000		-74.313756		12.473650		-86.787406		37.062738		0.000000
3.160000		-74.313753		12.411928		-86.725681		36.879345		0.000000
3.170000		-74.313751		12.372929		-86.686680		36.763468		0.000000
3.180000		-74.313750		12.359576		-86.673326		36.723792		0.000000
3.190000		-74.313749		12.373634		-86.687383		36.765563		0.000000
3.200000		-74.313750		12.415543		-86.729293		36.890086		0.000000
3.210000		-74.313751		12.484343		-86.798094		37.094510		0.000000
3.220000		-74.313753		12.577721		-86.891474		37.371962		0.000000
3.230000		-74.313756		12.692169		-87.005925		37.712019		0.000000
3.240000		-74.313759		12.823244		-87.137004		38.101482		0.000000
3.250000		-74.313762		12.965905		-87.279668		38.525368		0.000000
3.260000		-74.313766		13.114878		-87.428644		38.968008		0.000000
3.270000		-74.313768		13.265024		-87.578792		39.414134		0.000000
3.280000		-74.313771		13.411668		-87.725439		39.849856		0.000000
3.290000		-74.313773		13.550861		-87.864634		40.263437		0.000000
3.300000		-74.313774		13.679550		-87.993324		40.645808		0.000000
3.310000		-74.313774		13.795663		-88.109437		40.990811		0.000000
3.320000		-74.313775		13.898097		-88.211871		41.295173		0.000000
3.330000		-74.313774		13.986633		-88.300408		41.558240		0.000000
3.340000		-74.313773		14.061790		-88.375564		41.781552		0.000000
3.350000		-74.313773		14.124648		-88.438420		41.968320		0.000000
3.360000		-74.313772		14.176669		-88.490441		42.122890		0.000000
3.370000		-74.313770		14.219545		-88.533316		42.250286		0.000000
3.380000		-74.313769		14.255086		-88.568855		42.355888		0.000000
3.390000		-74.313768		14.285169		-88.598938		42.445274		0.000000
3.400000		-74.313767		14.311739		-88.625506		42.524221		0.000000
3.410000		-74.313766		14.336838		-88.650604		42.598796		0.000000
3.420000		-74.313765		14.362638		-88.676403		42.675457		0.000000
3.430000		-74.313764		14.391436		-88.705200		42.761024		0.000000
3.440000		-74.313763		14.425576		-88.739339		42.862463		0.000000
3.450000		-74.313762		14.467291		-88.781053		42.986410		0.000000
3.460000		-74.313761		14.518474		-88.832235		43.138489		0.000000
3.470000		-74.313761		14.580407		-88.894168		43.322510		0.000000
3.480000		-74.313762		14.653514		-88.967275		43.539729		0.000000
3.490000		-74.313763		14.737179		-89.050942		43.788322		0.000000
3.500000		-74.313765		14.829694		-89.143459		44.063210		0.000000
3.510000		-74.313768		14.928341		-89.242109		44.356319		0.000000
3.520000		-74.313770		15.029617		-89.343388		44.657240		0.000000
3.530000		-74.313773		15.129568		-89.443341		44.954222		0.000000
3.540000		-74.313776		15.224185		-89.537961		45.235354		0.000000
3.550000		-74.313778		15.309810		-89.623588		45.489771		0.000000
3.560000		-74.313780		15.383489		-89.697269		45.708693		0.000000
3.570000		-74.313780		15.443216		-89.756996		45.886157		0.000000
3.580000		-74.313780		15.488025		-89.801805		46.019298		0.000000
3.590000		-74.313780		15.517932		-89.831712		46.108160		0.000000
3.600000		-74.313779		15.533729		-89.847509		46.155099		0.000000
3.610000		-74.313779		15.536715		-89.850494		46.163971		0.000000
3.620000		-74.313778		15.528433		-89.842211		46.139361		0.000000
3.630000		-74.313777		15.510520		-89.824297		46.086136		0.000000
3.640000		-74.313776		15.484734		-89.798510		46.009520		0.000000
3.650000		-74.313775		15.453184		-89.766958		45.915775		0.000000
3.660000		-74.313773		15.418720		-89.732493		45.813373		0.000000
3.670000		-74.313770		15.385402		-89.699171		45.714376		0.000000
3.680000		-74.313765		15.358881		-89.672647		45.635576		0.000000
3.690000		-74.313760		15.346532		-89.660292		45.598883		0.000000
3.700000		-74.313754		15.357151		-89.670905		45.630434		0.000000
3.710000		-74.313749		15.400126		-89.713875		45.758126		0.000000
3.720000		-74.313745		15.484102		-89.797847		46.007643		0.000000
3.730000		-74.313743		15.615350		-89.929093		46.397618		0.000000
3.740000		-74.313745		15.796226		-90.109971		46.935051		0.000000
3.750000		-74.313750		16.024166		-90.337916		47.612325		0.000000
3.760000		-74.313757		16.291552		-90.605309		48.406803		0.000000
3.770000		-74.313767		16.586524		-90.900291		49.283249		0.000000
3.780000		-74.313777		16.894525		-91.208301		50.198407		0.000000
3.790000		-74.313786		17.200144		-91.513929		51.106487		0.000000
3.800000		-74.313793		17.488830		-91.802623		51.964255		0.000000
3.810000		-74.313799		17.748170		-92.061969		52.734827		0.000000
3.820000		-74.313803		17.968622		-92.282426		53.389855		0.000000
3.830000		-74.313805		18.143787		-92.457593		53.910319		0.000000
3.840000		-74.313806		18.270360		-92.584165		54.286401		0.000000
3.850000		-74.313804		18.347953		-92.661758		54.516953		0.000000
3.860000		-74.313802		18.378914		-92.692715		54.608945		0.000000
3.870000		-74.313798		18.368172		-92.681969		54.577028		0.000000
3.880000		-74.313792		18.323110		-92.636902		54.443136		0.000000
3.890000		-74.313785		18.253331		-92.567116		54.235803		0.000000
3.900000		-74.313778		18.170193		-92.483971		53.988778		0.000000
3.910000		-74.313771		18.085972		-92.399744		53.738535		0.000000
3.920000		-74.313765		18.012605		-92.326371		53.520540		0.000000
3.930000		-74.313762		17.960116		-92.273878		53.364580		0.000000
3.940000		-74.313761		17.935004		-92.248766		53.289966		0.000000
3.950000		-74.313764		17.938982		-92.252746		53.301783		0.000000
3.960000		-74.313771		17.968442		-92.282212		53.389317		0.000000
3.970000		-74.313779		18.014861		-92.328640		53.527243		0.000000
3.980000		-74.313789		18.066075		-92.379864		53.679413		0.000000
3.990000		-74.313798		18.108118		-92.421916		53.804336		0.000000
4.000000		-74.313807		18.127225		-92.441031		53.861107		0.000000
4.010000		-74.313812		18.111614		-92.425427		53.814723		0.000000
4.020000		-74.313816		18.052838		-92.366654		53.640083		0.000000
4.030000		-74.313816		17.946631		-92.260447		53.324512		0.000000
4.040000		-74.313813		17.793301		-92.107114		52.868924		0.000000
4.050000		-74.313808		17.597739		-91.911546		52.287854		0.000000
4.060000		-74.313800		17.369109		-91.682909		51.608531		0.000000
4.070000		-74.313790		17.120220		-91.434009		50.869010		0.000000
4.080000		-74.313779		16.866570		-91.180349		50.115346		0.000000
4.090000		-74.313768		16.625074		-90.938842		49.397793		0.000000
4.100000		-74.313758		16.412516		-90.726275		48.766224		0.000000
4.110000		-74.313751		16.243899		-90.557650		48.265214		0.000000
4.120000		-74.313746		16.130895		-90.444641		47.929447		0.000000
4.130000		-74.313744		16.080670		-90.394414		47.780214		0.000000
4.140000		-74.313746		16.095284		-90.409031		47.823638		0.000000
4.150000		-74.313751		16.171777		-90.485527		48.050918		0.000000
4.160000		-74.313757		16.302881		-90.616638		48.440465		0.000000
4.170000		-74.313764		16.478200		-90.791964		48.961388		0.000000
4.180000		-74.313772		16.685577		-90.999349		49.577563		0.000000
4.190000		-74.313779		16.912400		-91.226180		50.251520		0.000000
4.200000		-74.313785		17.146665		-91.460450		50.947585		0.000000
4.210000		-74.313791		17.377669		-91.691459		51.633963		0.000000
4.220000		-74.313795		17.596372		-91.910166		52.283792		0.000000
4.230000		-74.313797		17.795462		-92.109260		52.875346		0.000000
4.240000		-74.313800		17.969239		-92.283039		53.391687		0.000000
4.250000		-74.313801		18.113403		-92.427204		53.820037		0.000000
4.260000		-74.313802		18.224817		-92.538619		54.151081		0.000000
4.270000		-74.313803		18.301289		-92.615092		54.378302		0.000000
4.280000		-74.313803		18.341372		-92.655175		54.497399		0.000000
4.290000		-74.313803		18.344202		-92.658005		54.505808		0.000000
4.300000		-74.313803		18.309384		-92.623187		54.402354		0.000000
4.310000		-74.313803		18.236935		-92.550738		54.187088		0.000000
4.320000		-74.313803		18.127319		-92.441122		53.861387		0.000000
4.330000		-74.313802		17.981591		-92.295392		53.428386		0.000000
4.340000		-74.313800		17.801661		-92.115462		52.893766		0.000000
4.350000		-74.313798		17.590662		-91.904460		52.266827		0.000000
4.360000		-74.313794		17.353363		-91.667157		51.561745		0.000000
4.370000		-74.313789		17.096576		-91.410365		50.798759		0.000000
4.380000		-74.313782		16.829432		-91.143214		50.004999		0.000000
4.390000		-74.313774		16.563418		-90.877192		49.214595		0.000000
4.400000		-74.313765		16.312049		-90.625814		48.467707		0.000000
4.410000		-74.313755		16.090092		-90.403847		47.808209		0.000000
4.420000		-74.313747		15.912310		-90.226057		47.279969		0.000000
4.430000		-74.313741		15.791846		-90.105587		46.922038		0.000000
4.440000		-74.313738		15.738461		-90.052198		46.763413		0.000000
4.450000		-74.313739		15.756956		-90.070695		46.818370		0.000000
4.460000		-74.313743		15.846159		-90.159902		47.083414		0.000000
4.470000		-74.313752		15.998700		-90.312451		47.536658		0.000000
4.480000		-74.313762		16.201704		-90.515467		48.139841		0.000000
4.490000		-74.313775		16.438238		-90.752012		48.842648		0.000000
4.500000		-74.313787		16.689229		-91.003016		49.588416		0.000000
4.510000		-74.313798		16.935507		-91.249305		50.320178		0.000000
4.520000		-74.313806		17.159626		-91.473433		50.986098		0.000000
4.530000		-74.313813		17.347280		-91.661093		51.543671		0.000000
4.540000		-74.313816		17.488211		-91.802027		51.962416		0.000000
4.550000		-74.313816		17.576614		-91.890431		52.225088		0.000000
4.560000		-74.313814		17.611112		-91.924926		52.327591		0.000000
4.570000		-74.313810		17.594374		-91.908184		52.277857		0.000000
4.580000		-74.313804		17.532482		-91.846286		52.093959		0.000000
4.590000		-74.313797		17.434131		-91.747927		51.801729		0.000000
4.600000		-74.313789		17.309739		-91.623528		51.432126		0.000000
4.610000		-74.313782		17.170563		-91.484345		51.018595		0.000000
4.620000		-74.313775		17.027849		-91.341624		50.594550		0.000000
4.630000		-74.313769		16.892062		-91.205831		50.191088		0.000000
4.640000		-74.313764		16.772195		-91.085959		49.834930		0.000000
4.650000		-74.313761		16.675161		-90.988922		49.546614		0.000000
4.660000		-74.313760		16.605292		-90.919053		49.339015		0.000000
4.670000		-74.313761		16.564032		-90.877794		49.216421		0.000000
4.680000		-74.313764		16.549897		-90.863660		49.174419		0.000000
4.690000		-74.313768		16.558779		-90.872546		49.200810		0.000000
4.700000		-74.313772		16.584588		-90.898360		49.277498		0.000000
4.710000		-74.313777		16.620109		-90.933886		49.383040		0.000000
4.720000		-74.313781		16.657903		-90.971684		49.495338		0.000000
4.730000		-74.313784		16.691076		-91.004861		49.593904		0.000000
4.740000		-74.313787		16.713783		-91.027570		49.661372		0.000000
4.750000		-74.313789		16.721438		-91.035228		49.684118		0.000000
4.760000		-74.313791		16.710691		-91.024482		49.652185		0.000000
4.770000		-74.313792		16.679267		-90.993059		49.558815		0.000000
4.780000		-74.313792		16.625806		-90.939598		49.399966		0.000000
4.790000		-74.313792		16.549787		-90.863579		49.174094		0.000000
4.800000		-74.313791		16.451612		-90.765403		48.882386		0.000000
4.810000		-74.313790		16.332816		-90.646606		48.529412		0.000000
4.820000		-74.313787		16.196371		-90.510158		48.123994		0.000000
4.830000		-74.313784		16.046916		-90.360699		47.679921		0.000000
4.840000		-74.313779		15.890793		-90.204572		47.216037		0.000000
4.850000		-74.313774		15.735727		-90.049500		46.755290		0.000000
4.860000		-74.313769		15.590100		-89.903869		46.322593		0.000000
4.870000		-74.313765		15.461937		-89.775702		45.941785		0.000000
4.880000		-74.313762		15.357832		-89.671594		45.632458		0.000000
4.890000		-74.313761		15.282172		-89.595933		45.407651		0.000000
4.900000		-74.313762		15.236931		-89.550693		45.273228		0.000000
4.910000		-74.313762		15.222083		-89.535846		45.229111		0.000000
4.920000		-74.313763		15.236425		-89.550188		45.271724		0.000000
4.930000		-74.313764		15.278420		-89.592184		45.396502		0.000000
4.940000		-74.313765		15.346665		-89.660429		45.599277		0.000000
4.950000		-74.313765		15.439783		-89.753548		45.875957		0.000000
4.960000		-74.313767		15.555808		-89.869575		46.220700		0.000000
4.970000		-74.313770		15.691350		-90.005120		46.623434		0.000000
4.980000		-74.313774		15.840912		-90.154687		47.067827		0.000000
4.990000		-74.313780		15.996647		-90.310428		47.530560		0.000000
5.000000		-74.313787		16.148675		-90.462462		47.982276		0.000000
5.010000		-74.313794		16.285893		-90.599687		48.389989		0.000000
5.020000		-74.313800		16.397082		-90.710882		48.720363		0.000000
5.030000		-74.313805		16.472077		-90.785882		48.943194		0.000000
5.040000		-74.313809		16.502811		-90.816619		49.034514		0.000000
5.050000		-74.313810		16.484108		-90.797918		48.978943		0.000000
5.060000		-74.313809		16.414172		-90.727980		48.771142		0.000000
5.070000		-74.313806		16.294729		-90.608535		48.416245		0.000000
5.080000		-74.313801		16.130832		-90.444633		47.929260		0.000000
5.090000		-74.313795		15.930291		-90.244086		47.333395		0.000000
5.100000		-74.313788		15.702778		-90.016566		46.657389		0.000000
5.110000		-74.313783		15.458691		-89.772474		45.932139		0.000000
5.120000		-74.313778		15.207962		-89.521740		45.187152		0.000000
5.130000		-74.313774		14.959041		-89.272815		44.447538		0.000000
5.140000		-74.313772		14.718313		-89.032085		43.732265		0.000000
5.150000		-74.313771		14.490068		-88.803839		43.054087		0.000000
5.160000		-74.313771		14.277024		-88.590795		42.421073		0.000000
5.170000		-74.313770		14.081178		-88.394948		41.839160		0.000000
5.180000		-74.313769		13.904700		-88.218469		41.314792		0.000000
5.190000		-74.313767		13.750552		-88.064318		40.856775		0.000000
5.200000		-74.313764		13.622648		-87.936412		40.476735		0.000000
5.210000		-74.313761		13.525520		-87.839281		40.188143		0.000000
5.220000		-74.313759		13.463644		-87.777403		40.004290		0.000000
5.230000		-74.313757		13.440646		-87.754403		39.935957		0.000000
5.240000		-74.313757		13.458654		-87.772411		39.989463		0.000000
5.250000		-74.313758		13.517928		-87.831686		40.165583		0.000000
5.260000		-74.313760		13.616820		-87.930580		40.459421		0.000000
5.270000		-74.313763		13.751981		-88.065744		40.861022		0.000000
5.280000		-74.313766		13.918679		-88.232445		41.356329		0.000000
5.290000		-74.313769		14.111129		-88.424898		41.928151		0.000000
5.300000		-74.313773		14.322748		-88.636521		42.556930		0.000000
5.310000		-74.313778		14.546341		-88.860118		43.221288		0.000000
5.320000		-74.313782		14.774239		-89.088021		43.898439		0.000000
5.330000		-74.313787		14.998434		-89.312221		44.564586		0.000000
5.340000		-74.313791		15.210735		-89.524526		45.195391		0.000000
5.350000		-74.313795		15.402967		-89.716763		45.766568		0.000000
5.360000		-74.313800		15.567222		-89.881022		46.254616		0.000000
5.370000		-74.313803		15.696162		-90.009965		46.637731		0.000000
5.380000		-74.313806		15.783390		-90.097196		46.896910		0.000000
5.390000		-74.313808		15.823909		-90.137717		47.017306		0.000000
5.400000		-74.313808		15.814651		-90.128458		46.989795		0.000000
5.410000		-74.313806		15.755046		-90.068852		46.812695		0.000000
5.420000		-74.313802		15.647577		-89.961379		46.493372		0.000000
5.430000		-74.313796		15.498159		-89.811955		46.049408		0.000000
5.440000		-74.313788		15.316217		-89.630004		45.508807		0.000000
5.450000		-74.313778		15.114267		-89.428045		44.908758		0.000000
5.460000		-74.313768		14.906900		-89.220668		44.292611		0.000000
5.470000		-74.313759		14.709179		-89.022938		43.705126		0.000000
5.480000		-74.313753		14.534676		-88.848429		43.186629		0.000000
5.490000		-74.313749		14.393522		-88.707271		42.767222		0.000000
5.500000		-74.313749		14.290950		-88.604699		42.462449		0.000000
5.510000		-74.313753		14.226697		-88.540450		42.271537		0.000000
5.520000		-74.313758		14.195411		-88.509170		42.178579		0.000000
5.530000		-74.313765		14.187880		-88.501645		42.156200		0.000000
5.540000		-74.313773		14.192721		-88.506494		42.170586		0.000000
5.550000		-74.313779		14.198120		-88.511900		42.186626		0.000000
5.560000		-74.313785		14.193279		-88.507064		42.172243		0.000000
5.570000		-74.313788		14.169444		-88.483232		42.101420		0.000000
5.580000		-74.313790		14.120482		-88.434272		41.955943		0.000000
5.590000		-74.313790		14.043123		-88.356913		41.726087		0.000000
5.600000		-74.313789		13.936936		-88.250725		41.410576		0.000000
5.610000		-74.313785		13.804160		-88.117946		41.016060		0.000000
5.620000		-74.313781		13.649412		-87.963193		40.556260		0.000000
5.630000		-74.313776		13.479307		-87.793083		40.050829		0.000000
5.640000		-74.313770		13.301968		-87.615738		39.523905		0.000000
5.650000		-74.313764		13.126430		-87.440194		39.002331		0.000000
5.660000		-74.313759		12.961933		-87.275692		38.513566		0.000000
5.670000		-74.313754		12.817149		-87.130903		38.083371		0.000000
5.680000		-74.313751		12.699391		-87.013142		37.733479		0.000000
5.690000		-74.313749		12.613923		-86.927672		37.479530		0.000000
5.700000		-74.313749		12.563454		-86.877204		37.329573		0.000000
5.710000		-74.313751		12.547919		-86.861670		37.283414		0.000000
5.720000		-74.313754		12.564589		-86.878343		37.332945		0.000000
5.730000		-74.313759		12.608499		-86.922258		37.463413		0.000000
5.740000		-74.313763		12.673123		-86.986886		37.655429		0.000000
5.750000		-74.313768		12.751177		-87.064945		37.887349		0.000000
5.760000		-74.313772		12.835421		-87.149193		38.137662		0.000000
5.770000		-74.313775		12.919344		-87.233119		38.387022		0.000000
5.780000		-74.313777		12.997644		-87.311421		38.619672		0.000000
5.790000		-74.313779		13.066471		-87.380249		38.824176		0.000000
5.800000		-74.313779		13.123442		-87.437222		38.993455		0.000000
5.810000		-74.313779		13.167474		-87.481253		39.124285		0.000000
5.820000		-74.313779		13.198486		-87.512264		39.216430		0.000000
5.830000		-74.313778		13.217068		-87.530846		39.271644		0.000000
5.840000		-74.313777		13.224162		-87.537939		39.292722		0.000000
5.850000		-74.313776		13.220811		-87.534587		39.282765		0.000000
5.860000		-74.313776		13.208016		-87.521792		39.244749		0.000000
5.870000		-74.313775		13.186692		-87.500467		39.181387		0.000000
5.880000		-74.313775		13.157698		-87.471473		39.095239		0.000000
5.890000		-74.313774		13.121914		-87.435688		38.988913		0.000000
5.900000		-74.313774		13.080283		-87.394057		38.865217		0.000000
5.910000		-74.313773		13.033801		-87.347574		38.727107		0.000000
5.920000		-74.313773		12.983409		-87.297181		38.577376		0.000000
5.930000		-74.313772		12.929814		-87.243587		38.418131		0.000000
5.940000		-74.313773		12.873294		-87.187067		38.250193		0.000000
5.950000		-74.313773		12.813526		-87.127300		38.072607		0.000000
5.960000		-74.313775		12.749528		-87.063302		37.882449		0.000000
5.970000		-74.313776		12.679721		-86.993497		37.675033		0.000000
5.980000		-74.313778		12.602138		-86.915916		37.444513		0.000000
5.990000		-74.313779		12.514731		-86.828510		37.184802		0.000000
6.000000		-74.313780		12.415727		-86.729507		36.890632		0.000000
6.010000		-74.313780		12.303974		-86.617755		36.558584		0.000000
6.020000		-74.313780		12.179218		-86.492998		36.187898		0.000000
6.030000		-74.313779		12.042247		-86.356026		35.780917		0.000000
6.040000		-74.313778		11.894879		-86.208657		35.343047		0.000000
6.050000		-74.313776		11.739782		-86.053558		34.882208		0.000000
6.060000		-74.313775		11.580126		-85.893900		34.407825		0.000000
6.070000		-74.313773		11.419159		-85.732932		33.929548		0.000000
6.080000		-74.313772		11.259782		-85.573554		33.455995		0.000000
6.090000		-74.313772		11.104252		-85.418023		32.993869		0.000000
6.100000		-74.313772		10.954123		-85.267895		32.547795		0.000000
6.110000		-74.313772		10.810499		-85.124271		32.121047		0.000000
6.120000		-74.313771		10.674567		-84.988338		31.717155		0.000000
6.130000		-74.313769		10.548327		-84.862097		31.342061		0.000000
6.140000		-74.313766		10.435323		-84.749089		31.006293		0.000000
6.150000		-74.313762		10.341131		-84.654893		30.726421		0.000000
6.160000		-74.313757		10.273383		-84.587140		30.525124		0.000000
6.170000		-74.313751		10.241160		-84.554911		30.429380		0.000000
6.180000		-74.313746		10.253751		-84.567497		30.466790		0.000000
6.190000		-74.313743		10.318998		-84.632741		30.660658		0.000000
6.200000		-74.313743		10.441617		-84.755360		31.024995		0.000000
6.210000		-74.313746		10.621956		-84.935701		31.560832		0.000000
6.220000		-74.313751		10.855549		-85.169301		32.254905		0.000000
6.230000		-74.313759		11.133588		-85.447347		33.081036		0.000000
6.240000		-74.313767		11.444113		-85.757880		34.003692		0.000000
6.250000		-74.313775		11.773587		-86.087362		34.982653		0.000000
6.260000		-74.313783		12.108443		-86.422225		35.977605		0.000000
6.270000		-74.313788		12.436316		-86.750105		36.951810		0.000000
6.280000		-74.313793		12.746824		-87.060617		37.874417		0.000000
6.290000		-74.313795		13.031894		-87.345689		38.721439		0.000000
6.300000		-74.313797		13.285730		-87.599527		39.475657		0.000000
6.310000		-74.313798		13.504548		-87.818346		40.125828		0.000000
6.320000		-74.313797		13.686203		-88.000000		40.665575		0.000000
6.330000		-74.313797		13.829801		-88.143598		41.092247		0.000000
6.340000		-74.313796		13.935383		-88.249179		41.405961		0.000000
6.350000		-74.313795		14.003686		-88.317481		41.608908		0.000000
6.360000		-74.313793		14.036004		-88.349798		41.704935		0.000000
6.370000		-74.313792		14.034122		-88.347914		41.699343		0.000000
6.380000		-74.313790		14.000285		-88.314075		41.598804		0.000000
6.390000		-74.313788		13.937186		-88.250974		41.411317		0.000000
6.400000		-74.313786		13.847943		-88.161729		41.146150		0.000000
6.410000		-74.313784		13.736070		-88.049854		40.813745		0.000000
6.420000		-74.313781		13.605435		-87.919217		40.425593		0.000000
6.430000		-74.313779		13.460214		-87.773993		39.994099		0.000000
6.440000		-74.313776		13.304837		-87.618614		39.532431		0.000000
6.450000		-74.313774		13.143927		-87.457700		39.054321		0.000000
6.460000		-74.313771		12.982195		-87.295966		38.573769		0.000000
6.470000		-74.313768		12.824296		-87.138064		38.104606		0.000000
6.480000		-74.313766		12.674626		-86.988392		37.659894		0.000000
6.490000		-74.313765		12.537088		-86.850853		37.251231		0.000000
6.500000		-74.313764		12.414878		-86.728642		36.888111		0.000000
6.510000		-74.313763		12.310362		-86.624126		36.577564		0.000000
6.520000		-74.313763		12.225132		-86.538896		36.324322		0.000000
6.530000		-74.313763		12.160307		-86.474070		36.131707		0.000000
6.540000		-74.313762		12.117073		-86.430835		36.003248		0.000000
6.550000		-74.313761		12.097398		-86.411159		35.944787		0.000000
6.560000		-74.313758		12.104703		-86.418461		35.966492		0.000000
6.570000		-74.313754		12.144244		-86.457997		36.083979		0.000000
6.580000		-74.313749		12.222900		-86.536648		36.317689		0.000000
6.590000		-74.313744		12.348204		-86.661948		36.690002		0.000000
6.600000		-74.313742		12.526664		-86.840406		37.220258		0.000000
6.610000		-74.313742		12.761747		-87.075489		37.918758		0.000000
6.620000		-74.313746		13.052110		-87.365856		38.781506		0.000000
6.630000		-74.313753		13.390693		-87.704446		39.787532		0.000000
6.640000		-74.313763		13.765038		-88.078801		40.899817		0.000000
6.650000		-74.313774		14.158745		-88.472519		42.069631		0.000000
6.660000		-74.313785		14.553625		-88.867409		43.242931		0.000000
6.670000		-74.313794		14.931936		-89.245729		44.367000		0.000000
6.680000		-74.313801		15.278199		-89.592000		45.395847		0.000000
6.690000		-74.313805		15.580342		-89.894146		46.293597		0.000000
6.700000		-74.313807		15.830162		-90.143969		47.035886		0.000000
6.710000		-74.313806		16.023286		-90.337092		47.609710		0.000000
6.720000		-74.313804		16.158795		-90.472599		48.012345		0.000000
6.730000		-74.313801		16.238714		-90.552515		48.249806		0.000000
6.740000		-74.313797		16.267441		-90.581237		48.335162		0.000000
6.750000		-74.313792		16.251171		-90.564963		48.286821		0.000000
6.760000		-74.313786		16.197316		-90.511102		48.126801		0.000000
6.770000		-74.313781		16.113913		-90.427694		47.878989		0.000000
6.780000		-74.313776		16.009043		-90.322820		47.567391		0.000000
6.790000		-74.313772		15.890268		-90.204040		47.214475		0.000000
6.800000		-74.313769		15.764155		-90.077924		46.839758		0.000000
6.810000		-74.313767		15.635938		-89.949705		46.458790		0.000000
6.820000		-74.313766		15.509358		-89.823124		46.082685		0.000000
6.830000		-74.313765		15.386700		-89.700465		45.718232		0.000000
6.840000		-74.313766		15.269009		-89.582774		45.368539		0.000000
6.850000		-74.313766		15.156436		-89.470202		45.034054		0.000000
6.860000		-74.313767		15.048636		-89.362403		44.713749		0.000000
6.870000		-74.313767		14.945143		-89.258911		44.406243		0.000000
6.880000		-74.313767		14.845674		-89.159442		44.110693		0.000000
6.890000		-74.313767		14.750297		-89.064064		43.827299		0.000000
6.900000		-74.313767		14.659458		-88.973225		43.557392		0.000000
6.910000		-74.313767		14.573868		-88.887635		43.303079		0.000000
6.920000		-74.313767		14.494270		-88.808037		43.066572		0.000000
6.930000		-74.313767		14.421154		-88.734921		42.849322		0.000000
6.940000		-74.313768		14.354478		-88.668246		42.651211		0.000000
6.950000		-74.313769		14.293501		-88.607270		42.470029		0.000000
6.960000		-74.313771		14.236772		-88.550543		42.301471		0.000000
6.970000		-74.313773		14.182356		-88.496129		42.139786		0.000000
6.980000		-74.313774		14.128257		-88.442031		41.979043		0.000000
6.990000		-74.313775		14.072976		-88.386751		41.814787		0.000000
7.000000		-74.313775		14.016069		-88.329844		41.645702		0.000000
7.010000		-74.313773		13.958539		-88.272312		41.474763		0.000000
7.020000		-74.313771		13.902897		-88.216668		41.309436		0.000000
7.030000		-74.313769		13.852838		-88.166607		41.160696		0.000000
7.040000		-74.313766		13.812547		-88.126313		41.040980		0.000000
7.050000		-74.313765		13.785821		-88.099586		40.961569		0.000000
7.060000		-74.313764		13.775250		-88.089014		40.930160		0.000000
7.070000		-74.313765		13.781715		-88.095480		40.949370		0.000000
7.080000		-74.313766		13.804341		-88.118107		41.016598		0.000000
7.090000		-74.313768		13.840890		-88.154658		41.125196		0.000000
7.100000		-74.313769		13.888432		-88.202202		41.266456		0.000000
7.110000		-74.313771		13.944037		-88.257807		41.431673		0.000000
7.120000		-74.313771		14.005282		-88.319054		41.613651		0.000000
7.130000		-74.313772		14.070445		-88.384217		41.807268		0.000000
7.140000		-74.313772		14.138373		-88.452145		42.009101		0.000000
7.150000		-74.313772		14.208134		-88.521906		42.216380		0.000000
7.160000		-74.313773		14.278592		-88.592364		42.425730		0.000000
7.170000		-74.313774		14.348055		-88.661829		42.632127		0.000000
7.180000		-74.313776		14.414118		-88.727893		42.828417		0.000000
7.190000		-74.313778		14.473736		-88.787513		43.005558		0.000000
7.200000		-74.313779		14.523540		-88.837320		43.153542		0.000000
7.210000		-74.313781		14.560310		-88.874091		43.262794		0.000000
7.220000		-74.313782		14.581497		-88.895279		43.325748		0.000000
7.230000		-74.313782		14.585701		-88.899482		43.338238		0.000000
7.240000		-74.313781		14.572970		-88.886751		43.300411		0.000000
7.250000		-74.313779		14.544876		-88.858655		43.216937		0.000000
7.260000		-74.313776		14.504325		-88.818101		43.096448		0.000000
7.270000		-74.313774		14.455137		-88.768910		42.950295		0.000000
7.280000		-74.313771		14.401480		-88.715251		42.790866		0.000000
7.290000		-74.313769		14.347276		-88.661045		42.629810		0.000000
7.300000		-74.313768		14.295698		-88.609466		42.476557		0.000000
7.310000		-74.313767		14.248867		-88.562634		42.337409		0.000000
7.320000		-74.313767		14.207785		-88.521552		42.215344		0.000000
7.330000		-74.313768		14.172485		-88.486253		42.110458		0.000000
7.340000		-74.313769		14.142312		-88.456080		42.020804		0.000000
7.350000		-74.313770		14.116232		-88.430002		41.943315		0.000000
7.360000		-74.313770		14.093088		-88.406858		41.874546		0.000000
7.370000		-74.313771		14.071735		-88.385506		41.811099		0.000000
7.380000		-74.313772		14.051086		-88.364858		41.749746		0.000000
7.390000		-74.313773		14.030106		-88.343879		41.687409		0.000000
7.400000		-74.313774		14.007827		-88.321601		41.621213		0.000000
7.410000		-74.313775		13.983455		-88.297229		41.548795		0.000000
7.420000		-74.313775		13.956585		-88.270359		41.468956		0.000000
7.430000		-74.313774		13.927515		-88.241289		41.382581		0.000000
7.440000		-74.313773		13.897570		-88.211343		41.293608		0.000000
7.450000		-74.313771		13.869335		-88.183106		41.209713		0.000000
7.460000		-74.313768		13.846662		-88.160430		41.142345		0.000000
7.470000		-74.313764		13.834374		-88.148138		41.105834		0.000000
7.480000		-74.313761		13.837626		-88.151387		41.115497		0.000000
7.490000		-74.313759		13.861003		-88.174762		41.184957		0.000000
7.500000		-74.313759		13.907519		-88.221277		41.323168		0.000000
7.510000		-74.313760		13.977740		-88.291500		41.531815		0.000000
7.520000		-74.313763		14.069266		-88.383029		41.803764		0.000000
7.530000		-74.313768		14.176689		-88.490458		42.122950		0.000000
7.540000		-74.313774		14.292067		-88.605841		42.465770		0.000000
7.550000		-74.313781		14.405773		-88.719553		42.803621		0.000000
7.560000		-74.313787		14.507555		-88.821342		43.106046		0.000000
7.570000		-74.313792		14.587600		-88.901392		43.343881		0.000000
7.580000		-74.313796		14.637435		-88.951231		43.491954		0.000000
7.590000		-74.313799		14.650607		-88.964406		43.531092		0.000000
7.600000		-74.313800		14.623107		-88.936907		43.449383		0.000000
7.610000		-74.313799		14.553570		-88.867368		43.242768		0.000000
7.620000		-74.313796		14.443292		-88.757088		42.915101		0.000000
7.630000		-74.313792		14.296109		-88.609902		42.477780		0.000000
7.640000		-74.313787		14.118155		-88.431942		41.949027		0.000000
7.650000		-74.313781		13.917497		-88.231279		41.352816		0.000000
7.660000		-74.313775		13.703665		-88.017440		40.717461		0.000000
7.670000		-74.313768		13.487046		-87.800815		40.073826		0.000000
7.680000		-74.313762		13.278197		-87.591960		39.453276		0.000000
7.690000		-74.313757		13.087116		-87.400873		38.885520		0.000000
7.700000		-74.313753		12.922588		-87.236341		38.396661		0.000000
7.710000		-74.313750		12.791707		-87.105457		38.007777		0.000000
7.720000		-74.313748		12.699646		-87.013394		37.734237		0.000000
7.730000		-74.313747		12.649675		-86.963422		37.585759		0.000000
7.740000		-74.313747		12.643335		-86.957083		37.566921		0.000000
7.750000		-74.313748		12.680623		-86.994372		37.677715		0.000000
7.760000		-74.313750		12.760069		-87.073819		37.913770		0.000000
7.770000		-74.313753		12.878666		-87.192419		38.266156		0.000000
7.780000		-74.313757		13.031739		-87.345496		38.720978		0.000000
7.790000		-74.313762		13.212878		-87.526639		39.259193		0.000000
7.800000		-74.313767		13.414092		-87.727859		39.857058		0.000000
7.810000		-74.313773		13.626228		-87.940001		40.487372		0.000000
7.820000		-74.313779		13.839602		-88.153381		41.121368		0.000000
7.830000		-74.313784		14.044737		-88.358521		41.730881		0.000000
7.840000		-74.313788		14.233044		-88.546832		42.290396		0.000000
7.850000		-74.313791		14.397361		-88.711152		42.778626		0.000000
7.860000		-74.313793		14.532281		-88.846074		43.179514		0.000000
7.870000		-74.313794		14.634300		-88.948094		43.482640		0.000000
7.880000		-74.313793		14.701783		-89.015576		43.683150		0.000000
7.890000		-74.313792		14.734807		-89.048600		43.781276		0.000000
7.900000		-74.313791		14.734901		-89.048691		43.781553		0.000000
7.910000		-74.313789		14.704681		-89.018469		43.691761		0.000000
7.920000		-74.313787		14.647428		-88.961215		43.521647		0.000000
7.930000		-74.313785		14.566619		-88.880404		43.281540		0.000000
7.940000		-74.313784		14.465473		-88.779257		42.981009		0.000000
7.950000		-74.313783		14.346597		-88.660381		42.627794		0.000000
7.960000		-74.313783		14.211782		-88.525565		42.227219		0.000000
7.970000		-74.313784		14.062016		-88.375800		41.782222		0.000000
7.980000		-74.313785		13.897707		-88.211492		41.294014		0.000000
7.990000		-74.313786		13.719063		-88.032849		40.763213		0.000000
8.000000		-74.313786		13.526547		-87.840333		40.191194		0.000000
8.010000		-74.313786		13.321308		-87.635093		39.581370		0.000000
8.020000		-74.313785		13.105511		-87.419295		38.940175		0.000000
8.030000		-74.313783		12.882532		-87.196315		38.277643		0.000000
8.040000		-74.313780		12.657032		-86.970812		37.607617		0.000000
8.050000		-74.313776		12.434938		-86.748715		36.947715		0.000000
8.060000		-74.313772		12.223405		-86.537177		36.319190		0.000000
8.070000		-74.313767		12.030742		-86.344509		35.746735		0.000000
8.080000		-74.313761		11.866274		-86.180036		35.258054		0.000000
8.090000		-74.313756		11.740001		-86.053756		34.882860		0.000000
8.100000		-74.313750		11.661903		-85.975653		34.650810		0.000000
8.110000		-74.313746		11.640795		-85.954542		34.588092		0.000000
8.120000		-74.313745		11.682790		-85.996535		34.712870		0.000000
8.130000		-74.313747		11.789682		-86.103430		35.030477		0.000000
8.140000		-74.313753		11.957733		-86.271486		35.529803		0.000000
8.150000		-74.313762		12.177325		-86.491088		36.182274		0.000000
8.160000		-74.313774		12.433723		-86.747496		36.944103		0.000000
8.170000		-74.313786		12.708791		-87.022576		37.761408		0.000000
8.180000		-74.313797		12.983241		-87.297038		38.576879		0.000000
8.190000		-74.313806		13.238853		-87.552659		39.336374		0.000000
8.200000		-74.313812		13.460255		-87.774068		39.994222		0.000000
8.210000		-74.313816		13.636073		-87.949889		40.516624		0.000000
8.220000		-74.313817		13.759462		-88.073279		40.883249		0.000000
8.230000		-74.313815		13.828164		-88.141978		41.087381		0.000000
8.240000		-74.313811		13.844235		-88.158045		41.135133		0.000000
8.250000		-74.313805		13.813588		-88.127393		41.044074		0.000000
8.260000		-74.313797		13.745415		-88.059212		40.841512		0.000000
8.270000		-74.313788		13.651512		-87.965300		40.562498		0.000000
8.280000		-74.313779		13.545520		-87.859299		40.247567		0.000000
8.290000		-74.313769		13.442062		-87.755831		39.940165		0.000000
8.300000		-74.313761		13.355765		-87.669526		39.683753		0.000000
8.310000		-74.313753		13.300192		-87.613946		39.518630		0.000000
8.320000		-74.313748		13.286739		-87.600487		39.478657		0.000000
8.330000		-74.313745		13.323600		-87.637346		39.588180		0.000000
8.340000		-74.313746		13.414942		-87.728688		39.859583		0.000000
8.350000		-74.313749		13.560429		-87.874177		40.291865		0.000000
8.360000		-74.313755		13.755195		-88.068949		40.870570		0.000000
8.370000		-74.313762		13.990285		-88.304048		41.569091		0.000000
8.380000		-74.313771		14.253496		-88.567268		42.351165		0.000000
8.390000		-74.313781		14.530470		-88.844251		43.174132		0.000000
8.400000		-74.313790		14.805889		-89.119679		43.992478		0.000000
8.410000		-74.313799		15.064621		-89.378420		44.761245		0.000000
8.420000		-74.313807		15.292721		-89.606527		45.438995		0.000000
8.430000		-74.313812		15.478231		-89.792043		45.990197		0.000000
8.440000		-74.313816		15.611760		-89.925576		46.386951		0.000000
8.450000		-74.313818		15.686850		-90.000668		46.610063		0.000000
8.460000		-74.313818		15.700122		-90.013939		46.649497		0.000000
8.470000		-74.313816		15.651230		-89.965046		46.504227		0.000000
8.480000		-74.313813		15.542634		-89.856447		46.181557		0.000000
8.490000		-74.313808		15.379224		-89.693032		45.696020		0.000000
8.500000		-74.313803		15.167851		-89.481654		45.067970		0.000000
8.510000		-74.313798		14.916817		-89.230615		44.322078		0.000000
8.520000		-74.313792		14.635395		-88.949187		43.485894		0.000000
8.530000		-74.313785		14.333420		-88.647206		42.588642		0.000000
8.540000		-74.313779		14.020990		-88.334769		41.660323		0.000000
8.550000		-74.313773		13.708254		-88.022027		40.731095		0.000000
8.560000		-74.313768		13.405257		-87.719025		39.830806		0.000000
8.570000		-74.313762		13.121770		-87.435532		38.988487		0.000000
8.580000		-74.313757		12.867046		-87.180803		38.231629		0.000000
8.590000		-74.313753		12.649470		-86.963223		37.585149		0.000000
8.600000		-74.313750		12.476115		-86.789865		37.070062		0.000000
8.610000		-74.313748		12.352255		-86.666003		36.702040		0.000000
8.620000		-74.313748		12.280922		-86.594670		36.490089		0.000000
8.630000		-74.313749		12.262588		-86.576337		36.435614		0.000000
8.640000		-74.313752		12.295050		-86.608802		36.532068		0.000000
8.650000		-74.313757		12.373542		-86.687299		36.765290		0.000000
8.660000		-74.313762		12.491092		-86.804854		37.114563		0.000000
8.670000		-74.313768		12.639091		-86.952859		37.554309		0.000000
8.680000		-74.313774		12.808039		-87.121813		38.056302		0.000000
8.690000		-74.313779		12.988393		-87.302172		38.592187		0.000000
8.700000		-74.313783		13.171434		-87.485217		39.136052		0.000000
8.710000		-74.313786		13.350045		-87.663831		39.666756		0.000000
8.720000		-74.313787		13.519309		-87.833096		40.169688		0.000000
8.730000		-74.313786		13.676814		-87.990599		40.637677		0.000000
8.740000		-74.313784		13.822599		-88.136383		41.070848		0.000000
8.750000		-74.313781		13.958724		-88.272504		41.475313		0.000000
8.760000		-74.313777		14.088467		-88.402244		41.860816		0.000000
8.770000		-74.313775		14.215294		-88.529069		42.237655		0.000000
8.780000		-74.313774		14.341768		-88.655541		42.613444		0.000000
8.790000		-74.313774		14.468633		-88.782407		42.990395		0.000000
8.800000		-74.313776		14.594285		-88.908060		43.363743		0.000000
8.810000		-74.313779		14.714740		-89.028519		43.721649		0.000000
8.820000		-74.313783		14.824082		-89.137865		44.046536		0.000000
8.830000		-74.313787		14.915252		-89.229039		44.317427		0.000000
8.840000		-74.313791		14.980961		-89.294752		44.512667		0.000000
8.850000		-74.313794		15.014539		-89.328333		44.612438		0.000000
8.860000		-74.313796		15.010581		-89.324377		44.600676		0.000000
8.870000		-74.313797		14.965334		-89.279131		44.466235		0.000000
8.880000		-74.313797		14.876867		-89.190664		44.203374		0.000000
8.890000		-74.313796		14.745069		-89.058866		43.811767		0.000000
8.900000		-74.313794		14.571562		-88.885357		43.296229		0.000000
8.910000		-74.313791		14.359570		-88.673361		42.666340		0.000000
8.920000		-74.313788		14.113793		-88.427581		41.936068		0.000000
8.930000		-74.313783		13.840291		-88.154074		41.123415		0.000000
8.940000		-74.313778		13.546357		-87.860136		40.250055		0.000000
8.950000		-74.313773		13.240378		-87.554151		39.340904		0.000000
8.960000		-74.313767		12.931638		-87.245405		38.423550		0.000000
8.970000		-74.313761		12.630060		-86.943821		37.527478		0.000000
8.980000		-74.313755		12.345869		-86.659623		36.683064		0.000000
8.990000		-74.313749		12.089167		-86.402916		35.920331		0.000000
9.000000		-74.313744		11.869465		-86.183209		35.267535		0.000000
9.010000		-74.313740		11.695170		-86.008910		34.749655		0.000000
9.020000		-74.313737		11.573085		-85.886822		34.386906		0.000000
9.030000		-74.313735		11.507963		-85.821698		34.193408		0.000000
9.040000		-74.313735		11.502149		-85.815884		34.176134		0.000000
9.050000		-74.313737		11.555364		-85.869102		34.334252		0.000000
9.060000		-74.313741		11.664646		-85.978387		34.658960		0.000000
9.070000		-74.313746		11.824480		-86.138225		35.133871		0.000000
9.080000		-74.313751		12.027113		-86.340864		35.735951		0.000000
9.090000		-74.313758		12.263049		-86.576806		36.436982		0.000000
9.100000		-74.313764		12.521661		-86.835426		37.205393		0.000000
9.110000		-74.313771		12.791884		-87.105655		38.008301		0.000000
9.120000		-74.313777		13.062884		-87.376660		38.813518		0.000000
9.130000		-74.313782		13.324659		-87.638441		39.591327		0.000000
9.140000		-74.313786		13.568499		-87.882285		40.315844		0.000000
9.150000		-74.313789		13.787282		-88.101071		40.965911		0.000000
9.160000		-74.313790		13.975612		-88.289402		41.525492		0.000000
9.170000		-74.313791		14.129813		-88.443604		41.983668		0.000000
9.180000		-74.313791		14.247826		-88.561617		42.334317		0.000000
9.190000		-74.313790		14.329028		-88.642819		42.575591		0.000000
9.200000		-74.313789		14.374022		-88.687811		42.709281		0.000000
9.210000		-74.313787		14.384402		-88.698189		42.740122		0.000000
9.220000		-74.313785		14.362512		-88.676297		42.675081		0.000000
9.230000		-74.313783		14.311206		-88.624990		42.522637		0.000000
9.240000		-74.313781		14.233607		-88.547389		42.292069		0.000000
9.250000		-74.313780		14.132877		-88.446657		41.992772		0.000000
9.260000		-74.313778		14.012015		-88.325793		41.633655		0.000000
9.270000		-74.313777		13.873698		-88.187475		41.222675		0.000000
9.280000		-74.313777		13.720201		-88.033978		40.766593		0.000000
9.290000		-74.313776		13.553410		-87.867186		40.271011		0.000000
9.300000		-74.313776		13.374952		-87.688728		39.740762		0.000000
9.310000		-74.313776		13.186440		-87.500216		39.180638		0.000000
9.320000		-74.313775		12.989801		-87.303576		38.596370		0.000000
9.330000		-74.313774		12.787641		-87.101415		37.995696		0.000000
9.340000		-74.313772		12.583538		-86.897310		37.389247		0.000000
9.350000		-74.313769		12.382176		-86.695945		36.790944		0.000000
9.360000		-74.313765		12.189229		-86.502994		36.217642		0.000000
9.370000		-74.313762		12.010950		-86.324712		35.687925		0.000000
9.380000		-74.313759		11.853542		-86.167301		35.220222		0.000000
9.390000		-74.313757		11.722439		-86.036196		34.830678		0.000000
9.400000		-74.313756		11.621719		-85.935475		34.531410		0.000000
9.410000		-74.313756		11.553824		-85.867580		34.329675		0.000000
9.420000		-74.313757		11.519668		-85.833425		34.228189		0.000000
9.430000		-74.313757		11.519063		-85.832820		34.226390		0.000000
9.440000		-74.313758		11.551262		-85.865020		34.322063		0.000000
9.450000		-74.313758		11.615407		-85.929165		34.512656		0.000000
9.460000		-74.313759		11.710697		-86.024456		34.795790		0.000000
9.470000		-74.313759		11.836247		-86.150006		35.168834		0.000000
9.480000		-74.313760		11.990726		-86.304486		35.627835		0.000000
9.490000		-74.313762		12.171954		-86.485715		36.166313		0.000000
9.500000		-74.313764		12.376638		-86.690402		36.774490		0.000000
9.510000		-74.313767		12.600380		-86.914147		37.439290		0.000000
9.520000		-74.313770		12.837956		-87.151726		38.145195		0.000000
9.530000		-74.313773		13.083801		-87.397574		38.875670		0.000000
9.540000		-74.313775		13.332547		-87.646323		39.614765		0.000000
9.550000		-74.313777		13.579458		-87.893236		40.348408		0.000000
9.560000		-74.313779		13.820664		-88.134443		41.065098		0.000000
9.570000		-74.313780		14.053150		-88.366929		41.755879		0.000000
9.580000		-74.313780		14.274541		-88.588321		42.413694		0.000000
9.590000		-74.313781		14.482760		-88.796542		43.032372		0.000000
9.600000		-74.313783		14.675668		-88.989450		43.605555		0.000000
9.610000		-74.313785		14.850772		-89.164556		44.125839		0.000000
9.620000		-74.313787		15.005090		-89.318877		44.584361		0.000000
9.630000		-74.313790		15.135197		-89.448987		44.970948		0.000000
9.640000		-74.313792		15.237476		-89.551268		45.274847		0.000000
9.650000		-74.313794		15.308536		-89.622331		45.485987		0.000000
9.660000		-74.313796		15.345773		-89.659569		45.596628		0.000000
9.670000		-74.313796		15.347977		-89.661773		45.603177		0.000000
9.680000		-74.313795		15.315884		-89.629679		45.507819		0.000000
9.690000		-74.313792		15.252529		-89.566321		45.319573		0.000000
9.700000		-74.313788		15.163237		-89.477025		45.054260		0.000000
9.710000		-74.313784		15.055129		-89.368913		44.733042		0.000000
9.720000		-74.313780		14.936120		-89.249900		44.379434		0.000000
9.730000		-74.313777		14.813539		-89.127316		44.015210		0.000000
9.740000		-74.313776		14.692689		-89.006466		43.656131		0.000000
9.750000		-74.313778		14.575776		-88.889554		43.308749		0.000000
9.760000		-74.313782		14.461557		-88.775339		42.969372		0.000000
9.770000		-74.313786		14.345873		-88.659660		42.625644		0.000000
9.780000		-74.313791		14.222934		-88.536725		42.260354		0.000000
9.790000		-74.313795		14.086975		-88.400769		41.856382		0.000000
9.800000		-74.313796		13.933876		-88.247672		41.401483		0.000000
9.810000		-74.313796		13.762370		-88.076166		40.891891		0.000000
9.820000		-74.313793		13.574669		-87.888461		40.334177		0.000000
9.830000		-74.313788		13.376486		-87.690274		39.745320		0.000000
9.840000		-74.313781		13.176537		-87.490318		39.151214		0.000000
9.850000		-74.313774		12.985618		-87.299391		38.583939		0.000000
9.860000		-74.313767		12.815392		-87.129159		38.078151		0.000000
9.870000		-74.313761		12.676997		-86.990759		37.666941		0.000000
9.880000		-74.313758		12.579626		-86.893384		37.377624		0.000000
9.890000		-74.313757		12.529279		-86.843036		37.228028		0.000000
9.900000		-74.313758		12.527900		-86.841659		37.223932		0.000000
9.910000		-74.313762		12.573099		-86.886861		37.358230		0.000000
9.920000		-74.313768		12.658544		-86.972312		37.612111		0.000000
9.930000		-74.313775		12.774994		-87.088769		37.958116		0.000000
9.940000		-74.313781		12.911742		-87.225524		38.364434		0.000000
9.950000		-74.313787		13.058161		-87.371947		38.799485		0.000000
9.960000		-74.313791		13.204974		-87.518765		39.235709		0.000000
9.970000		-74.313793		13.345013		-87.658806		39.651804		0.000000
9.980000		-74.313794		13.473352		-87.787146		40.033136		0.000000
9.990000		-74.313795		13.586950		-87.900745		40.370667		0.000000
10.000000		-74.313794		13.684060		-87.997854		40.659209		0.000000
