27

Ar -0.760000 -0.438786 -0.310269 
Ar -0.380000 -0.438786 -0.310269 
Ar 0.000000 -0.438786 -0.310269 
Ar -0.570000 -0.109697 -0.310269 
Ar -0.190000 -0.109697 -0.310269 
Ar 0.190000 -0.109697 -0.310269 
Ar -0.380000 0.219393 -0.310269 
Ar 0.000000 0.219393 -0.310269 
Ar 0.380000 0.219393 -0.310269 
Ar -0.570000 -0.329090 0.000000 
Ar -0.190000 -0.329090 0.000000 
Ar 0.190000 -0.329090 0.000000 
Ar -0.380000 0.000000 0.000000 
Ar 0.000000 0.000000 0.000000 
Ar 0.380000 0.000000 0.000000 
Ar -0.190000 0.329090 0.000000 
Ar 0.190000 0.329090 0.000000 
Ar 0.570000 0.329090 0.000000 
Ar -0.380000 -0.219393 0.310269 
Ar 0.000000 -0.219393 0.310269 
Ar 0.380000 -0.219393 0.310269 
Ar -0.190000 0.109697 0.310269 
Ar 0.190000 0.109697 0.310269 
Ar 0.570000 0.109697 0.310269 
Ar 0.000000 0.438786 0.310269 
Ar 0.380000 0.438786 0.310269 
Ar 0.760000 0.438786 0.310269 
27

Ar -0.773635 -0.435674 -0.293682 
Ar -0.363406 -0.457536 -0.294764 
Ar 0.000144 -0.431163 -0.318633 
Ar -0.575747 -0.132260 -0.297381 
Ar -0.193681 -0.107978 -0.313572 
Ar 0.187391 -0.119772 -0.315255 
Ar -0.389346 0.209777 -0.305349 
Ar -0.010154 0.214140 -0.296638 
Ar 0.395931 0.206149 -0.286834 
Ar -0.544681 -0.349370 0.010759 
Ar -0.174755 -0.313506 -0.010128 
Ar 0.180025 -0.328248 -0.011976 
Ar -0.388856 0.008685 0.003798 
Ar 0.000432 0.015304 -0.006362 
Ar 0.375854 0.008354 -0.009209 
Ar -0.217454 0.352526 -0.007037 
Ar 0.211039 0.319304 -0.011984 
Ar 0.561234 0.348824 -0.015214 
Ar -0.360257 -0.209429 0.309807 
Ar -0.018824 -0.246347 0.324210 
Ar 0.371634 -0.207559 0.297193 
Ar -0.176202 0.114841 0.301971 
Ar 0.171964 0.103542 0.309115 
Ar 0.586236 0.115106 0.321608 
Ar 0.018731 0.444292 0.316912 
Ar 0.370656 0.450283 0.297881 
Ar 0.755729 0.427717 0.300766 
27

Ar -0.786659 -0.435215 -0.276121 
Ar -0.350699 -0.474948 -0.280670 
Ar 0.000782 -0.425970 -0.328294 
Ar -0.576906 -0.151535 -0.283832 
Ar -0.198260 -0.106961 -0.316106 
Ar 0.185179 -0.123739 -0.319521 
Ar -0.399153 0.199987 -0.301877 
Ar -0.018420 0.212690 -0.288274 
Ar 0.409948 0.193578 -0.286396 
Ar -0.520374 -0.368186 0.021593 
Ar -0.165385 -0.296556 -0.017108 
Ar 0.175803 -0.325082 -0.019685 
Ar -0.394601 0.014788 0.007574 
Ar -0.000814 0.023941 -0.008317 
Ar 0.373350 0.004087 -0.005869 
Ar -0.240309 0.372827 -0.011428 
Ar 0.215260 0.317327 -0.016106 
Ar 0.562478 0.370645 -0.022387 
Ar -0.352234 -0.198422 0.307673 
Ar -0.022966 -0.270911 0.335363 
Ar 0.362412 -0.196517 0.283841 
Ar -0.171351 0.121020 0.292526 
Ar 0.165809 0.098194 0.306704 
Ar 0.594950 0.116366 0.329898 
Ar 0.029351 0.448076 0.320731 
Ar 0.369614 0.458905 0.285351 
Ar 0.753195 0.421611 0.290736 
27

Ar -0.800563 -0.439814 -0.257112 
Ar -0.343371 -0.491516 -0.269671 
Ar 0.002231 -0.425311 -0.339691 
Ar -0.571051 -0.165170 -0.269651 
Ar -0.203529 -0.106712 -0.320300 
Ar 0.184512 -0.117478 -0.323383 
Ar -0.409954 0.191772 -0.301462 
Ar -0.025450 0.219550 -0.291294 
Ar 0.422282 0.182514 -0.307118 
Ar -0.500635 -0.385306 0.033338 
Ar -0.166551 -0.281182 -0.017492 
Ar 0.182519 -0.321613 -0.021800 
Ar -0.397156 0.017670 0.011269 
Ar -0.002263 0.022290 -0.003358 
Ar 0.373228 -0.007964 0.003757 
Ar -0.258316 0.388876 -0.013285 
Ar 0.203769 0.323355 -0.014080 
Ar 0.572534 0.393642 -0.024966 
Ar -0.358676 -0.186098 0.304711 
Ar -0.009569 -0.293948 0.343404 
Ar 0.354852 -0.194430 0.276977 
Ar -0.181235 0.130626 0.283826 
Ar 0.174995 0.097606 0.305048 
Ar 0.593679 0.109747 0.335477 
Ar 0.026985 0.449536 0.322228 
Ar 0.381589 0.464922 0.273807 
Ar 0.755145 0.424435 0.280821 
27

Ar -0.814509 -0.447884 -0.236623 
Ar -0.339927 -0.507211 -0.262397 
Ar 0.004890 -0.426653 -0.350626 
Ar -0.559985 -0.175536 -0.254855 
Ar -0.207088 -0.106889 -0.327293 
Ar 0.183799 -0.102814 -0.325704 
Ar -0.421536 0.186755 -0.304107 
Ar -0.032327 0.230379 -0.299965 
Ar 0.432058 0.172682 -0.329084 
Ar -0.490340 -0.402119 0.046710 
Ar -0.172538 -0.274250 -0.011828 
Ar 0.193059 -0.320454 -0.021742 
Ar -0.398057 0.019060 0.012046 
Ar 0.000066 0.019062 0.001730 
Ar 0.375976 -0.007282 -0.001170 
Ar -0.271946 0.399805 -0.013767 
Ar 0.189254 0.330555 -0.011206 
Ar 0.581814 0.413018 -0.033418 
Ar -0.366895 -0.176306 0.305276 
Ar 0.007632 -0.313676 0.346864 
Ar 0.352005 -0.211372 0.287606 
Ar -0.195306 0.145196 0.278586 
Ar 0.186890 0.107123 0.305353 
Ar 0.584864 0.099529 0.338174 
Ar 0.018944 0.448572 0.321072 
Ar 0.397109 0.468728 0.266184 
Ar 0.762093 0.431983 0.274183 
27

Ar -0.826393 -0.456551 -0.214889 
Ar -0.338250 -0.520996 -0.257869 
Ar 0.008681 -0.426511 -0.359182 
Ar -0.548179 -0.187139 -0.239958 
Ar -0.206056 -0.107663 -0.334799 
Ar 0.179944 -0.085200 -0.325261 
Ar -0.433136 0.185206 -0.309159 
Ar -0.039727 0.240342 -0.307969 
Ar 0.440536 0.165454 -0.347954 
Ar -0.491751 -0.420453 0.061702 
Ar -0.176694 -0.277772 -0.004570 
Ar 0.200327 -0.321465 -0.022747 
Ar -0.398149 0.021357 0.007985 
Ar 0.006810 0.020974 0.003335 
Ar 0.380803 0.003011 -0.011834 
Ar -0.281648 0.405311 -0.013877 
Ar 0.176203 0.337709 -0.008447 
Ar 0.588098 0.427740 -0.050713 
Ar -0.372310 -0.170732 0.311579 
Ar 0.020540 -0.330370 0.345784 
Ar 0.354843 -0.233998 0.305653 
Ar -0.206648 0.163398 0.276986 
Ar 0.198353 0.121953 0.306145 
Ar 0.571580 0.090287 0.337515 
Ar 0.011212 0.446824 0.317117 
Ar 0.407767 0.469933 0.263672 
Ar 0.773242 0.439350 0.271753 
27

Ar -0.835077 -0.464461 -0.192101 
Ar -0.337119 -0.531708 -0.254088 
Ar 0.012853 -0.423505 -0.364461 
Ar -0.538668 -0.203256 -0.226427 
Ar -0.200325 -0.108521 -0.339920 
Ar 0.171260 -0.068902 -0.321940 
Ar -0.443645 0.185945 -0.316289 
Ar -0.048063 0.247903 -0.312960 
Ar 0.449622 0.162087 -0.364075 
Ar -0.501270 -0.439694 0.077149 
Ar -0.177396 -0.286145 0.001318 
Ar 0.203637 -0.321744 -0.024674 
Ar -0.395123 0.025376 0.003004 
Ar 0.012642 0.024195 0.002713 
Ar 0.386137 0.016923 -0.019851 
Ar -0.287692 0.405763 -0.014505 
Ar 0.166250 0.346229 -0.006592 
Ar 0.591637 0.438567 -0.071927 
Ar -0.374516 -0.167879 0.320481 
Ar 0.024042 -0.345676 0.340841 
Ar 0.365214 -0.251560 0.322219 
Ar -0.215664 0.179879 0.276885 
Ar 0.208765 0.136301 0.305795 
Ar 0.557174 0.083244 0.333703 
Ar 0.006555 0.448037 0.311374 
Ar 0.412745 0.467667 0.263654 
Ar 0.786026 0.444934 0.270672 
27

Ar -0.840216 -0.471292 -0.168349 
Ar -0.335741 -0.539096 -0.249538 
Ar 0.016773 -0.417799 -0.366065 
Ar -0.531269 -0.224096 -0.214791 
Ar -0.193689 -0.108663 -0.340873 
Ar 0.160412 -0.055242 -0.316922 
Ar -0.452041 0.187237 -0.324743 
Ar -0.057658 0.253083 -0.314008 
Ar 0.459506 0.162001 -0.377814 
Ar -0.513363 -0.457751 0.091511 
Ar -0.177139 -0.295165 0.005209 
Ar 0.204095 -0.318944 -0.026416 
Ar -0.387139 0.030214 -0.000196 
Ar 0.013254 0.025148 0.002388 
Ar 0.390868 0.032683 -0.024396 
Ar -0.290233 0.402187 -0.016745 
Ar 0.160052 0.356572 -0.007353 
Ar 0.592362 0.446030 -0.092425 
Ar -0.373720 -0.166333 0.327931 
Ar 0.019740 -0.359520 0.332059 
Ar 0.380373 -0.263775 0.335619 
Ar -0.224679 0.189505 0.277442 
Ar 0.212273 0.148761 0.303299 
Ar 0.548294 0.077761 0.327606 
Ar 0.006565 0.455909 0.305586 
Ar 0.414530 0.461855 0.263204 
Ar 0.797791 0.448728 0.268779 
27

Ar -0.841794 -0.477074 -0.143717 
Ar -0.332941 -0.544629 -0.243773 
Ar 0.020240 -0.410234 -0.363858 
Ar -0.524629 -0.245952 -0.203452 
Ar -0.192117 -0.107904 -0.336887 
Ar 0.154306 -0.043797 -0.312466 
Ar -0.457609 0.187790 -0.333084 
Ar -0.068823 0.256473 -0.310756 
Ar 0.468910 0.163663 -0.388878 
Ar -0.524747 -0.473393 0.103901 
Ar -0.178390 -0.303034 0.006775 
Ar 0.202531 -0.312174 -0.027414 
Ar -0.375455 0.032770 -0.004347 
Ar 0.007736 0.024778 0.005189 
Ar 0.393681 0.049877 -0.026574 
Ar -0.289284 0.396125 -0.021572 
Ar 0.157154 0.366669 -0.012523 
Ar 0.590149 0.450208 -0.110439 
Ar -0.370152 -0.165726 0.331762 
Ar 0.012823 -0.370851 0.319976 
Ar 0.394990 -0.272925 0.345850 
Ar -0.232279 0.192979 0.280375 
Ar 0.204067 0.158754 0.298447 
Ar 0.549559 0.072950 0.320130 
Ar 0.009305 0.469891 0.301094 
Ar 0.415727 0.453787 0.260810 
Ar 0.807041 0.450979 0.265433 
27

Ar -0.840097 -0.481928 -0.118446 
Ar -0.326676 -0.551949 -0.237378 
Ar 0.023193 -0.401594 -0.357911 
Ar -0.519496 -0.263410 -0.190835 
Ar -0.198576 -0.106337 -0.327951 
Ar 0.156827 -0.033815 -0.309725 
Ar -0.460116 0.187099 -0.340099 
Ar -0.081246 0.258179 -0.303656 
Ar 0.476949 0.166192 -0.396838 
Ar -0.533928 -0.486375 0.114266 
Ar -0.182462 -0.308666 0.005241 
Ar 0.199461 -0.301395 -0.027490 
Ar -0.362681 0.030224 -0.012083 
Ar -0.002271 0.024981 0.011667 
Ar 0.393369 0.068481 -0.027629 
Ar -0.284901 0.389247 -0.028585 
Ar 0.156397 0.374256 -0.022217 
Ar 0.584914 0.451010 -0.125553 
Ar -0.363981 -0.166135 0.331081 
Ar 0.006428 -0.379362 0.306341 
Ar 0.406686 -0.280285 0.353071 
Ar -0.235598 0.193993 0.286750 
Ar 0.188816 0.163952 0.292276 
Ar 0.555909 0.069721 0.311599 
Ar 0.011681 0.487088 0.297764 
Ar 0.418211 0.445012 0.255736 
Ar 0.813188 0.451814 0.260602 
27

Ar -0.836130 -0.485955 -0.093256 
Ar -0.315846 -0.563989 -0.231448 
Ar 0.025262 -0.392061 -0.348529 
Ar -0.517713 -0.273485 -0.176665 
Ar -0.208910 -0.104196 -0.315747 
Ar 0.163935 -0.024718 -0.307489 
Ar -0.460056 0.185209 -0.345224 
Ar -0.092376 0.256593 -0.295547 
Ar 0.483406 0.169326 -0.401516 
Ar -0.539608 -0.496917 0.123428 
Ar -0.189342 -0.311340 0.000119 
Ar 0.195346 -0.286941 -0.026432 
Ar -0.353819 0.023434 -0.021405 
Ar -0.011771 0.025922 0.018415 
Ar 0.389712 0.088346 -0.028277 
Ar -0.278638 0.383358 -0.034184 
Ar 0.156376 0.378688 -0.034262 
Ar 0.576572 0.448360 -0.137640 
Ar -0.355337 -0.167712 0.325547 
Ar 0.002149 -0.385337 0.293552 
Ar 0.415136 -0.286076 0.357457 
Ar -0.234166 0.194411 0.294289 
Ar 0.172287 0.164570 0.286440 
Ar 0.562134 0.068905 0.302354 
Ar 0.013068 0.504729 0.294073 
Ar 0.422224 0.435631 0.247554 
Ar 0.816104 0.451245 0.254394 
27

Ar -0.832252 -0.489166 -0.069733 
Ar -0.302623 -0.579267 -0.226549 
Ar 0.025847 -0.381653 -0.336415 
Ar -0.519789 -0.279025 -0.162601 
Ar -0.215742 -0.103907 -0.307856 
Ar 0.170478 -0.016266 -0.304676 
Ar -0.458741 0.182533 -0.348457 
Ar -0.096819 0.248605 -0.292955 
Ar 0.488286 0.172857 -0.403118 
Ar -0.539513 -0.505398 0.133220 
Ar -0.196507 -0.311557 -0.006874 
Ar 0.191040 -0.269639 -0.023733 
Ar -0.358290 0.018399 -0.024510 
Ar -0.015211 0.026554 0.020744 
Ar 0.384109 0.108369 -0.028508 
Ar -0.274710 0.380938 -0.031144 
Ar 0.155429 0.381124 -0.046055 
Ar 0.565129 0.442494 -0.146417 
Ar -0.344404 -0.170473 0.315228 
Ar 0.000489 -0.389084 0.283172 
Ar 0.420594 -0.290085 0.359139 
Ar -0.228852 0.194538 0.299983 
Ar 0.158701 0.164625 0.283873 
Ar 0.566620 0.070181 0.292847 
Ar 0.014257 0.520300 0.288519 
Ar 0.426602 0.424787 0.235965 
Ar 0.815873 0.449215 0.246913 
27

Ar -0.831253 -0.491524 -0.049496 
Ar -0.289592 -0.595001 -0.222484 
Ar 0.025035 -0.371427 -0.322840 
Ar -0.526370 -0.284093 -0.151352 
Ar -0.215919 -0.107091 -0.310762 
Ar 0.174686 -0.008862 -0.301900 
Ar -0.457429 0.179567 -0.349955 
Ar -0.093833 0.235273 -0.297026 
Ar 0.491487 0.176046 -0.402508 
Ar -0.531149 -0.512127 0.145443 
Ar -0.199619 -0.310913 -0.012496 
Ar 0.188900 -0.251954 -0.018658 
Ar -0.376929 0.020692 -0.015465 
Ar -0.017130 0.027250 0.015040 
Ar 0.379642 0.125049 -0.027657 
Ar -0.273473 0.381669 -0.018479 
Ar 0.150748 0.384743 -0.056135 
Ar 0.551036 0.434724 -0.151258 
Ar -0.331646 -0.174191 0.301204 
Ar 0.001040 -0.390780 0.275466 
Ar 0.423318 -0.292043 0.358186 
Ar -0.220901 0.194264 0.302691 
Ar 0.151473 0.167912 0.287372 
Ar 0.569397 0.072497 0.283567 
Ar 0.015812 0.532121 0.280351 
Ar 0.429954 0.412565 0.220918 
Ar 0.812715 0.445635 0.238230 
27

Ar -0.833158 -0.493255 -0.031972 
Ar -0.277613 -0.609304 -0.218522 
Ar 0.024941 -0.364266 -0.309354 
Ar -0.536395 -0.289757 -0.143844 
Ar -0.216212 -0.109776 -0.317851 
Ar 0.178330 -0.004308 -0.300716 
Ar -0.456316 0.176417 -0.349507 
Ar -0.089523 0.223931 -0.302350 
Ar 0.492776 0.177215 -0.401517 
Ar -0.514969 -0.516910 0.159395 
Ar -0.197253 -0.310130 -0.016992 
Ar 0.193023 -0.238113 -0.010603 
Ar -0.399378 0.027679 -0.001996 
Ar -0.025890 0.032927 0.004335 
Ar 0.377654 0.132874 -0.025670 
Ar -0.270529 0.382386 -0.003403 
Ar 0.140005 0.392136 -0.064090 
Ar 0.535892 0.428715 -0.151690 
Ar -0.318049 -0.178338 0.287000 
Ar 0.003508 -0.390860 0.270616 
Ar 0.423433 -0.291753 0.354589 
Ar -0.212162 0.193100 0.303030 
Ar 0.150616 0.173799 0.294081 
Ar 0.571422 0.074043 0.275434 
Ar 0.017761 0.539443 0.269464 
Ar 0.431092 0.401699 0.203743 
Ar 0.806995 0.440405 0.228389 
27

Ar -0.835827 -0.494902 -0.015104 
Ar -0.266614 -0.621045 -0.213925 
Ar 0.028803 -0.362506 -0.297407 
Ar -0.546006 -0.295141 -0.138524 
Ar -0.222137 -0.110207 -0.324536 
Ar 0.183915 -0.005273 -0.301778 
Ar -0.455428 0.173267 -0.346808 
Ar -0.088968 0.221691 -0.308280 
Ar 0.492353 0.174929 -0.401922 
Ar -0.493828 -0.519099 0.172534 
Ar -0.191838 -0.309807 -0.023967 
Ar 0.203892 -0.227617 0.000618 
Ar -0.420290 0.036096 0.009041 
Ar -0.041508 0.044292 -0.004712 
Ar 0.373337 0.127591 -0.025318 
Ar -0.263902 0.382307 0.008782 
Ar 0.125748 0.400900 -0.069613 
Ar 0.522258 0.429320 -0.149761 
Ar -0.305191 -0.181626 0.278227 
Ar 0.008030 -0.390122 0.268903 
Ar 0.420916 -0.289107 0.348262 
Ar -0.204773 0.190036 0.303018 
Ar 0.154804 0.179422 0.298932 
Ar 0.574158 0.072892 0.269898 
Ar 0.019791 0.542200 0.256429 
Ar 0.429071 0.398046 0.189592 
Ar 0.799233 0.433463 0.217419 
27

Ar -0.837821 -0.496901 0.002458 
Ar -0.256402 -0.629914 -0.208393 
Ar 0.038490 -0.364761 -0.289357 
Ar -0.551955 -0.299296 -0.133705 
Ar -0.231930 -0.110596 -0.330072 
Ar 0.188239 -0.012159 -0.304997 
Ar -0.455814 0.171110 -0.341864 
Ar -0.092171 0.229338 -0.317697 
Ar 0.491231 0.170078 -0.403451 
Ar -0.469926 -0.518258 0.182926 
Ar -0.187115 -0.310012 -0.032350 
Ar 0.217008 -0.216254 0.013885 
Ar -0.438483 0.044209 0.016531 
Ar -0.058069 0.054985 -0.008721 
Ar 0.363929 0.112402 -0.027631 
Ar -0.254228 0.382390 0.015045 
Ar 0.113068 0.406920 -0.073350 
Ar 0.511162 0.436445 -0.150892 
Ar -0.294429 -0.182279 0.277125 
Ar 0.014512 -0.389256 0.269685 
Ar 0.415723 -0.284097 0.339213 
Ar -0.199935 0.184114 0.305439 
Ar 0.162732 0.182849 0.299804 
Ar 0.577752 0.069454 0.267174 
Ar 0.021385 0.541104 0.243261 
Ar 0.422877 0.403578 0.184577 
Ar 0.790170 0.424806 0.205357 
27

Ar -0.838445 -0.499250 0.021037 
Ar -0.246813 -0.636107 -0.201951 
Ar 0.054322 -0.368808 -0.287058 
Ar -0.553120 -0.301843 -0.128480 
Ar -0.240647 -0.112848 -0.334222 
Ar 0.185200 -0.023392 -0.311500 
Ar -0.459076 0.171513 -0.334889 
Ar -0.096348 0.241354 -0.330737 
Ar 0.490260 0.164513 -0.404657 
Ar -0.444381 -0.514505 0.189654 
Ar -0.186190 -0.309468 -0.036169 
Ar 0.226604 -0.206350 0.027107 
Ar -0.453053 0.050771 0.021978 
Ar -0.071154 0.060758 -0.009908 
Ar 0.354833 0.101886 -0.028174 
Ar -0.244368 0.383140 0.015113 
Ar 0.106695 0.407453 -0.078535 
Ar 0.501327 0.445618 -0.157477 
Ar -0.286002 -0.179780 0.280779 
Ar 0.022296 -0.388493 0.271543 
Ar 0.408384 -0.277019 0.328518 
Ar -0.197439 0.176302 0.311694 
Ar 0.171334 0.182267 0.296855 
Ar 0.580573 0.066131 0.265566 
Ar 0.022045 0.537908 0.234228 
Ar 0.412622 0.413808 0.187469 
Ar 0.780542 0.414444 0.192217 
27

Ar -0.837114 -0.501564 0.040345 
Ar -0.237665 -0.639755 -0.194613 
Ar 0.072587 -0.374503 -0.287516 
Ar -0.550045 -0.302891 -0.122392 
Ar -0.245548 -0.116656 -0.336857 
Ar 0.174524 -0.035053 -0.319923 
Ar -0.465224 0.174982 -0.326125 
Ar -0.100371 0.252321 -0.344862 
Ar 0.488987 0.158918 -0.404283 
Ar -0.417930 -0.508621 0.192465 
Ar -0.187011 -0.307796 -0.034790 
Ar 0.225096 -0.205615 0.035663 
Ar -0.463091 0.055135 0.026992 
Ar -0.078748 0.060148 -0.012442 
Ar 0.351621 0.110018 -0.028047 
Ar -0.238613 0.384136 0.011322 
Ar 0.110129 0.401651 -0.087778 
Ar 0.491085 0.453809 -0.166285 
Ar -0.279630 -0.175331 0.286243 
Ar 0.029874 -0.388045 0.273797 
Ar 0.401744 -0.269113 0.321018 
Ar -0.196141 0.170149 0.320382 
Ar 0.176476 0.175353 0.291465 
Ar 0.581255 0.064628 0.263679 
Ar 0.022080 0.533985 0.232536 
Ar 0.401215 0.427320 0.192084 
Ar 0.770460 0.402390 0.177922 
27

Ar -0.833342 -0.503377 0.059902 
Ar -0.228792 -0.640785 -0.186284 
Ar 0.088331 -0.384432 -0.286619 
Ar -0.544094 -0.302715 -0.115263 
Ar -0.246753 -0.120133 -0.337908 
Ar 0.160171 -0.040625 -0.326389 
Ar -0.472216 0.180363 -0.315992 
Ar -0.104577 0.259678 -0.357984 
Ar 0.486307 0.153213 -0.401532 
Ar -0.391704 -0.502464 0.191895 
Ar -0.184689 -0.305168 -0.031409 
Ar 0.211306 -0.207200 0.030379 
Ar -0.467923 0.056979 0.032744 
Ar -0.080899 0.053996 -0.017390 
Ar 0.352310 0.130537 -0.031296 
Ar -0.238125 0.384504 0.005558 
Ar 0.121342 0.391580 -0.098389 
Ar 0.480100 0.460111 -0.174303 
Ar -0.274988 -0.171249 0.292065 
Ar 0.034501 -0.388993 0.277578 
Ar 0.399898 -0.261891 0.323221 
Ar -0.194447 0.169850 0.328643 
Ar 0.176766 0.161992 0.284852 
Ar 0.579263 0.065516 0.261070 
Ar 0.022471 0.528315 0.235731 
Ar 0.390338 0.443535 0.194811 
Ar 0.759446 0.388864 0.162308 
27

Ar -0.826861 -0.504355 0.079292 
Ar -0.220086 -0.639115 -0.176843 
Ar 0.099663 -0.399475 -0.283327 
Ar -0.536502 -0.301560 -0.107087 
Ar -0.245356 -0.121534 -0.337318 
Ar 0.144010 -0.037604 -0.329216 
Ar -0.477851 0.186305 -0.305048 
Ar -0.109157 0.262898 -0.368515 
Ar 0.481555 0.147436 -0.396273 
Ar -0.367772 -0.499459 0.189752 
Ar -0.175375 -0.301100 -0.029201 
Ar 0.192425 -0.202923 0.013999 
Ar -0.467118 0.056149 0.039955 
Ar -0.079156 0.046316 -0.023548 
Ar 0.357664 0.147324 -0.037252 
Ar -0.240020 0.382782 -0.001671 
Ar 0.129496 0.383066 -0.107752 
Ar 0.470569 0.465475 -0.180987 
Ar -0.271476 -0.168287 0.297583 
Ar 0.034885 -0.391771 0.283574 
Ar 0.400030 -0.254567 0.330822 
Ar -0.191525 0.177369 0.334060 
Ar 0.174209 0.144975 0.277110 
Ar 0.574239 0.068469 0.257736 
Ar 0.022744 0.519275 0.239923 
Ar 0.379832 0.459230 0.195198 
Ar 0.746934 0.374683 0.145033 
27

Ar -0.817574 -0.504320 0.098230 
Ar -0.211506 -0.634878 -0.166287 
Ar 0.106741 -0.416763 -0.279503 
Ar -0.527439 -0.299677 -0.097798 
Ar -0.242684 -0.119992 -0.335320 
Ar 0.126715 -0.029400 -0.328848 
Ar -0.480818 0.192035 -0.293604 
Ar -0.114193 0.262251 -0.375556 
Ar 0.474750 0.141787 -0.389463 
Ar -0.347826 -0.502536 0.188093 
Ar -0.159607 -0.296626 -0.030004 
Ar 0.176298 -0.193855 -0.002290 
Ar -0.460524 0.052804 0.048752 
Ar -0.076643 0.044644 -0.029354 
Ar 0.372446 0.149084 -0.041497 
Ar -0.242015 0.377869 -0.010086 
Ar 0.122041 0.382498 -0.116251 
Ar 0.466054 0.472215 -0.187226 
Ar -0.268075 -0.164565 0.302205 
Ar 0.032740 -0.394622 0.289554 
Ar 0.397574 -0.246477 0.337691 
Ar -0.187918 0.190912 0.335251 
Ar 0.171160 0.126433 0.267237 
Ar 0.565856 0.072032 0.254607 
Ar 0.020266 0.506288 0.243332 
Ar 0.371387 0.471182 0.192833 
Ar 0.732795 0.361677 0.125304 
27

Ar -0.805446 -0.503194 0.116534 
Ar -0.203210 -0.629003 -0.155033 
Ar 0.110267 -0.434046 -0.276673 
Ar -0.516267 -0.297448 -0.087290 
Ar -0.240865 -0.115484 -0.332406 
Ar 0.111302 -0.019260 -0.328265 
Ar -0.480655 0.197058 -0.281546 
Ar -0.120631 0.258534 -0.379557 
Ar 0.466617 0.136486 -0.384198 
Ar -0.331324 -0.510488 0.187335 
Ar -0.146538 -0.295766 -0.032437 
Ar 0.175273 -0.183857 -0.010834 
Ar -0.448586 0.047722 0.058478 
Ar -0.079047 0.057090 -0.032838 
Ar 0.388337 0.142779 -0.043399 
Ar -0.244551 0.370463 -0.019086 
Ar 0.106293 0.384159 -0.121934 
Ar 0.465515 0.479943 -0.192665 
Ar -0.263783 -0.159236 0.304811 
Ar 0.029871 -0.395934 0.293345 
Ar 0.390804 -0.238107 0.342371 
Ar -0.184881 0.206533 0.331902 
Ar 0.168668 0.107170 0.254364 
Ar 0.555052 0.073964 0.255102 
Ar 0.013041 0.490074 0.245294 
Ar 0.367216 0.477790 0.186800 
Ar 0.717529 0.352056 0.101825 
27

Ar -0.790434 -0.500951 0.134089 
Ar -0.195801 -0.624543 -0.144606 
Ar 0.111572 -0.449325 -0.273980 
Ar -0.503188 -0.295490 -0.075738 
Ar -0.242924 -0.108880 -0.328614 
Ar 0.103023 -0.009541 -0.329746 
Ar -0.477990 0.200699 -0.268778 
Ar -0.130177 0.253948 -0.382092 
Ar 0.458101 0.131846 -0.385208 
Ar -0.317652 -0.520207 0.188000 
Ar -0.141323 -0.295606 -0.033821 
Ar 0.193051 -0.173543 -0.011257 
Ar -0.433511 0.042658 0.067564 
Ar -0.084950 0.074861 -0.032414 
Ar 0.396511 0.137803 -0.044402 
Ar -0.252107 0.366525 -0.027268 
Ar 0.094772 0.383867 -0.123660 
Ar 0.465492 0.486038 -0.196341 
Ar -0.257386 -0.153816 0.305210 
Ar 0.027526 -0.395095 0.294193 
Ar 0.378858 -0.230803 0.344951 
Ar -0.186272 0.216164 0.325747 
Ar 0.166036 0.088153 0.239646 
Ar 0.545187 0.074240 0.263765 
Ar 0.005898 0.476091 0.243665 
Ar 0.366233 0.478972 0.176998 
Ar 0.701455 0.345936 0.074097 
27

Ar -0.772458 -0.497595 0.150813 
Ar -0.190058 -0.625366 -0.137229 
Ar 0.112207 -0.460716 -0.270209 
Ar -0.490336 -0.294658 -0.063650 
Ar -0.250319 -0.101361 -0.323422 
Ar 0.104551 -0.002602 -0.331253 
Ar -0.475922 0.201446 -0.256448 
Ar -0.142886 0.251741 -0.384390 
Ar 0.449656 0.128344 -0.394141 
Ar -0.307372 -0.529304 0.191514 
Ar -0.135060 -0.288002 -0.032027 
Ar 0.216918 -0.167009 -0.010107 
Ar -0.420812 0.040278 0.073457 
Ar -0.084741 0.079734 -0.029739 
Ar 0.396721 0.137926 -0.044900 
Ar -0.268868 0.376313 -0.032266 
Ar 0.092371 0.382407 -0.122693 
Ar 0.463763 0.489273 -0.199105 
Ar -0.247130 -0.151575 0.305709 
Ar 0.026978 -0.392219 0.292117 
Ar 0.361471 -0.226506 0.345944 
Ar -0.198421 0.209523 0.320326 
Ar 0.161466 0.073268 0.228525 
Ar 0.538945 0.076653 0.279660 
Ar 0.008001 0.473929 0.234966 
Ar 0.365672 0.475258 0.164419 
Ar 0.685664 0.340820 0.044131 
27

Ar -0.751411 -0.493163 0.166664 
Ar -0.186181 -0.630315 -0.133085 
Ar 0.113462 -0.467241 -0.265094 
Ar -0.480097 -0.295897 -0.051470 
Ar -0.261012 -0.094098 -0.316365 
Ar 0.111839 0.001116 -0.330497 
Ar -0.480118 0.197065 -0.247375 
Ar -0.154803 0.253181 -0.386067 
Ar 0.441969 0.126707 -0.407599 
Ar -0.300693 -0.535725 0.198069 
Ar -0.122540 -0.275099 -0.027440 
Ar 0.239152 -0.173324 -0.015075 
Ar -0.416504 0.041328 0.073942 
Ar -0.079772 0.076362 -0.028994 
Ar 0.391307 0.144050 -0.046047 
Ar -0.285555 0.396006 -0.031269 
Ar 0.096867 0.379961 -0.121173 
Ar 0.457572 0.491063 -0.204988 
Ar -0.233334 -0.155729 0.308479 
Ar 0.029504 -0.389075 0.287501 
Ar 0.341171 -0.225433 0.346252 
Ar -0.214498 0.196692 0.315458 
Ar 0.154010 0.068557 0.229364 
Ar 0.535131 0.083765 0.297187 
Ar 0.013989 0.477337 0.221971 
Ar 0.364514 0.467525 0.150909 
Ar 0.676032 0.334385 0.016743 
27

Ar -0.727242 -0.487789 0.181706 
Ar -0.184185 -0.635614 -0.130385 
Ar 0.116057 -0.468707 -0.258769 
Ar -0.471858 -0.299921 -0.039388 
Ar -0.271803 -0.088992 -0.307253 
Ar 0.118143 0.002145 -0.326670 
Ar -0.492314 0.189534 -0.242532 
Ar -0.162294 0.257429 -0.385822 
Ar 0.437071 0.128076 -0.421879 
Ar -0.297091 -0.538369 0.206320 
Ar -0.106323 -0.266141 -0.023233 
Ar 0.257493 -0.189628 -0.024089 
Ar -0.421532 0.041399 0.069117 
Ar -0.076018 0.077523 -0.032807 
Ar 0.378117 0.151203 -0.049192 
Ar -0.295371 0.416987 -0.024973 
Ar 0.104082 0.375951 -0.122271 
Ar 0.444914 0.493825 -0.218187 
Ar -0.221629 -0.164286 0.312141 
Ar 0.035163 -0.391603 0.280574 
Ar 0.325134 -0.224295 0.347489 
Ar -0.224609 0.192238 0.312764 
Ar 0.146082 0.071778 0.240246 
Ar 0.530661 0.094521 0.312238 
Ar 0.015102 0.478946 0.209756 
Ar 0.364142 0.457263 0.139125 
Ar 0.680110 0.326526 -0.004028 
27

Ar -0.700252 -0.481883 0.196360 
Ar -0.183966 -0.639115 -0.127449 
Ar 0.119974 -0.466029 -0.251773 
Ar -0.463086 -0.307088 -0.028082 
Ar -0.280128 -0.087840 -0.296194 
Ar 0.120351 0.000463 -0.320311 
Ar -0.509799 0.185487 -0.242468 
Ar -0.165806 0.262812 -0.382060 
Ar 0.436231 0.133250 -0.435116 
Ar -0.296056 -0.537619 0.214853 
Ar -0.091550 -0.265808 -0.022991 
Ar 0.272481 -0.207700 -0.032266 
Ar -0.430682 0.037496 0.063444 
Ar -0.076731 0.088372 -0.037548 
Ar 0.360393 0.150950 -0.054559 
Ar -0.299911 0.433727 -0.017182 
Ar 0.108371 0.372844 -0.129672 
Ar 0.429735 0.496406 -0.236532 
Ar -0.217093 -0.170648 0.315005 
Ar 0.041801 -0.407304 0.271507 
Ar 0.321233 -0.218534 0.351298 
Ar -0.226840 0.197522 0.312706 
Ar 0.138610 0.079143 0.253753 
Ar 0.523629 0.107498 0.323042 
Ar 0.009396 0.477826 0.201018 
Ar 0.366660 0.447588 0.131941 
Ar 0.693036 0.318184 -0.020724 
27

Ar -0.671919 -0.476422 0.211935 
Ar -0.184998 -0.639663 -0.123300 
Ar 0.124556 -0.462291 -0.246214 
Ar -0.451631 -0.316726 -0.019733 
Ar -0.285307 -0.089965 -0.283506 
Ar 0.119619 -0.003926 -0.313310 
Ar -0.529612 0.187800 -0.247820 
Ar -0.167484 0.267499 -0.374056 
Ar 0.437639 0.141712 -0.445949 
Ar -0.297250 -0.535216 0.223224 
Ar -0.081606 -0.268008 -0.026951 
Ar 0.286242 -0.223382 -0.036887 
Ar -0.437799 0.031762 0.062241 
Ar -0.084434 0.103096 -0.036967 
Ar 0.347574 0.137795 -0.060900 
Ar -0.301516 0.443944 -0.010415 
Ar 0.103742 0.377150 -0.144390 
Ar 0.417512 0.497059 -0.256313 
Ar -0.217115 -0.173257 0.315381 
Ar 0.050201 -0.433306 0.262274 
Ar 0.326627 -0.208691 0.356468 
Ar -0.224676 0.206981 0.312063 
Ar 0.130642 0.089622 0.265273 
Ar 0.513687 0.122151 0.329165 
Ar 0.000500 0.474052 0.195272 
Ar 0.371790 0.440926 0.129898 
Ar 0.705016 0.309305 -0.036483 
27

Ar -0.646139 -0.472402 0.230560 
Ar -0.186617 -0.636465 -0.117445 
Ar 0.128875 -0.462214 -0.245844 
Ar -0.436746 -0.326030 -0.018045 
Ar -0.288677 -0.092412 -0.270228 
Ar 0.115836 -0.010970 -0.307080 
Ar -0.548146 0.193755 -0.255569 
Ar -0.170325 0.269891 -0.363306 
Ar 0.438680 0.152218 -0.453236 
Ar -0.297824 -0.534009 0.232739 
Ar -0.076564 -0.266575 -0.030454 
Ar 0.300580 -0.235197 -0.035416 
Ar -0.441668 0.027283 0.064620 
Ar -0.097785 0.115954 -0.029075 
Ar 0.340439 0.119681 -0.065242 
Ar -0.302709 0.447299 -0.006616 
Ar 0.093570 0.388340 -0.161468 
Ar 0.411161 0.495551 -0.275824 
Ar -0.217151 -0.173825 0.311652 
Ar 0.062091 -0.461035 0.253435 
Ar 0.333695 -0.198236 0.360210 
Ar -0.222913 0.215767 0.309891 
Ar 0.122990 0.101875 0.272957 
Ar 0.501377 0.138218 0.330825 
Ar -0.005183 0.468707 0.190879 
Ar 0.377105 0.434897 0.129112 
Ar 0.712048 0.299935 -0.052030 
27

Ar -0.628983 -0.468453 0.252502 
Ar -0.188181 -0.629187 -0.109712 
Ar 0.132167 -0.466961 -0.251327 
Ar -0.421362 -0.333604 -0.023573 
Ar -0.291700 -0.091887 -0.258994 
Ar 0.106466 -0.020656 -0.302282 
Ar -0.562782 0.200293 -0.262491 
Ar -0.179236 0.267906 -0.353705 
Ar 0.437889 0.163149 -0.456557 
Ar -0.290170 -0.536712 0.244926 
Ar -0.071598 -0.260809 -0.029323 
Ar 0.314916 -0.245486 -0.027369 
Ar -0.444510 0.024813 0.068192 
Ar -0.110359 0.126237 -0.017524 
Ar 0.337068 0.108451 -0.064928 
Ar -0.305946 0.444515 -0.007287 
Ar 0.085277 0.401516 -0.173372 
Ar 0.410865 0.492358 -0.293987 
Ar -0.215557 -0.172718 0.303592 
Ar 0.076342 -0.485938 0.243123 
Ar 0.338906 -0.188549 0.361102 
Ar -0.227231 0.220578 0.308809 
Ar 0.117927 0.113848 0.276471 
Ar 0.488000 0.154482 0.329117 
Ar -0.001889 0.464527 0.186298 
Ar 0.380385 0.428063 0.125703 
Ar 0.713295 0.290224 -0.067405 
27

Ar -0.621624 -0.462057 0.275430 
Ar -0.188421 -0.618647 -0.100511 
Ar 0.134098 -0.473138 -0.259003 
Ar -0.410436 -0.342035 -0.029861 
Ar -0.294523 -0.085959 -0.252615 
Ar 0.091470 -0.032010 -0.297768 
Ar -0.572594 0.206064 -0.267097 
Ar -0.196212 0.260716 -0.347080 
Ar 0.434984 0.171433 -0.456755 
Ar -0.271583 -0.542751 0.258359 
Ar -0.060380 -0.252685 -0.024060 
Ar 0.326978 -0.257198 -0.015119 
Ar -0.449301 0.023202 0.071771 
Ar -0.115443 0.133251 -0.008444 
Ar 0.335919 0.106713 -0.060437 
Ar -0.311513 0.437512 -0.011836 
Ar 0.082022 0.414439 -0.177486 
Ar 0.414920 0.489570 -0.308924 
Ar -0.212481 -0.169647 0.292549 
Ar 0.091992 -0.506544 0.229910 
Ar 0.341293 -0.179779 0.358934 
Ar -0.239658 0.222216 0.312275 
Ar 0.116339 0.123499 0.276395 
Ar 0.476223 0.167177 0.327226 
Ar 0.009379 0.462368 0.180598 
Ar 0.379932 0.423966 0.116182 
Ar 0.708623 0.280323 -0.082633 
27

Ar -0.617115 -0.453272 0.297382 
Ar -0.184000 -0.608338 -0.091194 
Ar 0.134675 -0.477771 -0.265548 
Ar -0.405948 -0.349717 -0.030951 
Ar -0.297011 -0.076877 -0.250026 
Ar 0.074329 -0.042725 -0.291945 
Ar -0.578006 0.210610 -0.268771 
Ar -0.215963 0.252243 -0.341677 
Ar 0.430334 0.172035 -0.455841 
Ar -0.249681 -0.548768 0.271391 
Ar -0.042722 -0.244576 -0.018274 
Ar 0.335488 -0.269685 -0.001760 
Ar -0.456675 0.021696 0.074117 
Ar -0.111080 0.135225 -0.004726 
Ar 0.333907 0.108899 -0.054989 
Ar -0.318484 0.428749 -0.018299 
Ar 0.081239 0.424370 -0.177868 
Ar 0.421231 0.491680 -0.317777 
Ar -0.209115 -0.164476 0.281499 
Ar 0.109394 -0.522483 0.213089 
Ar 0.340685 -0.171971 0.354431 
Ar -0.256019 0.223703 0.319893 
Ar 0.116120 0.128903 0.274178 
Ar 0.469186 0.173326 0.328539 
Ar 0.021370 0.461253 0.174771 
Ar 0.375852 0.427550 0.098172 
Ar 0.698009 0.270416 -0.097817 
27

Ar -0.610561 -0.442926 0.317480 
Ar -0.170677 -0.602800 -0.083047 
Ar 0.134234 -0.479550 -0.269397 
Ar -0.407840 -0.350284 -0.025103 
Ar -0.301407 -0.073419 -0.246610 
Ar 0.060087 -0.049354 -0.287717 
Ar -0.581162 0.213651 -0.266993 
Ar -0.231285 0.250197 -0.338215 
Ar 0.424079 0.163761 -0.454037 
Ar -0.230012 -0.552199 0.283748 
Ar -0.023169 -0.240566 -0.013092 
Ar 0.340986 -0.281744 0.009405 
Ar -0.464719 0.020976 0.074099 
Ar -0.101560 0.132494 -0.004657 
Ar 0.328666 0.108544 -0.051131 
Ar -0.326165 0.419270 -0.024738 
Ar 0.081031 0.429368 -0.179477 
Ar 0.428380 0.499767 -0.319612 
Ar -0.207089 -0.157249 0.273578 
Ar 0.128479 -0.534044 0.192477 
Ar 0.337025 -0.165449 0.349434 
Ar -0.271456 0.225621 0.327391 
Ar 0.115288 0.128387 0.272262 
Ar 0.467471 0.176977 0.331081 
Ar 0.027340 0.461721 0.171283 
Ar 0.372380 0.438085 0.074708 
Ar 0.681655 0.260767 -0.113119 
27

Ar -0.600536 -0.431377 0.335396 
Ar -0.150468 -0.600387 -0.075034 
Ar 0.133787 -0.477946 -0.270385 
Ar -0.412642 -0.344863 -0.012858 
Ar -0.309292 -0.080090 -0.240120 
Ar 0.052917 -0.048871 -0.291174 
Ar -0.585160 0.214809 -0.261292 
Ar -0.236918 0.257605 -0.338939 
Ar 0.416146 0.151500 -0.449016 
Ar -0.213041 -0.551825 0.294873 
Ar -0.006346 -0.244151 -0.005025 
Ar 0.346756 -0.292555 0.014633 
Ar -0.471925 0.022273 0.071822 
Ar -0.093298 0.127814 -0.007579 
Ar 0.319107 0.103395 -0.049008 
Ar -0.333902 0.408941 -0.028675 
Ar 0.080801 0.428924 -0.184841 
Ar 0.435531 0.509166 -0.316732 
Ar -0.207125 -0.148261 0.269542 
Ar 0.146941 -0.543038 0.169339 
Ar 0.330633 -0.160467 0.346287 
Ar -0.283598 0.227373 0.331437 
Ar 0.113857 0.122583 0.273493 
Ar 0.469595 0.182600 0.331355 
Ar 0.025013 0.463411 0.171628 
Ar 0.372899 0.451827 0.049564 
Ar 0.660268 0.251612 -0.128689 
27

Ar -0.586785 -0.418716 0.351041 
Ar -0.130149 -0.597756 -0.065270 
Ar 0.135358 -0.472507 -0.269706 
Ar -0.416028 -0.339518 0.005263 
Ar -0.317280 -0.089667 -0.233652 
Ar 0.051855 -0.043742 -0.301484 
Ar -0.590226 0.213804 -0.252118 
Ar -0.233437 0.266873 -0.343777 
Ar 0.406404 0.139089 -0.439194 
Ar -0.197594 -0.547140 0.303867 
Ar 0.005005 -0.251333 0.004586 
Ar 0.358695 -0.299206 0.011267 
Ar -0.478104 0.026836 0.068747 
Ar -0.090055 0.123428 -0.013149 
Ar 0.305108 0.095370 -0.047267 
Ar -0.341379 0.397966 -0.027323 
Ar 0.079961 0.423217 -0.193092 
Ar 0.442079 0.516922 -0.313383 
Ar -0.208858 -0.138023 0.268268 
Ar 0.161459 -0.554018 0.147311 
Ar 0.323095 -0.157951 0.345688 
Ar -0.291787 0.228734 0.330882 
Ar 0.110943 0.115297 0.278627 
Ar 0.473326 0.190670 0.327817 
Ar 0.017271 0.463867 0.173833 
Ar 0.375735 0.464719 0.026694 
Ar 0.635388 0.242786 -0.144473 
27

Ar -0.569447 -0.404999 0.364705 
Ar -0.117160 -0.595432 -0.054673 
Ar 0.140841 -0.462889 -0.269145 
Ar -0.416243 -0.337377 0.028624 
Ar -0.321511 -0.096677 -0.230407 
Ar 0.053890 -0.037917 -0.314123 
Ar -0.594155 0.210830 -0.241256 
Ar -0.225423 0.272577 -0.350768 
Ar 0.393958 0.127637 -0.425101 
Ar -0.182933 -0.537916 0.310253 
Ar 0.011086 -0.255159 0.012727 
Ar 0.378131 -0.299205 0.000601 
Ar -0.483467 0.034923 0.066707 
Ar -0.091761 0.119743 -0.019096 
Ar 0.287369 0.086669 -0.044740 
Ar -0.347994 0.386471 -0.020439 
Ar 0.079025 0.412845 -0.201895 
Ar 0.448183 0.523889 -0.317972 
Ar -0.211392 -0.127409 0.268371 
Ar 0.173861 -0.569509 0.130391 
Ar 0.317247 -0.160318 0.345974 
Ar -0.295920 0.230174 0.325977 
Ar 0.103507 0.111381 0.285405 
Ar 0.476273 0.199702 0.320002 
Ar 0.007282 0.460968 0.174849 
Ar 0.376919 0.473531 0.014331 
Ar 0.609834 0.233466 -0.159303 
27

Ar -0.549259 -0.390463 0.378016 
Ar -0.117244 -0.594324 -0.047642 
Ar 0.149555 -0.449661 -0.268716 
Ar -0.412203 -0.337436 0.053363 
Ar -0.321331 -0.100902 -0.229718 
Ar 0.056189 -0.032961 -0.326503 
Ar -0.596188 0.206693 -0.231721 
Ar -0.218052 0.273229 -0.357518 
Ar 0.375766 0.116197 -0.411534 
Ar -0.168788 -0.524023 0.314166 
Ar 0.015507 -0.253119 0.019659 
Ar 0.399120 -0.294460 -0.013221 
Ar -0.487649 0.043623 0.067148 
Ar -0.097330 0.116030 -0.023467 
Ar 0.267700 0.078247 -0.040462 
Ar -0.352582 0.375649 -0.011073 
Ar 0.080845 0.398962 -0.208843 
Ar 0.453757 0.531130 -0.334153 
Ar -0.213704 -0.117732 0.269216 
Ar 0.191727 -0.585520 0.120066 
Ar 0.314042 -0.167797 0.344635 
Ar -0.295887 0.232756 0.318537 
Ar 0.090901 0.112255 0.291919 
Ar 0.476440 0.208210 0.307821 
Ar -0.003651 0.454077 0.172885 
Ar 0.374061 0.477075 0.015715 
Ar 0.588257 0.224265 -0.168576 
27

Ar -0.527978 -0.375591 0.395202 
Ar -0.126067 -0.592596 -0.044677 
Ar 0.159085 -0.434012 -0.266884 
Ar -0.403010 -0.337922 0.071687 
Ar -0.318128 -0.103526 -0.229272 
Ar 0.052576 -0.030932 -0.336104 
Ar -0.597228 0.202773 -0.227364 
Ar -0.215183 0.268255 -0.362989 
Ar 0.351255 0.104435 -0.406099 
Ar -0.154834 -0.505516 0.316034 
Ar 0.021070 -0.246886 0.026157 
Ar 0.417168 -0.286914 -0.027302 
Ar -0.490294 0.046747 0.071820 
Ar -0.106182 0.111529 -0.025594 
Ar 0.249383 0.070247 -0.033727 
Ar -0.354612 0.370059 -0.004522 
Ar 0.088750 0.382655 -0.212187 
Ar 0.457521 0.536845 -0.353972 
Ar -0.214773 -0.110429 0.271390 
Ar 0.214213 -0.598221 0.112943 
Ar 0.311348 -0.177241 0.339465 
Ar -0.291547 0.237168 0.313161 
Ar 0.076505 0.114994 0.298028 
Ar 0.472690 0.215307 0.291383 
Ar -0.014780 0.444115 0.166982 
Ar 0.368088 0.476082 0.022796 
Ar 0.574963 0.218576 -0.166354 
27

Ar -0.506561 -0.360319 0.418802 
Ar -0.135742 -0.588355 -0.043466 
Ar 0.167569 -0.416836 -0.263060 
Ar -0.390039 -0.338913 0.077731 
Ar -0.314305 -0.105979 -0.228263 
Ar 0.030856 -0.036949 -0.338885 
Ar -0.597415 0.199530 -0.229329 
Ar -0.217016 0.258354 -0.366194 
Ar 0.334976 0.098910 -0.408868 
Ar -0.140313 -0.482962 0.316371 
Ar 0.028033 -0.239213 0.032650 
Ar 0.431085 -0.277080 -0.040099 
Ar -0.491649 0.041037 0.080722 
Ar -0.117542 0.106725 -0.024837 
Ar 0.236273 0.062595 -0.025166 
Ar -0.355686 0.373799 -0.006273 
Ar 0.102272 0.363710 -0.212433 
Ar 0.459003 0.539218 -0.371912 
Ar -0.214058 -0.106569 0.276420 
Ar 0.235802 -0.605939 0.105200 
Ar 0.307019 -0.186084 0.329226 
Ar -0.284362 0.242536 0.315327 
Ar 0.064948 0.116655 0.304181 
Ar 0.464859 0.220030 0.271334 
Ar -0.024176 0.433841 0.156114 
Ar 0.359887 0.471900 0.030156 
Ar 0.566283 0.216359 -0.155450 
27

Ar -0.483492 -0.343924 0.444494 
Ar -0.141994 -0.581698 -0.043227 
Ar 0.173680 -0.398971 -0.258050 
Ar -0.377790 -0.340218 0.074213 
Ar -0.315751 -0.110952 -0.226740 
Ar -0.000688 -0.049046 -0.335596 
Ar -0.595392 0.195720 -0.234664 
Ar -0.221553 0.245600 -0.365832 
Ar 0.328420 0.099944 -0.413872 
Ar -0.123990 -0.458048 0.315851 
Ar 0.034366 -0.233253 0.039776 
Ar 0.441453 -0.264810 -0.050408 
Ar -0.491503 0.030693 0.090567 
Ar -0.129213 0.103688 -0.019468 
Ar 0.230674 0.056095 -0.016624 
Ar -0.358374 0.383637 -0.015253 
Ar 0.117192 0.341714 -0.212185 
Ar 0.458290 0.537593 -0.386525 
Ar -0.212610 -0.106565 0.285381 
Ar 0.254376 -0.608010 0.095744 
Ar 0.300063 -0.193311 0.313572 
Ar -0.279360 0.247978 0.324183 
Ar 0.061071 0.116451 0.310585 
Ar 0.454177 0.219435 0.250382 
Ar -0.028218 0.426521 0.139407 
Ar 0.349072 0.468299 0.035104 
Ar 0.557095 0.215436 -0.140815 
27

Ar -0.457902 -0.326438 0.468037 
Ar -0.141135 -0.575174 -0.044657 
Ar 0.176370 -0.381583 -0.253328 
Ar -0.370485 -0.338654 0.067544 
Ar -0.334362 -0.120855 -0.221588 
Ar -0.016763 -0.061021 -0.332229 
Ar -0.590310 0.190037 -0.240511 
Ar -0.227883 0.232824 -0.361445 
Ar 0.323076 0.101908 -0.417015 
Ar -0.104544 -0.435390 0.315287 
Ar 0.035835 -0.232280 0.047283 
Ar 0.449793 -0.249898 -0.057274 
Ar -0.490007 0.020565 0.098631 
Ar -0.138940 0.102485 -0.009344 
Ar 0.232360 0.051974 -0.009427 
Ar -0.363288 0.394339 -0.026903 
Ar 0.128391 0.318574 -0.214437 
Ar 0.455480 0.531817 -0.397596 
Ar -0.212346 -0.107196 0.297623 
Ar 0.269613 -0.604131 0.084591 
Ar 0.291041 -0.198633 0.293687 
Ar -0.279256 0.253603 0.334448 
Ar 0.066646 0.115715 0.316481 
Ar 0.443593 0.208660 0.234131 
Ar -0.025468 0.422348 0.118557 
Ar 0.334595 0.472058 0.034947 
Ar 0.545896 0.214346 -0.125492 
27

Ar -0.431431 -0.309563 0.489184 
Ar -0.130650 -0.571090 -0.048337 
Ar 0.176072 -0.366327 -0.249883 
Ar -0.368918 -0.333275 0.065320 
Ar -0.365792 -0.130851 -0.214709 
Ar -0.015680 -0.071487 -0.328196 
Ar -0.583042 0.181792 -0.245416 
Ar -0.235010 0.221567 -0.353321 
Ar 0.320453 0.099964 -0.420166 
Ar -0.081705 -0.423361 0.316697 
Ar 0.027558 -0.235049 0.049400 
Ar 0.457769 -0.232962 -0.060857 
Ar -0.488800 0.013371 0.104544 
Ar -0.146428 0.099085 0.001379 
Ar 0.235300 0.046677 -0.005582 
Ar -0.368923 0.403333 -0.038359 
Ar 0.130255 0.300223 -0.219677 
Ar 0.450572 0.521874 -0.405115 
Ar -0.213351 -0.100313 0.310736 
Ar 0.281456 -0.594061 0.072007 
Ar 0.284082 -0.202063 0.274575 
Ar -0.281232 0.259504 0.341790 
Ar 0.077854 0.115961 0.320733 
Ar 0.435825 0.190766 0.227715 
Ar -0.019703 0.419564 0.097972 
Ar 0.319483 0.483753 0.031294 
Ar 0.533986 0.212968 -0.113727 
27

Ar -0.407827 -0.297085 0.510810 
Ar -0.112839 -0.567912 -0.053057 
Ar 0.176872 -0.356951 -0.247461 
Ar -0.368165 -0.330447 0.074448 
Ar -0.395774 -0.134424 -0.215279 
Ar -0.011627 -0.077575 -0.320023 
Ar -0.577361 0.171536 -0.248282 
Ar -0.239504 0.211273 -0.342577 
Ar 0.324496 0.090240 -0.426694 
Ar -0.058578 -0.424000 0.324244 
Ar 0.007204 -0.235374 0.038459 
Ar 0.467228 -0.216391 -0.063030 
Ar -0.490750 0.011433 0.109603 
Ar -0.151809 0.091808 0.008724 
Ar 0.228200 0.035692 -0.009803 
Ar -0.373291 0.409601 -0.047952 
Ar 0.120053 0.291816 -0.225321 
Ar 0.443511 0.507778 -0.409050 
Ar -0.210768 -0.085285 0.321136 
Ar 0.289731 -0.577659 0.058371 
Ar 0.283558 -0.204500 0.261882 
Ar -0.282649 0.266175 0.344303 
Ar 0.089132 0.117837 0.323007 
Ar 0.434162 0.175029 0.236031 
Ar -0.019074 0.416548 0.081935 
Ar 0.311791 0.497865 0.026126 
Ar 0.524078 0.212972 -0.110552 
27

Ar -0.388336 -0.290857 0.534594 
Ar -0.091826 -0.565509 -0.057843 
Ar 0.184705 -0.357788 -0.245444 
Ar -0.364018 -0.331838 0.092739 
Ar -0.418028 -0.136986 -0.221993 
Ar -0.011680 -0.074278 -0.308961 
Ar -0.579984 0.163780 -0.248298 
Ar -0.237879 0.201895 -0.331446 
Ar 0.332604 0.075634 -0.433334 
Ar -0.036923 -0.429400 0.335854 
Ar -0.021057 -0.232947 0.023026 
Ar 0.480136 -0.202730 -0.065961 
Ar -0.496883 0.015230 0.114767 
Ar -0.156111 0.084774 0.010232 
Ar 0.211457 0.025736 -0.020253 
Ar -0.375854 0.412708 -0.054850 
Ar 0.104085 0.289747 -0.233430 
Ar 0.434251 0.489565 -0.409297 
Ar -0.201608 -0.071040 0.327609 
Ar 0.294452 -0.555286 0.044481 
Ar 0.285050 -0.207909 0.253511 
Ar -0.283007 0.275381 0.341608 
Ar 0.096171 0.121612 0.323441 
Ar 0.438558 0.162030 0.251733 
Ar -0.027848 0.412646 0.073438 
Ar 0.314516 0.511200 0.018800 
Ar 0.515055 0.214631 -0.114722 
27

Ar -0.370475 -0.288585 0.558620 
Ar -0.070636 -0.568328 -0.062918 
Ar 0.197513 -0.362691 -0.245403 
Ar -0.359434 -0.334568 0.115001 
Ar -0.428964 -0.147418 -0.227492 
Ar -0.013580 -0.066752 -0.299359 
Ar -0.593231 0.164809 -0.245825 
Ar -0.235905 0.195364 -0.322941 
Ar 0.340463 0.060035 -0.435889 
Ar -0.016614 -0.433052 0.345492 
Ar -0.046996 -0.234021 0.014095 
Ar 0.495035 -0.190734 -0.069985 
Ar -0.504646 0.022401 0.119577 
Ar -0.163807 0.086064 0.006293 
Ar 0.195471 0.021781 -0.030928 
Ar -0.377920 0.412534 -0.059065 
Ar 0.091520 0.290656 -0.245660 
Ar 0.422735 0.467395 -0.405800 
Ar -0.191102 -0.065725 0.332679 
Ar 0.297094 -0.529524 0.033857 
Ar 0.283970 -0.212278 0.245673 
Ar -0.282688 0.287658 0.333800 
Ar 0.098325 0.128252 0.321454 
Ar 0.448147 0.149148 0.264524 
Ar -0.039282 0.409854 0.072565 
Ar 0.321124 0.521511 0.009331 
Ar 0.503885 0.216216 -0.121698 
27

Ar -0.352491 -0.288281 0.581185 
Ar -0.050537 -0.579587 -0.068570 
Ar 0.207716 -0.359348 -0.255426 
Ar -0.362473 -0.338961 0.141380 
Ar -0.430785 -0.161802 -0.228832 
Ar -0.013848 -0.065841 -0.299109 
Ar -0.610859 0.170984 -0.241155 
Ar -0.246542 0.194800 -0.322402 
Ar 0.346072 0.044679 -0.433096 
Ar 0.001595 -0.433434 0.350910 
Ar -0.059529 -0.238232 0.012018 
Ar 0.508213 -0.178009 -0.074405 
Ar -0.511433 0.030565 0.123370 
Ar -0.177104 0.095299 0.003372 
Ar 0.188878 0.022715 -0.034966 
Ar -0.381570 0.409649 -0.060789 
Ar 0.088878 0.295686 -0.258669 
Ar 0.408883 0.442249 -0.399337 
Ar -0.184564 -0.069756 0.336624 
Ar 0.302039 -0.507488 0.035869 
Ar 0.279687 -0.214804 0.236971 
Ar -0.282336 0.299770 0.321950 
Ar 0.099052 0.139094 0.315707 
Ar 0.461202 0.135244 0.271745 
Ar -0.044856 0.410824 0.076142 
Ar 0.326637 0.527969 -0.002000 
Ar 0.490077 0.216016 -0.128488 
27

Ar -0.333948 -0.289317 0.601776 
Ar -0.031191 -0.595758 -0.074429 
Ar 0.214383 -0.346772 -0.274728 
Ar -0.373261 -0.344584 0.171365 
Ar -0.426729 -0.173807 -0.225465 
Ar -0.015593 -0.070693 -0.309770 
Ar -0.628177 0.176536 -0.234318 
Ar -0.267768 0.198235 -0.332149 
Ar 0.348521 0.029201 -0.425253 
Ar 0.016196 -0.431443 0.352309 
Ar -0.059971 -0.241705 0.013593 
Ar 0.517295 -0.164047 -0.078733 
Ar -0.517316 0.038330 0.126293 
Ar -0.190247 0.101841 0.004919 
Ar 0.190540 0.027407 -0.030550 
Ar -0.387762 0.405899 -0.059307 
Ar 0.092087 0.302130 -0.268827 
Ar 0.393749 0.418220 -0.394270 
Ar -0.181386 -0.078159 0.338070 
Ar 0.310282 -0.493805 0.047683 
Ar 0.273398 -0.208965 0.230024 
Ar -0.284007 0.307790 0.309233 
Ar 0.099962 0.153015 0.305941 
Ar 0.474602 0.119852 0.273523 
Ar -0.039465 0.417780 0.078859 
Ar 0.329397 0.531039 -0.014863 
Ar 0.476409 0.211781 -0.130926 
27

Ar -0.314760 -0.291414 0.620129 
Ar -0.011681 -0.611448 -0.079934 
Ar 0.222012 -0.332011 -0.292410 
Ar -0.385519 -0.349749 0.201369 
Ar -0.418086 -0.181216 -0.217511 
Ar -0.021216 -0.072995 -0.323405 
Ar -0.644179 0.179615 -0.225423 
Ar -0.289729 0.200856 -0.346986 
Ar 0.347323 0.012607 -0.413372 
Ar 0.025688 -0.428784 0.350787 
Ar -0.055782 -0.245399 0.017038 
Ar 0.521375 -0.150214 -0.082479 
Ar -0.524175 0.044825 0.129098 
Ar -0.195954 0.102422 0.005964 
Ar 0.189693 0.033146 -0.025637 
Ar -0.395455 0.403176 -0.054157 
Ar 0.087369 0.303008 -0.271542 
Ar 0.384535 0.402953 -0.399716 
Ar -0.177909 -0.085658 0.336907 
Ar 0.319294 -0.489513 0.055372 
Ar 0.266477 -0.189162 0.229799 
Ar -0.288976 0.310475 0.298402 
Ar 0.100244 0.167022 0.294478 
Ar 0.486089 0.103388 0.270164 
Ar -0.024916 0.429193 0.076158 
Ar 0.329012 0.531499 -0.028844 
Ar 0.469226 0.203377 -0.124249 
27

Ar -0.294750 -0.294112 0.635634 
Ar 0.008183 -0.624019 -0.084828 
Ar 0.232141 -0.319522 -0.303868 
Ar -0.396833 -0.354333 0.229407 
Ar -0.405292 -0.183520 -0.205319 
Ar -0.031525 -0.069626 -0.334381 
Ar -0.658546 0.180147 -0.214682 
Ar -0.309025 0.201072 -0.361227 
Ar 0.343129 -0.003344 -0.398600 
Ar 0.030207 -0.426326 0.347130 
Ar -0.050301 -0.250251 0.020056 
Ar 0.520717 -0.141217 -0.084608 
Ar -0.531929 0.049847 0.131746 
Ar -0.192040 0.098994 0.002422 
Ar 0.177483 0.037815 -0.029212 
Ar -0.402991 0.401321 -0.047247 
Ar 0.069429 0.296136 -0.265439 
Ar 0.385790 0.395619 -0.415563 
Ar -0.171822 -0.089222 0.334115 
Ar 0.327461 -0.488204 0.058414 
Ar 0.259354 -0.166008 0.237040 
Ar -0.294591 0.309217 0.289571 
Ar 0.099330 0.179026 0.285809 
Ar 0.496107 0.088435 0.262160 
Ar -0.008855 0.441816 0.067960 
Ar 0.326333 0.529972 -0.044026 
Ar 0.472834 0.200286 -0.112464 
27

Ar -0.273744 -0.296893 0.647482 
Ar 0.027956 -0.632841 -0.089160 
Ar 0.240058 -0.317642 -0.306027 
Ar -0.406491 -0.358105 0.255491 
Ar -0.388695 -0.180734 -0.189317 
Ar -0.045221 -0.063094 -0.341037 
Ar -0.670788 0.178584 -0.202597 
Ar -0.325683 0.199121 -0.371734 
Ar 0.339437 -0.007456 -0.383853 
Ar 0.030799 -0.424478 0.342088 
Ar -0.044618 -0.256851 0.020403 
Ar 0.515995 -0.142644 -0.083696 
Ar -0.537787 0.053569 0.133197 
Ar -0.183631 0.094257 -0.005632 
Ar 0.159634 0.040295 -0.043747 
Ar -0.409456 0.399018 -0.042127 
Ar 0.047524 0.286781 -0.258045 
Ar 0.389257 0.388722 -0.432390 
Ar -0.163030 -0.088441 0.330453 
Ar 0.333855 -0.483289 0.059975 
Ar 0.248548 -0.151562 0.248950 
Ar -0.297323 0.304911 0.283390 
Ar 0.097116 0.188562 0.282351 
Ar 0.508747 0.079679 0.250581 
Ar 0.000996 0.453904 0.057635 
Ar 0.324073 0.527826 -0.061459 
Ar 0.482472 0.208802 -0.101173 
27

Ar -0.251694 -0.299402 0.655037 
Ar 0.047038 -0.638014 -0.093207 
Ar 0.241077 -0.331568 -0.297858 
Ar -0.413461 -0.360052 0.280299 
Ar -0.369642 -0.173768 -0.170194 
Ar -0.059742 -0.058050 -0.344613 
Ar -0.680698 0.175463 -0.190147 
Ar -0.340357 0.195467 -0.377199 
Ar 0.338110 0.008385 -0.371869 
Ar 0.027691 -0.424891 0.337271 
Ar -0.039247 -0.265214 0.016442 
Ar 0.507097 -0.151519 -0.079097 
Ar -0.539667 0.055717 0.132972 
Ar -0.181579 0.091620 -0.014681 
Ar 0.154810 0.035126 -0.058228 
Ar -0.414607 0.395538 -0.041783 
Ar 0.024456 0.283245 -0.258906 
Ar 0.390974 0.379621 -0.445813 
Ar -0.152923 -0.084709 0.325847 
Ar 0.338390 -0.472740 0.061309 
Ar 0.233088 -0.143744 0.260001 
Ar -0.294823 0.297365 0.281158 
Ar 0.093812 0.196091 0.281045 
Ar 0.524762 0.076409 0.237047 
Ar -0.000001 0.464594 0.050062 
Ar 0.324423 0.528094 -0.082446 
Ar 0.492713 0.220937 -0.092452 
27

Ar -0.228658 -0.301470 0.657937 
Ar 0.064943 -0.639923 -0.097266 
Ar 0.237691 -0.348402 -0.283355 
Ar -0.416795 -0.359312 0.304239 
Ar -0.353557 -0.167453 -0.150109 
Ar -0.072033 -0.057660 -0.347662 
Ar -0.688742 0.171283 -0.178866 
Ar -0.353868 0.190540 -0.377332 
Ar 0.336486 0.030408 -0.362857 
Ar 0.020580 -0.429424 0.334215 
Ar -0.033931 -0.274168 0.007795 
Ar 0.494411 -0.161506 -0.071873 
Ar -0.536947 0.055586 0.131855 
Ar -0.187447 0.095176 -0.019126 
Ar 0.167150 0.022958 -0.064284 
Ar -0.417851 0.390742 -0.046003 
Ar 0.001718 0.288565 -0.269066 
Ar 0.390766 0.369518 -0.455249 
Ar -0.143707 -0.080107 0.319793 
Ar 0.340732 -0.457024 0.063603 
Ar 0.218604 -0.136736 0.267425 
Ar -0.286724 0.287165 0.282297 
Ar 0.089694 0.203073 0.278084 
Ar 0.540134 0.073000 0.224974 
Ar -0.010074 0.473481 0.046403 
Ar 0.324323 0.533078 -0.106792 
Ar 0.503103 0.228612 -0.088779 
27

Ar -0.204718 -0.303023 0.656072 
Ar 0.080939 -0.640058 -0.100898 
Ar 0.231497 -0.360637 -0.266817 
Ar -0.416043 -0.355599 0.327282 
Ar -0.349527 -0.171194 -0.132857 
Ar -0.078593 -0.061038 -0.350625 
Ar -0.695913 0.166457 -0.170317 
Ar -0.366950 0.184400 -0.372519 
Ar 0.335945 0.045870 -0.361175 
Ar 0.010089 -0.436985 0.332630 
Ar -0.027179 -0.282640 -0.003434 
Ar 0.482319 -0.166308 -0.065601 
Ar -0.529711 0.052554 0.131439 
Ar -0.186754 0.110106 -0.016045 
Ar 0.178695 0.012341 -0.058915 
Ar -0.418539 0.385262 -0.052137 
Ar -0.016904 0.297421 -0.281875 
Ar 0.389860 0.364659 -0.462713 
Ar -0.139077 -0.076878 0.312099 
Ar 0.338661 -0.441307 0.070718 
Ar 0.210018 -0.130810 0.271200 
Ar -0.275221 0.276611 0.285440 
Ar 0.085906 0.211200 0.271853 
Ar 0.552857 0.066066 0.218101 
Ar -0.024928 0.480066 0.044161 
Ar 0.320336 0.540971 -0.133056 
Ar 0.512931 0.232493 -0.092009 
27

Ar -0.179941 -0.303946 0.649751 
Ar 0.092862 -0.643420 -0.101749 
Ar 0.225475 -0.363462 -0.255421 
Ar -0.411344 -0.349109 0.348976 
Ar -0.355286 -0.181271 -0.117339 
Ar -0.079393 -0.065859 -0.351053 
Ar -0.702905 0.161178 -0.164723 
Ar -0.379438 0.176359 -0.363750 
Ar 0.334974 0.046049 -0.364764 
Ar -0.002403 -0.444333 0.330925 
Ar -0.019439 -0.290156 -0.013043 
Ar 0.480308 -0.160728 -0.065649 
Ar -0.518381 0.046762 0.132683 
Ar -0.175063 0.127301 -0.012572 
Ar 0.178587 0.009530 -0.045809 
Ar -0.417794 0.381370 -0.057808 
Ar -0.030260 0.307096 -0.294632 
Ar 0.390034 0.372857 -0.471968 
Ar -0.142291 -0.076893 0.302890 
Ar 0.328853 -0.434187 0.088816 
Ar 0.210048 -0.129214 0.274002 
Ar -0.265572 0.269972 0.292418 
Ar 0.085382 0.220025 0.262335 
Ar 0.562493 0.055915 0.216574 
Ar -0.042287 0.484231 0.040982 
Ar 0.312245 0.548435 -0.159298 
Ar 0.520536 0.235498 -0.100772 
27

Ar -0.154313 -0.303825 0.640270 
Ar 0.099361 -0.654301 -0.097875 
Ar 0.226206 -0.354443 -0.255145 
Ar -0.403808 -0.340581 0.368405 
Ar -0.362717 -0.190006 -0.102144 
Ar -0.076470 -0.070553 -0.346406 
Ar -0.709549 0.155388 -0.160477 
Ar -0.389909 0.165235 -0.352659 
Ar 0.331087 0.035587 -0.368471 
Ar -0.015578 -0.449349 0.327565 
Ar -0.016451 -0.295410 -0.015514 
Ar 0.487818 -0.151467 -0.071962 
Ar -0.503608 0.039864 0.135466 
Ar -0.157397 0.135100 -0.015065 
Ar 0.169420 0.017288 -0.035996 
Ar -0.417609 0.380823 -0.061223 
Ar -0.038894 0.316794 -0.307214 
Ar 0.391175 0.387950 -0.483697 
Ar -0.150729 -0.080938 0.291649 
Ar 0.314136 -0.432654 0.114394 
Ar 0.216323 -0.132338 0.280756 
Ar -0.262811 0.270194 0.304949 
Ar 0.091110 0.227075 0.250916 
Ar 0.568997 0.045242 0.218352 
Ar -0.060933 0.487080 0.035838 
Ar 0.300358 0.554332 -0.182782 
Ar 0.524784 0.237914 -0.111932 
27

Ar -0.127686 -0.301566 0.630599 
Ar 0.103307 -0.667189 -0.091328 
Ar 0.234128 -0.339006 -0.262603 
Ar -0.396273 -0.331720 0.384618 
Ar -0.367095 -0.197375 -0.089418 
Ar -0.071046 -0.074223 -0.335938 
Ar -0.715382 0.149023 -0.155442 
Ar -0.396340 0.150146 -0.340759 
Ar 0.324155 0.022872 -0.371304 
Ar -0.028315 -0.452325 0.321244 
Ar -0.020590 -0.297211 -0.009762 
Ar 0.496036 -0.144286 -0.081349 
Ar -0.487256 0.035378 0.140475 
Ar -0.148605 0.135583 -0.020801 
Ar 0.166751 0.026499 -0.035072 
Ar -0.418277 0.382098 -0.061052 
Ar -0.043969 0.325865 -0.319492 
Ar 0.393029 0.400207 -0.498160 
Ar -0.158274 -0.086956 0.277549 
Ar 0.299428 -0.434006 0.137833 
Ar 0.222864 -0.134424 0.292771 
Ar -0.264526 0.274849 0.318512 
Ar 0.101166 0.232738 0.241293 
Ar 0.572527 0.036167 0.222307 
Ar -0.079075 0.490319 0.029305 
Ar 0.284314 0.559239 -0.200352 
Ar 0.525006 0.239304 -0.123673 
27

Ar -0.099976 -0.295583 0.624054 
Ar 0.106717 -0.676779 -0.083707 
Ar 0.242560 -0.322127 -0.270411 
Ar -0.392227 -0.324695 0.397935 
Ar -0.366966 -0.205735 -0.082156 
Ar -0.063811 -0.076665 -0.320550 
Ar -0.719996 0.142187 -0.148211 
Ar -0.397356 0.131309 -0.328250 
Ar 0.314941 0.012209 -0.374645 
Ar -0.040500 -0.455787 0.311889 
Ar -0.025578 -0.295533 -0.002973 
Ar 0.502718 -0.139558 -0.091226 
Ar -0.473426 0.037163 0.148638 
Ar -0.158699 0.134105 -0.027113 
Ar 0.181375 0.027020 -0.042252 
Ar -0.421556 0.382822 -0.057894 
Ar -0.046780 0.333235 -0.330193 
Ar 0.395632 0.407108 -0.514895 
Ar -0.159500 -0.091157 0.261501 
Ar 0.287658 -0.441157 0.153663 
Ar 0.225303 -0.128728 0.308044 
Ar -0.265717 0.280770 0.329104 
Ar 0.110831 0.239617 0.236516 
Ar 0.573036 0.029021 0.227332 
Ar -0.093604 0.494456 0.022856 
Ar 0.264100 0.562880 -0.211592 
Ar 0.520821 0.239604 -0.135462 
27

Ar -0.071468 -0.285386 0.620299 
Ar 0.109646 -0.682030 -0.075430 
Ar 0.246137 -0.310894 -0.274291 
Ar -0.391633 -0.319400 0.409605 
Ar -0.364770 -0.213917 -0.079836 
Ar -0.055774 -0.078346 -0.302919 
Ar -0.722758 0.135050 -0.138469 
Ar -0.393678 0.109896 -0.314936 
Ar 0.306316 0.009824 -0.383765 
Ar -0.053978 -0.462446 0.302972 
Ar -0.024015 -0.291760 -0.003824 
Ar 0.511455 -0.136986 -0.099543 
Ar -0.467501 0.044881 0.157558 
Ar -0.172200 0.130788 -0.033086 
Ar 0.198905 0.023002 -0.048926 
Ar -0.431241 0.381675 -0.053594 
Ar -0.048422 0.337728 -0.337808 
Ar 0.398105 0.409956 -0.531057 
Ar -0.151986 -0.091905 0.248990 
Ar 0.279766 -0.450878 0.162747 
Ar 0.223174 -0.117456 0.322972 
Ar -0.263734 0.286931 0.335667 
Ar 0.117379 0.246729 0.233629 
Ar 0.570362 0.023279 0.231961 
Ar -0.101181 0.498837 0.017525 
Ar 0.240925 0.563763 -0.219157 
Ar 0.512171 0.239066 -0.147284 
27

Ar -0.042727 -0.272046 0.615679 
Ar 0.111440 -0.683560 -0.067145 
Ar 0.244074 -0.311183 -0.272561 
Ar -0.391461 -0.313667 0.419938 
Ar -0.363261 -0.218866 -0.079261 
Ar -0.048330 -0.079466 -0.288833 
Ar -0.723023 0.127593 -0.126672 
Ar -0.389561 0.087259 -0.303536 
Ar 0.300846 0.020384 -0.401974 
Ar -0.070113 -0.471885 0.296961 
Ar -0.011853 -0.290491 -0.014077 
Ar 0.525492 -0.136768 -0.106615 
Ar -0.471082 0.054055 0.164763 
Ar -0.177003 0.129205 -0.035076 
Ar 0.209236 0.019604 -0.047481 
Ar -0.446932 0.378536 -0.048940 
Ar -0.050056 0.338150 -0.341808 
Ar 0.399454 0.410070 -0.544299 
Ar -0.139493 -0.089025 0.246161 
Ar 0.275541 -0.457730 0.168445 
Ar 0.217669 -0.105735 0.334940 
Ar -0.257516 0.293379 0.338194 
Ar 0.120206 0.252331 0.229415 
Ar 0.564486 0.018505 0.235096 
Ar -0.102305 0.501731 0.013020 
Ar 0.216703 0.561279 -0.225058 
Ar 0.499570 0.238340 -0.159277 
27

Ar -0.014460 -0.256956 0.607136 
Ar 0.111290 -0.682367 -0.059908 
Ar 0.242394 -0.317151 -0.268967 
Ar -0.389784 -0.305949 0.428771 
Ar -0.361308 -0.220253 -0.077090 
Ar -0.042575 -0.077379 -0.286431 
Ar -0.721047 0.119314 -0.113744 
Ar -0.390061 0.065033 -0.298259 
Ar 0.296518 0.037428 -0.422776 
Ar -0.087317 -0.480943 0.291834 
Ar 0.005407 -0.295970 -0.020891 
Ar 0.542344 -0.138142 -0.113991 
Ar -0.479411 0.061080 0.170044 
Ar -0.170946 0.133957 -0.027628 
Ar 0.213811 0.016988 -0.039828 
Ar -0.463433 0.373764 -0.043852 
Ar -0.053750 0.332445 -0.342984 
Ar 0.399111 0.407934 -0.553613 
Ar -0.127909 -0.084642 0.250974 
Ar 0.274014 -0.459055 0.173883 
Ar 0.211531 -0.095951 0.343880 
Ar -0.247368 0.299596 0.336414 
Ar 0.119359 0.256196 0.223181 
Ar 0.555505 0.014440 0.236022 
Ar -0.100520 0.501448 0.008714 
Ar 0.194496 0.556805 -0.229458 
Ar 0.484111 0.238327 -0.171433 
27

Ar 0.011627 -0.241918 0.594613 
Ar 0.108831 -0.679160 -0.054344 
Ar 0.248880 -0.323468 -0.270500 
Ar -0.386250 -0.295608 0.436083 
Ar -0.356235 -0.220425 -0.069953 
Ar -0.038580 -0.070661 -0.294406 
Ar -0.718795 0.109043 -0.101406 
Ar -0.393920 0.047046 -0.297387 
Ar 0.290717 0.054951 -0.441320 
Ar -0.103088 -0.487639 0.286029 
Ar 0.016109 -0.305532 -0.013846 
Ar 0.557679 -0.139393 -0.121894 
Ar -0.486476 0.064689 0.174619 
Ar -0.159704 0.143673 -0.015226 
Ar 0.216213 0.012792 -0.030369 
Ar -0.475730 0.368639 -0.038429 
Ar -0.061961 0.318013 -0.342892 
Ar 0.396893 0.403865 -0.558787 
Ar -0.123101 -0.081637 0.258130 
Ar 0.274875 -0.454695 0.181612 
Ar 0.210794 -0.088143 0.350167 
Ar -0.234920 0.304512 0.329989 
Ar 0.115585 0.258942 0.215684 
Ar 0.543809 0.010939 0.234043 
Ar -0.098795 0.498292 0.004973 
Ar 0.178380 0.552992 -0.231991 
Ar 0.467164 0.239890 -0.183193 
27

Ar 0.030515 -0.231304 0.583887 
Ar 0.104650 -0.674097 -0.049896 
Ar 0.261914 -0.327693 -0.276379 
Ar -0.381295 -0.282698 0.442024 
Ar -0.346781 -0.221388 -0.055458 
Ar -0.034668 -0.063169 -0.303286 
Ar -0.718973 0.095710 -0.092081 
Ar -0.398281 0.036837 -0.298278 
Ar 0.281733 0.069783 -0.457603 
Ar -0.116320 -0.491983 0.280025 
Ar 0.016572 -0.311215 -0.000807 
Ar 0.569252 -0.139206 -0.129784 
Ar -0.487758 0.064290 0.181021 
Ar -0.150065 0.150773 -0.006273 
Ar 0.217864 0.004685 -0.022169 
Ar -0.480983 0.364992 -0.033032 
Ar -0.073975 0.296087 -0.342021 
Ar 0.393115 0.399180 -0.560270 
Ar -0.127386 -0.080957 0.264848 
Ar 0.279062 -0.446589 0.193453 
Ar 0.220576 -0.079131 0.349765 
Ar -0.223328 0.307738 0.320085 
Ar 0.112416 0.261464 0.208829 
Ar 0.531547 0.008360 0.227977 
Ar -0.099107 0.495829 0.002728 
Ar 0.169778 0.549990 -0.234141 
Ar 0.449926 0.243713 -0.193164 
27

Ar 0.038052 -0.228997 0.580538 
Ar 0.099864 -0.667049 -0.045360 
Ar 0.275217 -0.328587 -0.280918 
Ar -0.376365 -0.268447 0.447336 
Ar -0.334010 -0.221518 -0.034719 
Ar -0.029902 -0.061259 -0.307737 
Ar -0.721672 0.079872 -0.086569 
Ar -0.401661 0.033262 -0.298573 
Ar 0.268283 0.078267 -0.472248 
Ar -0.127713 -0.495139 0.275765 
Ar 0.012318 -0.308985 0.007570 
Ar 0.576442 -0.136959 -0.137217 
Ar -0.481651 0.060005 0.190438 
Ar -0.146942 0.146536 -0.006214 
Ar 0.219318 -0.007386 -0.017593 
Ar -0.479181 0.362475 -0.028064 
Ar -0.086991 0.274981 -0.340572 
Ar 0.388936 0.397394 -0.559344 
Ar -0.134611 -0.081436 0.270416 
Ar 0.286102 -0.436297 0.209011 
Ar 0.231545 -0.067741 0.340997 
Ar -0.217389 0.310120 0.310345 
Ar 0.117002 0.264519 0.204472 
Ar 0.527734 0.008912 0.214297 
Ar -0.102373 0.498626 0.001963 
Ar 0.166929 0.545193 -0.238263 
Ar 0.432717 0.249639 -0.199758 
27

Ar 0.037544 -0.232689 0.580710 
Ar 0.095306 -0.657837 -0.039804 
Ar 0.285962 -0.325993 -0.282021 
Ar -0.374595 -0.255728 0.454069 
Ar -0.322961 -0.217993 -0.011421 
Ar -0.024123 -0.073784 -0.305609 
Ar -0.723992 0.063135 -0.082970 
Ar -0.402993 0.033187 -0.295715 
Ar 0.250770 0.078568 -0.484877 
Ar -0.138217 -0.497494 0.274209 
Ar 0.011352 -0.301123 0.009744 
Ar 0.579507 -0.132596 -0.144377 
Ar -0.470586 0.053147 0.201016 
Ar -0.149687 0.131495 -0.013519 
Ar 0.221179 -0.020201 -0.019724 
Ar -0.471848 0.358665 -0.023565 
Ar -0.100166 0.266093 -0.340538 
Ar 0.385646 0.401839 -0.557248 
Ar -0.136364 -0.080104 0.273902 
Ar 0.292851 -0.423633 0.225557 
Ar 0.228433 -0.059250 0.334287 
Ar -0.218606 0.312071 0.303013 
Ar 0.130223 0.268152 0.200736 
Ar 0.541210 0.014741 0.190094 
Ar -0.108238 0.504470 0.001620 
Ar 0.167499 0.536925 -0.244928 
Ar 0.414895 0.255937 -0.202643 
27

Ar 0.031983 -0.240146 0.580840 
Ar 0.091385 -0.646734 -0.032845 
Ar 0.293006 -0.320531 -0.279753 
Ar -0.377601 -0.246446 0.463397 
Ar -0.321153 -0.211644 0.009685 
Ar -0.019636 -0.097392 -0.297904 
Ar -0.723414 0.046628 -0.079244 
Ar -0.402154 0.034336 -0.288740 
Ar 0.231944 0.074498 -0.495338 
Ar -0.147607 -0.497398 0.273920 
Ar 0.018027 -0.295133 0.009448 
Ar 0.579543 -0.126929 -0.153414 
Ar -0.459934 0.046123 0.210882 
Ar -0.153814 0.113371 -0.021962 
Ar 0.226505 -0.027694 -0.029734 
Ar -0.460495 0.351520 -0.019460 
Ar -0.111931 0.267833 -0.343107 
Ar 0.382820 0.410797 -0.553962 
Ar -0.127489 -0.075485 0.277154 
Ar 0.296917 -0.408605 0.240886 
Ar 0.221168 -0.053650 0.331319 
Ar -0.222735 0.312669 0.296512 
Ar 0.145022 0.272478 0.193813 
Ar 0.559665 0.023759 0.163041 
Ar -0.114973 0.508335 0.000370 
Ar 0.168286 0.526090 -0.253300 
Ar 0.396663 0.259351 -0.202504 
27

Ar 0.023155 -0.250266 0.579231 
Ar 0.088586 -0.635954 -0.024637 
Ar 0.295783 -0.314223 -0.275239 
Ar -0.382204 -0.239191 0.473067 
Ar -0.327772 -0.210375 0.024084 
Ar -0.019722 -0.122344 -0.289859 
Ar -0.718946 0.030796 -0.074335 
Ar -0.400554 0.035079 -0.278822 
Ar 0.213716 0.070613 -0.503067 
Ar -0.155361 -0.493010 0.273489 
Ar 0.026314 -0.295476 0.012292 
Ar 0.578639 -0.121650 -0.168718 
Ar -0.455413 0.042684 0.221205 
Ar -0.154651 0.099366 -0.028194 
Ar 0.238510 -0.024975 -0.043589 
Ar -0.447095 0.340048 -0.016178 
Ar -0.120161 0.272915 -0.347007 
Ar 0.379540 0.420442 -0.549497 
Ar -0.113294 -0.069836 0.283894 
Ar 0.297833 -0.392637 0.254034 
Ar 0.221640 -0.049233 0.330214 
Ar -0.225423 0.311574 0.289801 
Ar 0.156971 0.277725 0.181708 
Ar 0.574369 0.036450 0.141590 
Ar -0.120159 0.508656 -0.003003 
Ar 0.164143 0.517176 -0.262540 
Ar 0.381556 0.255647 -0.199922 
27

Ar 0.012887 -0.262358 0.574999 
Ar 0.087798 -0.631006 -0.015841 
Ar 0.294209 -0.310868 -0.270298 
Ar -0.385159 -0.232657 0.480986 
Ar -0.336009 -0.219703 0.031192 
Ar -0.026123 -0.142598 -0.287583 
Ar -0.710674 0.015705 -0.067604 
Ar -0.400510 0.034148 -0.269083 
Ar 0.196202 0.068594 -0.506751 
Ar -0.161501 -0.483787 0.272925 
Ar 0.031854 -0.294341 0.023634 
Ar 0.579887 -0.116340 -0.191054 
Ar -0.458774 0.044496 0.233881 
Ar -0.147453 0.092557 -0.029473 
Ar 0.250108 -0.020142 -0.053095 
Ar -0.435034 0.324235 -0.015106 
Ar -0.124840 0.278318 -0.350458 
Ar 0.376085 0.428244 -0.544760 
Ar -0.107154 -0.065187 0.291561 
Ar 0.296488 -0.379463 0.264643 
Ar 0.236855 -0.042164 0.330635 
Ar -0.223603 0.309384 0.283917 
Ar 0.165070 0.283004 0.164241 
Ar 0.584085 0.053350 0.127464 
Ar -0.121459 0.506158 -0.009174 
Ar 0.151627 0.514089 -0.271541 
Ar 0.375138 0.248334 -0.198258 
27

Ar 0.002786 -0.276106 0.568003 
Ar 0.089162 -0.634023 -0.006906 
Ar 0.288998 -0.313432 -0.265936 
Ar -0.385527 -0.226939 0.486845 
Ar -0.342681 -0.233428 0.034661 
Ar -0.038849 -0.156515 -0.290929 
Ar -0.699643 0.001209 -0.058318 
Ar -0.401454 0.030899 -0.261776 
Ar 0.179328 0.068773 -0.505422 
Ar -0.166659 -0.470748 0.273420 
Ar 0.034345 -0.284159 0.041811 
Ar 0.584773 -0.108244 -0.216234 
Ar -0.467263 0.047346 0.246666 
Ar -0.131003 0.090170 -0.025577 
Ar 0.251365 -0.027519 -0.050267 
Ar -0.427649 0.305534 -0.017749 
Ar -0.127948 0.281720 -0.352276 
Ar 0.373207 0.433067 -0.540738 
Ar -0.108864 -0.061351 0.297863 
Ar 0.294363 -0.373879 0.273159 
Ar 0.260264 -0.027901 0.331662 
Ar -0.215360 0.306767 0.280482 
Ar 0.169430 0.287110 0.142238 
Ar 0.588881 0.072345 0.116290 
Ar -0.118327 0.501702 -0.017746 
Ar 0.134102 0.515281 -0.278542 
Ar 0.380224 0.252322 -0.204684 
27

Ar -0.005938 -0.291273 0.559088 
Ar 0.091454 -0.638640 0.002743 
Ar 0.281953 -0.321271 -0.261926 
Ar -0.383788 -0.222648 0.491280 
Ar -0.347601 -0.243899 0.036872 
Ar -0.055974 -0.165706 -0.295070 
Ar -0.687676 -0.013089 -0.045809 
Ar -0.398946 0.024287 -0.257676 
Ar 0.163303 0.071205 -0.498805 
Ar -0.171938 -0.456987 0.276774 
Ar 0.031270 -0.271354 0.059309 
Ar 0.589952 -0.096644 -0.241084 
Ar -0.477084 0.048520 0.257563 
Ar -0.108638 0.089112 -0.021243 
Ar 0.250324 -0.035406 -0.041937 
Ar -0.424668 0.287005 -0.022759 
Ar -0.132676 0.280058 -0.352088 
Ar 0.370886 0.435154 -0.538074 
Ar -0.112075 -0.057096 0.304160 
Ar 0.292183 -0.375093 0.281501 
Ar 0.283074 -0.007919 0.331807 
Ar -0.201762 0.303589 0.279142 
Ar 0.170894 0.289758 0.117040 
Ar 0.588691 0.091636 0.104494 
Ar -0.114192 0.495005 -0.026072 
Ar 0.118858 0.519686 -0.284338 
Ar 0.390113 0.262010 -0.214893 
27

Ar -0.011238 -0.306548 0.551237 
Ar 0.093828 -0.639944 0.013684 
Ar 0.273859 -0.331236 -0.257300 
Ar -0.381352 -0.220225 0.495476 
Ar -0.351858 -0.247150 0.037560 
Ar -0.074418 -0.171920 -0.296496 
Ar -0.676126 -0.027782 -0.030957 
Ar -0.390619 0.011748 -0.258248 
Ar 0.148655 0.075658 -0.487027 
Ar -0.179607 -0.448242 0.283418 
Ar 0.021946 -0.264427 0.069838 
Ar 0.591768 -0.082462 -0.264128 
Ar -0.484831 0.048883 0.266919 
Ar -0.087122 0.087814 -0.021253 
Ar 0.258237 -0.032681 -0.037822 
Ar -0.422965 0.272127 -0.025759 
Ar -0.140583 0.272155 -0.349791 
Ar 0.368572 0.435738 -0.538245 
Ar -0.115596 -0.050861 0.312819 
Ar 0.289498 -0.378243 0.290785 
Ar 0.302535 0.012863 0.330315 
Ar -0.185996 0.299904 0.278161 
Ar 0.172677 0.292811 0.091327 
Ar 0.583933 0.110641 0.090598 
Ar -0.114712 0.485691 -0.030075 
Ar 0.112392 0.527039 -0.292657 
Ar 0.399124 0.268648 -0.222378 
27

Ar -0.009509 -0.318716 0.549840 
Ar 0.096030 -0.636567 0.026027 
Ar 0.264246 -0.340319 -0.250792 
Ar -0.380172 -0.219590 0.501068 
Ar -0.356113 -0.242401 0.036477 
Ar -0.089125 -0.177865 -0.294590 
Ar -0.665504 -0.043266 -0.017169 
Ar -0.381166 -0.006204 -0.262167 
Ar 0.136668 0.081261 -0.470489 
Ar -0.193239 -0.450191 0.288694 
Ar 0.014278 -0.261446 0.069668 
Ar 0.588965 -0.066471 -0.284721 
Ar -0.487939 0.050071 0.276623 
Ar -0.075340 0.083428 -0.027043 
Ar 0.273907 -0.027471 -0.040208 
Ar -0.420328 0.261173 -0.024720 
Ar -0.150062 0.261650 -0.344891 
Ar 0.366214 0.435762 -0.543271 
Ar -0.118637 -0.044053 0.323588 
Ar 0.284930 -0.380267 0.300024 
Ar 0.317703 0.032133 0.327340 
Ar -0.170760 0.297576 0.276785 
Ar 0.180701 0.301137 0.069341 
Ar 0.576612 0.129728 0.074538 
Ar -0.121154 0.475286 -0.031052 
Ar 0.112801 0.534893 -0.303549 
Ar 0.405994 0.270730 -0.225351 
27

Ar -0.001294 -0.326687 0.554721 
Ar 0.097992 -0.628495 0.039634 
Ar 0.252749 -0.347314 -0.241794 
Ar -0.381133 -0.220622 0.509306 
Ar -0.357764 -0.232263 0.035420 
Ar -0.089690 -0.189949 -0.291205 
Ar -0.657784 -0.058535 -0.007690 
Ar -0.383444 -0.021916 -0.265419 
Ar 0.129889 0.086366 -0.449906 
Ar -0.211045 -0.460768 0.288317 
Ar 0.011713 -0.260362 0.062883 
Ar 0.581855 -0.049478 -0.302746 
Ar -0.485334 0.053310 0.288221 
Ar -0.073953 0.076354 -0.034942 
Ar 0.289072 -0.028180 -0.048191 
Ar -0.416721 0.250433 -0.021354 
Ar -0.160569 0.254160 -0.337708 
Ar 0.364435 0.434698 -0.553206 
Ar -0.118781 -0.042689 0.333505 
Ar 0.277699 -0.380168 0.307749 
Ar 0.328059 0.049455 0.323076 
Ar -0.157353 0.299238 0.275468 
Ar 0.194683 0.315125 0.052719 
Ar 0.571875 0.149993 0.058995 
Ar -0.129634 0.466989 -0.034705 
Ar 0.114168 0.540394 -0.312879 
Ar 0.410309 0.270914 -0.228270 
27

Ar 0.007433 -0.332407 0.560628 
Ar 0.099713 -0.616689 0.054191 
Ar 0.240597 -0.353271 -0.230561 
Ar -0.383180 -0.223720 0.519824 
Ar -0.350038 -0.221881 0.037717 
Ar -0.077372 -0.207914 -0.288378 
Ar -0.658021 -0.069876 -0.002228 
Ar -0.398644 -0.032629 -0.268328 
Ar 0.130500 0.089630 -0.425671 
Ar -0.227306 -0.473319 0.284496 
Ar 0.013220 -0.262116 0.056615 
Ar 0.572023 -0.033373 -0.318906 
Ar -0.478059 0.058423 0.300579 
Ar -0.076318 0.070789 -0.039725 
Ar 0.296654 -0.035005 -0.059355 
Ar -0.413640 0.236875 -0.016915 
Ar -0.173960 0.252488 -0.330791 
Ar 0.363396 0.431778 -0.566485 
Ar -0.115160 -0.049021 0.340128 
Ar 0.268578 -0.377923 0.312506 
Ar 0.333616 0.064885 0.316943 
Ar -0.145474 0.303593 0.275065 
Ar 0.207319 0.329655 0.041394 
Ar 0.575041 0.171205 0.049680 
Ar -0.135612 0.463451 -0.043364 
Ar 0.114024 0.542011 -0.318517 
Ar 0.410669 0.274358 -0.240539 
27

Ar 0.011933 -0.337007 0.566486 
Ar 0.101320 -0.604444 0.069106 
Ar 0.234241 -0.362975 -0.218034 
Ar -0.384655 -0.228963 0.530955 
Ar -0.332222 -0.212067 0.044643 
Ar -0.069101 -0.222245 -0.288660 
Ar -0.666767 -0.076008 0.002160 
Ar -0.415315 -0.042247 -0.273291 
Ar 0.136452 0.091054 -0.397523 
Ar -0.239372 -0.484123 0.279744 
Ar 0.018039 -0.265223 0.056863 
Ar 0.561997 -0.021471 -0.334715 
Ar -0.467772 0.063768 0.311901 
Ar -0.078107 0.067890 -0.039823 
Ar 0.297828 -0.041123 -0.069989 
Ar -0.411712 0.220520 -0.011780 
Ar -0.190506 0.253917 -0.328776 
Ar 0.362145 0.427626 -0.582537 
Ar -0.108827 -0.059903 0.342158 
Ar 0.260027 -0.373608 0.312991 
Ar 0.334700 0.078513 0.308014 
Ar -0.134259 0.306639 0.275042 
Ar 0.214490 0.341715 0.035094 
Ar 0.583260 0.191450 0.046355 
Ar -0.137385 0.465496 -0.053545 
Ar 0.112908 0.538973 -0.320983 
Ar 0.406661 0.283843 -0.261857 
27

Ar 0.010259 -0.341067 0.573370 
Ar 0.102915 -0.599039 0.083317 
Ar 0.239827 -0.380691 -0.205309 
Ar -0.384199 -0.235679 0.540830 
Ar -0.315080 -0.198612 0.053865 
Ar -0.073463 -0.227726 -0.292803 
Ar -0.677053 -0.079554 0.007723 
Ar -0.429056 -0.052232 -0.279391 
Ar 0.140476 0.089809 -0.367459 
Ar -0.246677 -0.492009 0.275377 
Ar 0.025535 -0.263630 0.063906 
Ar 0.553107 -0.015690 -0.351053 
Ar -0.455370 0.067439 0.322415 
Ar -0.076566 0.067653 -0.037292 
Ar 0.296110 -0.041165 -0.077027 
Ar -0.410141 0.203696 -0.007079 
Ar -0.208209 0.253506 -0.333631 
Ar 0.359307 0.424142 -0.603351 
Ar -0.101378 -0.071839 0.340114 
Ar 0.255594 -0.366576 0.310557 
Ar 0.331576 0.090307 0.295837 
Ar -0.123263 0.306072 0.273576 
Ar 0.216654 0.350010 0.031376 
Ar 0.590515 0.210295 0.043284 
Ar -0.136423 0.471455 -0.059883 
Ar 0.112136 0.531207 -0.322049 
Ar 0.402866 0.299917 -0.279219 
27

Ar 0.003386 -0.345289 0.580700 
Ar 0.103482 -0.605015 0.095814 
Ar 0.251105 -0.401793 -0.193248 
Ar -0.380974 -0.243074 0.548125 
Ar -0.308441 -0.181112 0.062789 
Ar -0.083474 -0.227031 -0.295990 
Ar -0.684548 -0.081879 0.014761 
Ar -0.439373 -0.062698 -0.284466 
Ar 0.134505 0.087136 -0.342663 
Ar -0.249323 -0.496175 0.271641 
Ar 0.035467 -0.255706 0.068223 
Ar 0.543870 -0.013692 -0.367187 
Ar -0.441222 0.068364 0.333425 
Ar -0.069474 0.071957 -0.035040 
Ar 0.296283 -0.037927 -0.075280 
Ar -0.408546 0.188476 -0.004513 
Ar -0.224759 0.249763 -0.341639 
Ar 0.354154 0.422166 -0.629725 
Ar -0.094164 -0.080997 0.338162 
Ar 0.258759 -0.356243 0.311225 
Ar 0.324451 0.099977 0.280631 
Ar -0.112325 0.301142 0.269552 
Ar 0.214874 0.354106 0.027916 
Ar 0.594203 0.227759 0.038049 
Ar -0.135335 0.477377 -0.061354 
Ar 0.111783 0.519877 -0.323818 
Ar 0.405634 0.320532 -0.286091 
27

Ar -0.006481 -0.350231 0.586805 
Ar 0.102083 -0.616609 0.107515 
Ar 0.262682 -0.421173 -0.181538 
Ar -0.374860 -0.250626 0.552222 
Ar -0.312964 -0.163658 0.069487 
Ar -0.093572 -0.222890 -0.294862 
Ar -0.688162 -0.083334 0.022816 
Ar -0.446767 -0.073286 -0.287200 
Ar 0.118993 0.090276 -0.331688 
Ar -0.247597 -0.495637 0.268222 
Ar 0.045556 -0.249188 0.061219 
Ar 0.532182 -0.012183 -0.381788 
Ar -0.425848 0.067052 0.345273 
Ar -0.057930 0.082355 -0.032957 
Ar 0.305000 -0.036611 -0.060781 
Ar -0.407058 0.176235 -0.004679 
Ar -0.238564 0.243694 -0.348284 
Ar 0.347064 0.420365 -0.657295 
Ar -0.087426 -0.083971 0.342390 
Ar 0.269370 -0.344025 0.318564 
Ar 0.313695 0.106921 0.264418 
Ar -0.101386 0.292079 0.263270 
Ar 0.209688 0.354625 0.022971 
Ar 0.593711 0.243701 0.030817 
Ar -0.136169 0.480011 -0.059745 
Ar 0.109192 0.507093 -0.327859 
Ar 0.415569 0.339012 -0.287311 
27

Ar -0.016862 -0.356450 0.590710 
Ar 0.099320 -0.627070 0.119870 
Ar 0.273797 -0.437765 -0.169980 
Ar -0.366917 -0.257874 0.553008 
Ar -0.320354 -0.152588 0.073975 
Ar -0.102665 -0.216186 -0.289161 
Ar -0.688281 -0.084072 0.031388 
Ar -0.452237 -0.083480 -0.287141 
Ar 0.105397 0.099423 -0.333597 
Ar -0.241844 -0.489846 0.264924 
Ar 0.051113 -0.248745 0.048356 
Ar 0.517058 -0.009559 -0.393873 
Ar -0.410645 0.065576 0.357270 
Ar -0.047795 0.094996 -0.026972 
Ar 0.321135 -0.036107 -0.048403 
Ar -0.406199 0.170928 -0.007289 
Ar -0.249107 0.236226 -0.351410 
Ar 0.338687 0.417786 -0.682050 
Ar -0.078949 -0.082861 0.350875 
Ar 0.281846 -0.330568 0.328963 
Ar 0.299842 0.111880 0.255075 
Ar -0.090810 0.281045 0.257744 
Ar 0.202382 0.353975 0.014207 
Ar 0.589304 0.257640 0.023097 
Ar -0.139811 0.478367 -0.056939 
Ar 0.102112 0.493376 -0.334506 
Ar 0.430484 0.351954 -0.288140 
27

Ar -0.024156 -0.364885 0.592362 
Ar 0.096028 -0.633677 0.133037 
Ar 0.285016 -0.452293 -0.158607 
Ar -0.360159 -0.263862 0.550503 
Ar -0.322384 -0.153743 0.078178 
Ar -0.110493 -0.206894 -0.280424 
Ar -0.685960 -0.084055 0.040058 
Ar -0.457274 -0.092570 -0.284111 
Ar 0.100259 0.111219 -0.344533 
Ar -0.232404 -0.478886 0.261693 
Ar 0.050898 -0.252506 0.038861 
Ar 0.498444 -0.005308 -0.403157 
Ar -0.397342 0.066087 0.368356 
Ar -0.042525 0.098692 -0.022241 
Ar 0.340712 -0.037424 -0.051780 
Ar -0.406666 0.177306 -0.011949 
Ar -0.256510 0.227990 -0.350658 
Ar 0.329403 0.414263 -0.702719 
Ar -0.066397 -0.082125 0.357673 
Ar 0.291366 -0.315361 0.338273 
Ar 0.282155 0.117448 0.261024 
Ar -0.081998 0.274421 0.261689 
Ar 0.197211 0.355738 0.000307 
Ar 0.582173 0.268555 0.018201 
Ar -0.146682 0.472832 -0.054385 
Ar 0.092175 0.477698 -0.343018 
Ar 0.445109 0.361340 -0.292631 
27

Ar -0.024441 -0.376392 0.592030 
Ar 0.093050 -0.635914 0.146500 
Ar 0.296382 -0.465147 -0.146922 
Ar -0.358339 -0.267090 0.544755 
Ar -0.317883 -0.161744 0.082120 
Ar -0.116706 -0.194468 -0.271424 
Ar -0.681690 -0.083000 0.048568 
Ar -0.463661 -0.099640 -0.277802 
Ar 0.102453 0.120413 -0.358606 
Ar -0.219530 -0.463783 0.258650 
Ar 0.049032 -0.258101 0.037278 
Ar 0.476830 0.000750 -0.410380 
Ar -0.386121 0.068814 0.376908 
Ar -0.042073 0.088010 -0.026233 
Ar 0.358782 -0.038753 -0.063246 
Ar -0.407456 0.189788 -0.015789 
Ar -0.260596 0.219333 -0.347066 
Ar 0.319367 0.409781 -0.719174 
Ar -0.049895 -0.084339 0.360364 
Ar 0.296011 -0.298195 0.344884 
Ar 0.260677 0.121735 0.273355 
Ar -0.075681 0.275967 0.277765 
Ar 0.198140 0.359984 -0.016462 
Ar 0.573598 0.275564 0.019431 
Ar -0.156288 0.463920 -0.052703 
Ar 0.081200 0.462964 -0.352768 
Ar 0.454837 0.369544 -0.304034 
27

Ar -0.018010 -0.390208 0.589470 
Ar 0.091687 -0.634369 0.159638 
Ar 0.307249 -0.476036 -0.134116 
Ar -0.361128 -0.267123 0.536486 
Ar -0.310309 -0.166623 0.083918 
Ar -0.120888 -0.179480 -0.264816 
Ar -0.675125 -0.080674 0.056973 
Ar -0.472654 -0.103995 -0.268075 
Ar 0.110049 0.117640 -0.371894 
Ar -0.203291 -0.447868 0.257189 
Ar 0.050027 -0.266375 0.044028 
Ar 0.453727 0.008608 -0.418128 
Ar -0.375657 0.072524 0.381498 
Ar -0.044545 0.074588 -0.031401 
Ar 0.371002 -0.038541 -0.073067 
Ar -0.409075 0.199476 -0.015009 
Ar -0.260310 0.210020 -0.342731 
Ar 0.308647 0.404291 -0.731401 
Ar -0.033179 -0.090345 0.359409 
Ar 0.295464 -0.279317 0.348512 
Ar 0.240234 0.122931 0.282533 
Ar -0.072572 0.281532 0.294833 
Ar 0.202658 0.362238 -0.032895 
Ar 0.563463 0.279314 0.025375 
Ar -0.165369 0.452640 -0.051880 
Ar 0.068897 0.458341 -0.363573 
Ar 0.459008 0.376812 -0.320875 
27

Ar -0.008335 -0.404351 0.584296 
Ar 0.094201 -0.630984 0.171912 
Ar 0.317095 -0.484701 -0.119735 
Ar -0.364980 -0.264979 0.527028 
Ar -0.304111 -0.161726 0.081446 
Ar -0.123619 -0.166928 -0.263631 
Ar -0.666375 -0.077075 0.065924 
Ar -0.483671 -0.105527 -0.255542 
Ar 0.116486 0.104868 -0.381478 
Ar -0.185186 -0.436313 0.260727 
Ar 0.056144 -0.276815 0.053758 
Ar 0.435053 0.016760 -0.429991 
Ar -0.365151 0.076035 0.381435 
Ar -0.045735 0.070766 -0.030255 
Ar 0.375662 -0.037375 -0.076968 
Ar -0.414861 0.200136 -0.007889 
Ar -0.254845 0.199372 -0.338864 
Ar 0.297316 0.397728 -0.739298 
Ar -0.024907 -0.100651 0.357607 
Ar 0.291618 -0.260125 0.349387 
Ar 0.230927 0.122216 0.284529 
Ar -0.076356 0.290061 0.307582 
Ar 0.206410 0.359831 -0.048076 
Ar 0.552000 0.281002 0.032507 
Ar -0.168230 0.442478 -0.052115 
Ar 0.054969 0.463753 -0.374975 
Ar 0.458480 0.382543 -0.339321 
27

Ar 0.003096 -0.417532 0.577780 
Ar 0.103521 -0.629204 0.183111 
Ar 0.326075 -0.491324 -0.103924 
Ar -0.367954 -0.261562 0.517642 
Ar -0.299980 -0.149733 0.076430 
Ar -0.126506 -0.161787 -0.269007 
Ar -0.657595 -0.072762 0.077343 
Ar -0.494309 -0.104562 -0.242376 
Ar 0.106544 0.095404 -0.384036 
Ar -0.172432 -0.430275 0.269742 
Ar 0.067960 -0.284113 0.057185 
Ar 0.434564 0.021131 -0.447371 
Ar -0.355877 0.078283 0.376803 
Ar -0.041624 0.080310 -0.019129 
Ar 0.372882 -0.035681 -0.075915 
Ar -0.424490 0.191575 0.003780 
Ar -0.245558 0.187469 -0.334215 
Ar 0.285479 0.390046 -0.742715 
Ar -0.033102 -0.111126 0.358055 
Ar 0.290489 -0.243959 0.348344 
Ar 0.234962 0.122375 0.277957 
Ar -0.085190 0.301083 0.315156 
Ar 0.206192 0.352973 -0.063297 
Ar 0.541100 0.281077 0.039587 
Ar -0.162810 0.435143 -0.053467 
Ar 0.040874 0.470120 -0.386197 
Ar 0.453691 0.386630 -0.357265 
27

Ar 0.017625 -0.429275 0.573279 
Ar 0.119586 -0.630224 0.194064 
Ar 0.335490 -0.496758 -0.087626 
Ar -0.370751 -0.256957 0.510014 
Ar -0.294199 -0.139720 0.072656 
Ar -0.130069 -0.163077 -0.274009 
Ar -0.653795 -0.070621 0.094563 
Ar -0.502366 -0.101667 -0.232046 
Ar 0.089563 0.092337 -0.380921 
Ar -0.170640 -0.430631 0.276011 
Ar 0.081929 -0.283510 0.051470 
Ar 0.446731 0.023024 -0.466778 
Ar -0.351487 0.078607 0.368682 
Ar -0.033051 0.094079 -0.002569 
Ar 0.363166 -0.033427 -0.073253 
Ar -0.431061 0.183404 0.015661 
Ar -0.237914 0.176951 -0.326739 
Ar 0.273228 0.381240 -0.741544 
Ar -0.051489 -0.113406 0.360540 
Ar 0.295040 -0.232541 0.346634 
Ar 0.242780 0.123632 0.264276 
Ar -0.091810 0.313483 0.317072 
Ar 0.202216 0.343595 -0.080385 
Ar 0.532460 0.279684 0.047054 
Ar -0.153797 0.429027 -0.055319 
Ar 0.027824 0.473578 -0.396646 
Ar 0.444791 0.389170 -0.374139 
27

Ar 0.035805 -0.439045 0.570969 
Ar 0.138647 -0.631022 0.206212 
Ar 0.347385 -0.502146 -0.072235 
Ar -0.375424 -0.251589 0.505722 
Ar -0.284717 -0.138436 0.070652 
Ar -0.134865 -0.171892 -0.273178 
Ar -0.657249 -0.074324 0.118818 
Ar -0.507670 -0.097289 -0.225378 
Ar 0.088734 0.093646 -0.376829 
Ar -0.175635 -0.439465 0.271864 
Ar 0.091277 -0.274709 0.042644 
Ar 0.459062 0.025283 -0.484614 
Ar -0.356274 0.079902 0.359238 
Ar -0.025044 0.099628 0.016028 
Ar 0.347544 -0.030613 -0.071354 
Ar -0.430124 0.185886 0.023324 
Ar -0.242381 0.172623 -0.314486 
Ar 0.260553 0.371314 -0.735849 
Ar -0.064043 -0.107667 0.363185 
Ar 0.300867 -0.224967 0.344822 
Ar 0.248582 0.126188 0.246500 
Ar -0.093305 0.326507 0.313786 
Ar 0.200642 0.335502 -0.101148 
Ar 0.526035 0.277361 0.054861 
Ar -0.146780 0.425800 -0.057370 
Ar 0.016354 0.473288 -0.406188 
Ar 0.432023 0.390237 -0.389995 
27

Ar 0.055339 -0.446349 0.566635 
Ar 0.157389 -0.628907 0.220626 
Ar 0.361979 -0.506909 -0.058230 
Ar -0.381944 -0.247158 0.503572 
Ar -0.275859 -0.145822 0.069186 
Ar -0.139091 -0.184769 -0.267580 
Ar -0.661599 -0.081364 0.146541 
Ar -0.511277 -0.091643 -0.219418 
Ar 0.102844 0.096791 -0.372386 
Ar -0.180836 -0.452015 0.261097 
Ar 0.092689 -0.261911 0.035568 
Ar 0.468767 0.028539 -0.500225 
Ar -0.370264 0.085595 0.351587 
Ar -0.022868 0.093802 0.032601 
Ar 0.329573 -0.026951 -0.073809 
Ar -0.424788 0.196529 0.024760 
Ar -0.256367 0.172942 -0.298317 
Ar 0.247047 0.360132 -0.726399 
Ar -0.062949 -0.101035 0.364803 
Ar 0.304883 -0.220570 0.342468 
Ar 0.251951 0.130578 0.232731 
Ar -0.091520 0.338146 0.306960 
Ar 0.204901 0.330382 -0.124406 
Ar 0.522386 0.275367 0.061251 
Ar -0.143574 0.427302 -0.059448 
Ar 0.006559 0.469213 -0.414978 
Ar 0.416632 0.390083 -0.405189 
27

Ar 0.074379 -0.451040 0.557970 
Ar 0.174036 -0.623030 0.237664 
Ar 0.377559 -0.509015 -0.045295 
Ar -0.388129 -0.244259 0.500497 
Ar -0.274663 -0.158163 0.069940 
Ar -0.140862 -0.196069 -0.261055 
Ar -0.661751 -0.088488 0.174101 
Ar -0.514258 -0.085669 -0.211569 
Ar 0.118314 0.096992 -0.370243 
Ar -0.183149 -0.463593 0.249328 
Ar 0.085783 -0.254054 0.033240 
Ar 0.475560 0.032893 -0.513821 
Ar -0.386167 0.092545 0.348968 
Ar -0.029209 0.086589 0.038903 
Ar 0.316080 -0.021033 -0.085094 
Ar -0.419865 0.208920 0.021618 
Ar -0.267429 0.172828 -0.284070 
Ar 0.231024 0.347112 -0.716454 
Ar -0.053438 -0.095885 0.365261 
Ar 0.306313 -0.218831 0.338718 
Ar 0.253951 0.136695 0.233646 
Ar -0.088741 0.346680 0.298391 
Ar 0.210006 0.328500 -0.139275 
Ar 0.524249 0.275662 0.063061 
Ar -0.140824 0.432234 -0.061232 
Ar -0.001811 0.461620 -0.423118 
Ar 0.403041 0.389860 -0.420081 
27

Ar 0.091519 -0.452261 0.546642 
Ar 0.188551 -0.614152 0.255116 
Ar 0.392686 -0.507415 -0.033011 
Ar -0.392358 -0.242495 0.494273 
Ar -0.284791 -0.171402 0.075794 
Ar -0.140343 -0.203365 -0.256686 
Ar -0.657811 -0.095816 0.199453 
Ar -0.517743 -0.080960 -0.200869 
Ar 0.127169 0.090071 -0.378013 
Ar -0.181436 -0.473625 0.239590 
Ar 0.074804 -0.256793 0.036923 
Ar 0.479545 0.038220 -0.525667 
Ar -0.397433 0.098462 0.352248 
Ar -0.040829 0.086610 0.033692 
Ar 0.310526 -0.013519 -0.100300 
Ar -0.419946 0.220781 0.022459 
Ar -0.267153 0.170293 -0.280926 
Ar 0.208996 0.330736 -0.712732 
Ar -0.042652 -0.092066 0.364679 
Ar 0.305741 -0.219591 0.332851 
Ar 0.252272 0.142620 0.246083 
Ar -0.086016 0.351265 0.289579 
Ar 0.212272 0.333957 -0.135075 
Ar 0.531592 0.278283 0.059170 
Ar -0.135671 0.439778 -0.063547 
Ar -0.009084 0.450725 -0.429919 
Ar 0.397591 0.391657 -0.431804 
27

Ar 0.103254 -0.446026 0.541367 
Ar 0.203544 -0.606736 0.264234 
Ar 0.406625 -0.502041 -0.020966 
Ar -0.394035 -0.241823 0.483971 
Ar -0.302770 -0.180476 0.086575 
Ar -0.139093 -0.205716 -0.254411 
Ar -0.652335 -0.105185 0.221138 
Ar -0.521849 -0.077535 -0.187653 
Ar 0.127484 0.082824 -0.395648 
Ar -0.175221 -0.483501 0.233588 
Ar 0.065750 -0.266249 0.044912 
Ar 0.481001 0.044216 -0.536037 
Ar -0.400449 0.104852 0.360926 
Ar -0.053242 0.091662 0.021126 
Ar 0.311452 -0.009065 -0.108708 
Ar -0.424346 0.231796 0.028885 
Ar -0.254906 0.165578 -0.288696 
Ar 0.181200 0.309903 -0.716395 
Ar -0.034978 -0.089086 0.362664 
Ar 0.305138 -0.222611 0.324331 
Ar 0.246378 0.147601 0.259687 
Ar -0.083724 0.351720 0.281929 
Ar 0.211109 0.343550 -0.119817 
Ar 0.540138 0.280861 0.051936 
Ar -0.129575 0.449128 -0.067900 
Ar -0.015453 0.436859 -0.433706 
Ar 0.398903 0.395502 -0.437330 
27

Ar 0.106544 -0.429830 0.548481 
Ar 0.220277 -0.604785 0.260010 
Ar 0.419725 -0.492564 -0.009839 
Ar -0.392491 -0.242829 0.470085 
Ar -0.320697 -0.183708 0.100835 
Ar -0.138322 -0.203056 -0.251930 
Ar -0.647835 -0.116761 0.238872 
Ar -0.525616 -0.073418 -0.173503 
Ar 0.122067 0.079005 -0.416332 
Ar -0.165506 -0.493814 0.232038 
Ar 0.059745 -0.276686 0.053718 
Ar 0.480188 0.050567 -0.545196 
Ar -0.394737 0.113016 0.373302 
Ar -0.063968 0.094874 0.006111 
Ar 0.314647 -0.007749 -0.109054 
Ar -0.427862 0.241119 0.034091 
Ar -0.237526 0.159769 -0.299287 
Ar 0.153198 0.285685 -0.722318 
Ar -0.033145 -0.086360 0.358997 
Ar 0.307071 -0.226735 0.313004 
Ar 0.238339 0.151983 0.268995 
Ar -0.082358 0.348405 0.275969 
Ar 0.209353 0.351658 -0.103416 
Ar 0.546956 0.281820 0.043488 
Ar -0.126942 0.459475 -0.074519 
Ar -0.020836 0.421692 -0.433269 
Ar 0.399730 0.399225 -0.439334 
27

Ar 0.104414 -0.409106 0.558825 
Ar 0.233099 -0.604912 0.254354 
Ar 0.433932 -0.477642 -0.002314 
Ar -0.385673 -0.246844 0.456672 
Ar -0.329588 -0.183366 0.115706 
Ar -0.138118 -0.196663 -0.247494 
Ar -0.648430 -0.127007 0.253313 
Ar -0.528435 -0.067030 -0.160309 
Ar 0.115520 0.074636 -0.432289 
Ar -0.155278 -0.504480 0.235537 
Ar 0.056381 -0.284398 0.058521 
Ar 0.477205 0.056966 -0.553363 
Ar -0.382917 0.121784 0.385894 
Ar -0.070337 0.093044 -0.005093 
Ar 0.315796 -0.007261 -0.105260 
Ar -0.427793 0.247887 0.036580 
Ar -0.223753 0.152816 -0.310853 
Ar 0.128244 0.260592 -0.730191 
Ar -0.037798 -0.084005 0.354149 
Ar 0.312699 -0.230370 0.300058 
Ar 0.230864 0.155505 0.272249 
Ar -0.082988 0.342192 0.270667 
Ar 0.209513 0.355640 -0.088792 
Ar 0.551383 0.280738 0.034681 
Ar -0.130822 0.469902 -0.081918 
Ar -0.023355 0.409866 -0.429937 
Ar 0.396236 0.401517 -0.439396 
27

Ar 0.099636 -0.386904 0.565832 
Ar 0.238723 -0.605011 0.253935 
Ar 0.450055 -0.456566 0.000523 
Ar -0.372094 -0.255535 0.453062 
Ar -0.324160 -0.180247 0.122445 
Ar -0.138138 -0.189904 -0.240861 
Ar -0.657844 -0.132561 0.264765 
Ar -0.529798 -0.058296 -0.148765 
Ar 0.111905 0.064018 -0.437696 
Ar -0.146914 -0.515411 0.244577 
Ar 0.055298 -0.287651 0.056383 
Ar 0.472112 0.063058 -0.560768 
Ar -0.368083 0.128591 0.396085 
Ar -0.070518 0.086890 -0.007511 
Ar 0.313165 -0.006883 -0.099130 
Ar -0.423290 0.251717 0.037780 
Ar -0.222658 0.143895 -0.323602 
Ar 0.106412 0.238283 -0.743376 
Ar -0.046973 -0.082311 0.348574 
Ar 0.321295 -0.232134 0.287579 
Ar 0.226518 0.156987 0.269182 
Ar -0.086953 0.334759 0.264481 
Ar 0.209633 0.355555 -0.076194 
Ar 0.553914 0.277551 0.025903 
Ar -0.139957 0.478453 -0.088231 
Ar -0.018837 0.407509 -0.427505 
Ar 0.387551 0.402147 -0.437466 
27

Ar 0.093212 -0.363829 0.567515 
Ar 0.239252 -0.603195 0.256584 
Ar 0.465840 -0.431382 0.001061 
Ar -0.355112 -0.268020 0.461714 
Ar -0.309749 -0.174104 0.116951 
Ar -0.138490 -0.187544 -0.233445 
Ar -0.669579 -0.134585 0.273966 
Ar -0.529584 -0.048162 -0.139067 
Ar 0.112470 0.047956 -0.432745 
Ar -0.139808 -0.524678 0.257832 
Ar 0.055876 -0.287621 0.049714 
Ar 0.465150 0.068521 -0.567690 
Ar -0.353606 0.131011 0.403386 
Ar -0.065662 0.079733 -0.003686 
Ar 0.306545 -0.007187 -0.091042 
Ar -0.414227 0.252718 0.039273 
Ar -0.234348 0.136906 -0.335574 
Ar 0.086484 0.219372 -0.760379 
Ar -0.055576 -0.080737 0.343130 
Ar 0.330832 -0.230866 0.277042 
Ar 0.226220 0.155054 0.260381 
Ar -0.093808 0.328600 0.256449 
Ar 0.206111 0.352864 -0.065795 
Ar 0.555302 0.272270 0.017369 
Ar -0.151136 0.483493 -0.092662 
Ar -0.006576 0.412158 -0.427144 
Ar 0.373965 0.401255 -0.433140 
27

Ar 0.085487 -0.340469 0.563512 
Ar 0.237506 -0.597777 0.259580 
Ar 0.479900 -0.405237 -0.000251 
Ar -0.337676 -0.281064 0.473789 
Ar -0.296633 -0.169086 0.106410 
Ar -0.140725 -0.190585 -0.229081 
Ar -0.677056 -0.134980 0.281635 
Ar -0.528843 -0.037965 -0.132202 
Ar 0.114475 0.031960 -0.421631 
Ar -0.132483 -0.529886 0.273018 
Ar 0.059156 -0.287210 0.044336 
Ar 0.456705 0.073251 -0.574412 
Ar -0.344020 0.127650 0.409223 
Ar -0.057090 0.075111 -0.000015 
Ar 0.296932 -0.009395 -0.081515 
Ar -0.401462 0.251036 0.042418 
Ar -0.251138 0.135855 -0.345151 
Ar 0.067854 0.201759 -0.775575 
Ar -0.056049 -0.078306 0.340325 
Ar 0.338400 -0.225141 0.270099 
Ar 0.228706 0.149336 0.247785 
Ar -0.099743 0.326692 0.246506 
Ar 0.197466 0.349402 -0.058409 
Ar 0.555498 0.265053 0.009022 
Ar -0.161482 0.484963 -0.096205 
Ar 0.008469 0.416204 -0.427138 
Ar 0.357846 0.398831 -0.426074 
27

Ar 0.077318 -0.318812 0.555227 
Ar 0.235621 -0.588034 0.261848 
Ar 0.492707 -0.380498 -0.005424 
Ar -0.320377 -0.292097 0.484500 
Ar -0.290892 -0.169175 0.098081 
Ar -0.146113 -0.195511 -0.231778 
Ar -0.678831 -0.134307 0.287995 
Ar -0.529386 -0.029209 -0.129399 
Ar 0.115166 0.019374 -0.406904 
Ar -0.124598 -0.530303 0.288192 
Ar 0.066180 -0.288822 0.044167 
Ar 0.446950 0.077358 -0.581095 
Ar -0.341717 0.119124 0.414630 
Ar -0.046819 0.074091 -0.001942 
Ar 0.287981 -0.015271 -0.073247 
Ar -0.387992 0.245981 0.047851 
Ar -0.266849 0.139214 -0.351095 
Ar 0.050557 0.184412 -0.786171 
Ar -0.045781 -0.074481 0.340314 
Ar 0.341531 -0.213896 0.269191 
Ar 0.232528 0.141279 0.236358 
Ar -0.100577 0.330683 0.237092 
Ar 0.184883 0.347484 -0.055770 
Ar 0.553374 0.256191 0.000600 
Ar -0.168568 0.484392 -0.101061 
Ar 0.014876 0.416604 -0.426221 
Ar 0.348828 0.394232 -0.415938 
27

Ar 0.072122 -0.305024 0.548417 
Ar 0.235915 -0.573959 0.263061 
Ar 0.503926 -0.356912 -0.014197 
Ar -0.304032 -0.298287 0.493742 
Ar -0.290647 -0.173433 0.097498 
Ar -0.153171 -0.200007 -0.240382 
Ar -0.674972 -0.132610 0.293071 
Ar -0.532493 -0.023346 -0.131009 
Ar 0.113612 0.011732 -0.390351 
Ar -0.116681 -0.527274 0.301201 
Ar 0.073629 -0.293142 0.048053 
Ar 0.435705 0.080649 -0.587839 
Ar -0.344215 0.107248 0.418229 
Ar -0.042782 0.073757 -0.010466 
Ar 0.287158 -0.026878 -0.072114 
Ar -0.378210 0.236237 0.054642 
Ar -0.278552 0.144976 -0.352849 
Ar 0.034659 0.167176 -0.791746 
Ar -0.032657 -0.065733 0.335698 
Ar 0.340816 -0.199748 0.274644 
Ar 0.237572 0.136657 0.232650 
Ar -0.093729 0.339009 0.232668 
Ar 0.172003 0.349332 -0.059167 
Ar 0.547636 0.245995 -0.008170 
Ar -0.171851 0.483492 -0.108689 
Ar 0.003365 0.413189 -0.424648 
Ar 0.355873 0.386904 -0.401946 
27

Ar 0.073508 -0.303378 0.548223 
Ar 0.241002 -0.556400 0.263370 
Ar 0.512314 -0.333130 -0.023764 
Ar -0.291543 -0.296237 0.503023 
Ar -0.292667 -0.179210 0.104193 
Ar -0.161142 -0.203747 -0.250147 
Ar -0.665580 -0.129830 0.296821 
Ar -0.537870 -0.021885 -0.136001 
Ar 0.109598 0.010305 -0.374827 
Ar -0.109460 -0.523913 0.309263 
Ar 0.076954 -0.299443 0.053260 
Ar 0.422594 0.082453 -0.594816 
Ar -0.348572 0.093035 0.418686 
Ar -0.048811 0.071082 -0.023315 
Ar 0.297177 -0.042313 -0.077576 
Ar -0.372456 0.222809 0.062137 
Ar -0.285214 0.152025 -0.350380 
Ar 0.020134 0.150097 -0.792562 
Ar -0.026001 -0.050557 0.322179 
Ar 0.339566 -0.189252 0.284418 
Ar 0.245226 0.144309 0.233851 
Ar -0.079589 0.348321 0.233524 
Ar 0.163261 0.354539 -0.067353 
Ar 0.537779 0.234986 -0.017527 
Ar -0.174553 0.482215 -0.116921 
Ar -0.014172 0.405062 -0.423967 
Ar 0.368520 0.378060 -0.383791 
27

Ar 0.080596 -0.306760 0.550082 
Ar 0.252568 -0.537839 0.263919 
Ar 0.519834 -0.311982 -0.031407 
Ar -0.285015 -0.285066 0.512554 
Ar -0.296196 -0.185057 0.114518 
Ar -0.170937 -0.207149 -0.257649 
Ar -0.650835 -0.126068 0.299098 
Ar -0.544057 -0.025317 -0.142595 
Ar 0.102957 0.016160 -0.363748 
Ar -0.104215 -0.522198 0.311263 
Ar 0.074611 -0.304433 0.057355 
Ar 0.407077 0.082739 -0.601824 
Ar -0.353864 0.077038 0.416469 
Ar -0.057555 0.066598 -0.038970 
Ar 0.309451 -0.054718 -0.082143 
Ar -0.367881 0.208720 0.070977 
Ar -0.287525 0.158819 -0.343567 
Ar 0.006966 0.133270 -0.788844 
Ar -0.026197 -0.037357 0.307371 
Ar 0.339163 -0.184441 0.295736 
Ar 0.257449 0.165381 0.231713 
Ar -0.062483 0.355443 0.235621 
Ar 0.159541 0.359550 -0.077480 
Ar 0.524864 0.224609 -0.027639 
Ar -0.181234 0.479946 -0.120871 
Ar -0.026930 0.391941 -0.427245 
Ar 0.379849 0.368170 -0.362695 
27

Ar 0.090932 -0.310037 0.550285 
Ar 0.269425 -0.522526 0.266115 
Ar 0.535208 -0.303718 -0.034077 
Ar -0.282201 -0.268784 0.520507 
Ar -0.301273 -0.190657 0.125176 
Ar -0.182940 -0.210536 -0.262213 
Ar -0.632643 -0.122484 0.299243 
Ar -0.549088 -0.032483 -0.148753 
Ar 0.095145 0.028597 -0.360019 
Ar -0.101837 -0.520863 0.309313 
Ar 0.067211 -0.304119 0.058174 
Ar 0.388686 0.082430 -0.608080 
Ar -0.359067 0.061668 0.414034 
Ar -0.063624 0.062615 -0.053885 
Ar 0.308371 -0.055589 -0.084716 
Ar -0.364192 0.195838 0.080429 
Ar -0.288778 0.162450 -0.332081 
Ar -0.004778 0.116845 -0.780560 
Ar -0.026165 -0.028072 0.295836 
Ar 0.338723 -0.178598 0.305323 
Ar 0.272173 0.190013 0.226162 
Ar -0.046916 0.359387 0.235845 
Ar 0.156781 0.361581 -0.085956 
Ar 0.513266 0.218095 -0.038160 
Ar -0.192568 0.475868 -0.119094 
Ar -0.030472 0.376397 -0.435480 
Ar 0.390622 0.356686 -0.343367 
27

Ar 0.101284 -0.312409 0.548331 
Ar 0.287501 -0.513423 0.269003 
Ar 0.557385 -0.305888 -0.031828 
Ar -0.278607 -0.255799 0.526801 
Ar -0.306095 -0.196354 0.133495 
Ar -0.196440 -0.213601 -0.264356 
Ar -0.619154 -0.123348 0.294966 
Ar -0.551604 -0.042127 -0.152674 
Ar 0.089350 0.043846 -0.368131 
Ar -0.101478 -0.518063 0.306039 
Ar 0.056975 -0.298317 0.055869 
Ar 0.367420 0.082459 -0.613034 
Ar -0.358820 0.056445 0.415798 
Ar -0.067050 0.060092 -0.059903 
Ar 0.290796 -0.051351 -0.085082 
Ar -0.362372 0.185021 0.088002 
Ar -0.292778 0.161456 -0.317113 
Ar -0.014936 0.101028 -0.767475 
Ar -0.021504 -0.020466 0.288099 
Ar 0.338347 -0.164854 0.310633 
Ar 0.286238 0.210323 0.221831 
Ar -0.036670 0.360984 0.233261 
Ar 0.149345 0.360252 -0.090142 
Ar 0.511616 0.217021 -0.045346 
Ar -0.205510 0.468691 -0.114434 
Ar -0.025011 0.363204 -0.446516 
Ar 0.401774 0.345178 -0.336096 
27

Ar 0.109488 -0.314090 0.544561 
Ar 0.303683 -0.508303 0.270784 
Ar 0.577825 -0.308548 -0.026743 
Ar -0.270938 -0.253836 0.533069 
Ar -0.306088 -0.202330 0.137588 
Ar -0.210191 -0.215288 -0.264034 
Ar -0.617895 -0.130582 0.285849 
Ar -0.551675 -0.054008 -0.152946 
Ar 0.086868 0.051936 -0.383601 
Ar -0.102036 -0.513066 0.302895 
Ar 0.045993 -0.290455 0.052190 
Ar 0.344888 0.083322 -0.617932 
Ar -0.350022 0.069610 0.424383 
Ar -0.067555 0.057537 -0.055822 
Ar 0.268907 -0.048955 -0.081699 
Ar -0.363610 0.176908 0.091142 
Ar -0.299323 0.158717 -0.303259 
Ar -0.023454 0.086025 -0.749618 
Ar -0.013137 -0.013707 0.285151 
Ar 0.338155 -0.143158 0.310230 
Ar 0.297775 0.224262 0.222567 
Ar -0.034326 0.361024 0.228578 
Ar 0.138723 0.355877 -0.093273 
Ar 0.524348 0.215180 -0.043384 
Ar -0.217642 0.458592 -0.108823 
Ar -0.017255 0.359991 -0.459320 
Ar 0.408495 0.337345 -0.348532 
